<?xml version="1.0" encoding="UTF-8"?>
<coverage generated="1790024052324" clover="3.2.0">
  <project timestamp="1790024052324" name="All files">
    <metrics statements="1804" coveredstatements="1540" conditionals="1157" coveredconditionals="890" methods="345" coveredmethods="303" elements="3306" coveredelements="2733" complexity="0" loc="1804" ncloc="1804" packages="1" files="23" classes="23"/>
    <file name="account.ts" path="/Users/mattiazeminian/roam/src/services/account.ts">
      <metrics statements="49" coveredstatements="37" conditionals="44" coveredconditionals="34" methods="10" coveredmethods="8"/>
      <line num="28" count="1" type="stmt"/>
      <line num="31" count="8" type="stmt"/>
      <line num="36" count="0" type="stmt"/>
      <line num="37" count="0" type="stmt"/>
      <line num="39" count="0" type="stmt"/>
      <line num="55" count="6" type="stmt"/>
      <line num="56" count="6" type="cond" truecount="4" falsecount="0"/>
      <line num="57" count="2" type="stmt"/>
      <line num="60" count="4" type="cond" truecount="2" falsecount="0"/>
      <line num="61" count="4" type="cond" truecount="2" falsecount="0"/>
      <line num="62" count="4" type="cond" truecount="2" falsecount="0"/>
      <line num="64" count="4" type="cond" truecount="4" falsecount="0"/>
      <line num="68" count="4" type="stmt"/>
      <line num="72" count="1" type="cond" truecount="3" falsecount="1"/>
      <line num="73" count="0" type="stmt"/>
      <line num="75" count="1" type="stmt"/>
      <line num="76" count="1" type="cond" truecount="3" falsecount="1"/>
      <line num="77" count="0" type="stmt"/>
      <line num="79" count="1" type="stmt"/>
      <line num="87" count="4" type="stmt"/>
      <line num="88" count="4" type="cond" truecount="2" falsecount="0"/>
      <line num="89" count="2" type="stmt"/>
      <line num="91" count="2" type="stmt"/>
      <line num="92" count="2" type="stmt"/>
      <line num="94" count="1" type="stmt"/>
      <line num="99" count="2" type="stmt"/>
      <line num="100" count="2" type="cond" truecount="1" falsecount="1"/>
      <line num="101" count="0" type="stmt"/>
      <line num="103" count="2" type="stmt"/>
      <line num="104" count="2" type="cond" truecount="1" falsecount="1"/>
      <line num="105" count="2" type="stmt"/>
      <line num="107" count="2" type="stmt"/>
      <line num="111" count="2" type="stmt"/>
      <line num="112" count="2" type="cond" truecount="2" falsecount="0"/>
      <line num="113" count="1" type="stmt"/>
      <line num="127" count="3" type="stmt"/>
      <line num="128" count="3" type="stmt"/>
      <line num="129" count="2" type="cond" truecount="2" falsecount="0"/>
      <line num="130" count="1" type="stmt"/>
      <line num="132" count="1" type="cond" truecount="1" falsecount="1"/>
      <line num="133" count="1" type="stmt"/>
      <line num="135" count="0" type="stmt"/>
      <line num="137" count="1" type="stmt"/>
      <line num="143" count="0" type="stmt"/>
      <line num="149" count="0" type="stmt"/>
      <line num="150" count="0" type="cond" truecount="0" falsecount="2"/>
      <line num="151" count="0" type="stmt"/>
      <line num="153" count="0" type="stmt"/>
      <line num="162" count="1" type="stmt"/>
    </file>
    <file name="background-location.ts" path="/Users/mattiazeminian/roam/src/services/background-location.ts">
      <metrics statements="41" coveredstatements="22" conditionals="24" coveredconditionals="16" methods="7" coveredmethods="2"/>
      <line num="29" count="1" type="stmt"/>
      <line num="33" count="1" type="stmt"/>
      <line num="37" count="0" type="stmt"/>
      <line num="41" count="6" type="cond" truecount="4" falsecount="0"/>
      <line num="42" count="1" type="stmt"/>
      <line num="44" count="5" type="stmt"/>
      <line num="45" count="5" type="cond" truecount="4" falsecount="0"/>
      <line num="46" count="1" type="stmt"/>
      <line num="48" count="4" type="cond" truecount="2" falsecount="0"/>
      <line num="60" count="6" type="cond" truecount="2" falsecount="0"/>
      <line num="61" count="1" type="stmt"/>
      <line num="63" count="5" type="stmt"/>
      <line num="64" count="5" type="cond" truecount="2" falsecount="0"/>
      <line num="65" count="3" type="stmt"/>
      <line num="67" count="2" type="stmt"/>
      <line num="68" count="2" type="stmt"/>
      <line num="69" count="6" type="cond" truecount="2" falsecount="0"/>
      <line num="70" count="3" type="stmt"/>
      <line num="72" count="3" type="stmt"/>
      <line num="73" count="3" type="stmt"/>
      <line num="75" count="2" type="stmt"/>
      <line num="81" count="1" type="stmt"/>
      <line num="82" count="0" type="cond" truecount="0" falsecount="2"/>
      <line num="83" count="0" type="stmt"/>
      <line num="85" count="0" type="stmt"/>
      <line num="95" count="1" type="stmt"/>
      <line num="109" count="0" type="stmt"/>
      <line num="110" count="0" type="stmt"/>
      <line num="111" count="0" type="stmt"/>
      <line num="113" count="0" type="stmt"/>
      <line num="123" count="0" type="stmt"/>
      <line num="124" count="0" type="cond" truecount="0" falsecount="2"/>
      <line num="125" count="0" type="stmt"/>
      <line num="127" count="0" type="cond" truecount="0" falsecount="2"/>
      <line num="128" count="0" type="stmt"/>
      <line num="130" count="0" type="stmt"/>
      <line num="131" count="0" type="stmt"/>
      <line num="133" count="0" type="stmt"/>
      <line num="139" count="0" type="stmt"/>
      <line num="140" count="0" type="cond" truecount="0" falsecount="2"/>
      <line num="141" count="0" type="stmt"/>
    </file>
    <file name="geo.ts" path="/Users/mattiazeminian/roam/src/services/geo.ts">
      <metrics statements="63" coveredstatements="42" conditionals="19" coveredconditionals="6" methods="8" coveredmethods="6"/>
      <line num="10" count="72" type="stmt"/>
      <line num="11" count="72" type="stmt"/>
      <line num="14" count="6825081" type="stmt"/>
      <line num="19" count="1686199" type="stmt"/>
      <line num="20" count="1686199" type="stmt"/>
      <line num="21" count="1686199" type="stmt"/>
      <line num="22" count="1686199" type="stmt"/>
      <line num="23" count="1686199" type="stmt"/>
      <line num="24" count="1686199" type="stmt"/>
      <line num="29" count="0" type="stmt"/>
      <line num="30" count="0" type="stmt"/>
      <line num="31" count="0" type="stmt"/>
      <line num="33" count="0" type="stmt"/>
      <line num="38" count="12" type="stmt"/>
      <line num="39" count="12" type="stmt"/>
      <line num="40" count="12" type="stmt"/>
      <line num="41" count="51" type="stmt"/>
      <line num="43" count="12" type="stmt"/>
      <line num="52" count="464" type="stmt"/>
      <line num="55" count="464" type="stmt"/>
      <line num="56" count="464" type="stmt"/>
      <line num="83" count="109" type="cond" truecount="1" falsecount="1"/>
      <line num="84" count="0" type="stmt"/>
      <line num="87" count="109" type="stmt"/>
      <line num="88" count="109" type="stmt"/>
      <line num="90" count="109" type="stmt"/>
      <line num="91" count="232" type="stmt"/>
      <line num="92" count="232" type="stmt"/>
      <line num="93" count="232" type="stmt"/>
      <line num="94" count="232" type="stmt"/>
      <line num="95" count="232" type="stmt"/>
      <line num="97" count="232" type="stmt"/>
      <line num="99" count="232" type="cond" truecount="1" falsecount="1"/>
      <line num="103" count="232" type="stmt"/>
      <line num="104" count="232" type="stmt"/>
      <line num="105" count="232" type="stmt"/>
      <line num="107" count="232" type="cond" truecount="4" falsecount="0"/>
      <line num="108" count="133" type="stmt"/>
      <line num="109" count="133" type="stmt"/>
      <line num="118" count="109" type="stmt"/>
      <line num="123" count="26607" type="stmt"/>
      <line num="124" count="26607" type="stmt"/>
      <line num="125" count="26607" type="stmt"/>
      <line num="126" count="26607" type="stmt"/>
      <line num="127" count="26607" type="stmt"/>
      <line num="128" count="26607" type="stmt"/>
      <line num="129" count="26607" type="stmt"/>
      <line num="138" count="0" type="cond" truecount="0" falsecount="4"/>
      <line num="139" count="0" type="stmt"/>
      <line num="141" count="0" type="stmt"/>
      <line num="142" count="0" type="cond" truecount="0" falsecount="2"/>
      <line num="143" count="0" type="stmt"/>
      <line num="146" count="0" type="stmt"/>
      <line num="147" count="0" type="stmt"/>
      <line num="148" count="0" type="cond" truecount="0" falsecount="2"/>
      <line num="149" count="0" type="stmt"/>
      <line num="150" count="0" type="stmt"/>
      <line num="154" count="0" type="stmt"/>
      <line num="155" count="0" type="stmt"/>
      <line num="156" count="0" type="cond" truecount="0" falsecount="2"/>
      <line num="157" count="0" type="stmt"/>
      <line num="161" count="0" type="stmt"/>
      <line num="164" count="0" type="stmt"/>
    </file>
    <file name="location.ts" path="/Users/mattiazeminian/roam/src/services/location.ts">
      <metrics statements="33" coveredstatements="14" conditionals="12" coveredconditionals="9" methods="16" coveredmethods="7"/>
      <line num="54" count="32" type="stmt"/>
      <line num="63" count="32" type="stmt"/>
      <line num="64" count="32" type="stmt"/>
      <line num="74" count="0" type="stmt"/>
      <line num="75" count="0" type="stmt"/>
      <line num="84" count="0" type="stmt"/>
      <line num="85" count="0" type="stmt"/>
      <line num="90" count="0" type="stmt"/>
      <line num="93" count="0" type="stmt"/>
      <line num="101" count="0" type="stmt"/>
      <line num="102" count="0" type="stmt"/>
      <line num="104" count="0" type="stmt"/>
      <line num="106" count="0" type="stmt"/>
      <line num="109" count="0" type="cond" truecount="0" falsecount="2"/>
      <line num="110" count="0" type="stmt"/>
      <line num="112" count="0" type="stmt"/>
      <line num="115" count="0" type="stmt"/>
      <line num="117" count="0" type="stmt"/>
      <line num="119" count="0" type="stmt"/>
      <line num="120" count="0" type="stmt"/>
      <line num="136" count="2" type="stmt"/>
      <line num="154" count="27" type="stmt"/>
      <line num="155" count="27" type="stmt"/>
      <line num="165" count="27" type="stmt"/>
      <line num="167" count="29" type="stmt"/>
      <line num="168" count="2" type="stmt"/>
      <line num="171" count="27" type="cond" truecount="1" falsecount="1"/>
      <line num="172" count="0" type="stmt"/>
      <line num="174" count="27" type="stmt"/>
      <line num="177" count="0" type="stmt"/>
      <line num="179" count="27" type="stmt"/>
      <line num="181" count="27" type="stmt"/>
      <line num="182" count="27" type="stmt"/>
    </file>
    <file name="profile.ts" path="/Users/mattiazeminian/roam/src/services/profile.ts">
      <metrics statements="61" coveredstatements="33" conditionals="34" coveredconditionals="19" methods="10" coveredmethods="6"/>
      <line num="23" count="1" type="stmt"/>
      <line num="29" count="1" type="stmt"/>
      <line num="30" count="1" type="stmt"/>
      <line num="32" count="1" type="stmt"/>
      <line num="33" count="1" type="stmt"/>
      <line num="36" count="14" type="stmt"/>
      <line num="40" count="12" type="cond" truecount="4" falsecount="0"/>
      <line num="41" count="7" type="stmt"/>
      <line num="43" count="5" type="cond" truecount="4" falsecount="0"/>
      <line num="44" count="1" type="stmt"/>
      <line num="46" count="4" type="stmt"/>
      <line num="50" count="24" type="cond" truecount="2" falsecount="0"/>
      <line num="51" count="15" type="stmt"/>
      <line num="53" count="9" type="stmt"/>
      <line num="54" count="9" type="cond" truecount="2" falsecount="0"/>
      <line num="58" count="12" type="cond" truecount="3" falsecount="1"/>
      <line num="59" count="0" type="stmt"/>
      <line num="61" count="12" type="stmt"/>
      <line num="62" count="12" type="stmt"/>
      <line num="70" count="8" type="stmt"/>
      <line num="71" count="8" type="cond" truecount="2" falsecount="0"/>
      <line num="72" count="1" type="stmt"/>
      <line num="74" count="7" type="stmt"/>
      <line num="75" count="7" type="stmt"/>
      <line num="77" count="1" type="stmt"/>
      <line num="82" count="6" type="stmt"/>
      <line num="83" count="6" type="cond" truecount="1" falsecount="1"/>
      <line num="84" count="0" type="stmt"/>
      <line num="86" count="6" type="stmt"/>
      <line num="87" count="6" type="cond" truecount="1" falsecount="1"/>
      <line num="88" count="6" type="stmt"/>
      <line num="90" count="6" type="stmt"/>
      <line num="91" count="6" type="stmt"/>
      <line num="92" count="6" type="stmt"/>
      <line num="93" count="0" type="stmt"/>
      <line num="99" count="1" type="stmt"/>
      <line num="107" count="0" type="stmt"/>
      <line num="108" count="0" type="stmt"/>
      <line num="109" count="0" type="stmt"/>
      <line num="132" count="0" type="stmt"/>
      <line num="134" count="0" type="stmt"/>
      <line num="136" count="0" type="stmt"/>
      <line num="141" count="0" type="stmt"/>
      <line num="142" count="0" type="cond" truecount="0" falsecount="2"/>
      <line num="143" count="0" type="stmt"/>
      <line num="146" count="0" type="stmt"/>
      <line num="147" count="0" type="stmt"/>
      <line num="148" count="0" type="cond" truecount="0" falsecount="2"/>
      <line num="149" count="0" type="stmt"/>
      <line num="152" count="0" type="stmt"/>
      <line num="160" count="0" type="cond" truecount="0" falsecount="4"/>
      <line num="161" count="0" type="stmt"/>
      <line num="164" count="0" type="stmt"/>
      <line num="165" count="0" type="cond" truecount="0" falsecount="2"/>
      <line num="166" count="0" type="stmt"/>
      <line num="168" count="0" type="stmt"/>
      <line num="169" count="0" type="cond" truecount="0" falsecount="2"/>
      <line num="170" count="0" type="stmt"/>
      <line num="172" count="0" type="stmt"/>
      <line num="173" count="0" type="stmt"/>
      <line num="176" count="0" type="stmt"/>
    </file>
    <file name="route-context.tsx" path="/Users/mattiazeminian/roam/src/services/route-context.tsx">
      <metrics statements="128" coveredstatements="96" conditionals="51" coveredconditionals="31" methods="19" coveredmethods="15"/>
      <line num="70" count="1" type="stmt"/>
      <line num="86" count="44" type="stmt"/>
      <line num="87" count="44" type="stmt"/>
      <line num="88" count="44" type="stmt"/>
      <line num="89" count="44" type="stmt"/>
      <line num="90" count="44" type="stmt"/>
      <line num="91" count="44" type="stmt"/>
      <line num="92" count="44" type="stmt"/>
      <line num="93" count="44" type="stmt"/>
      <line num="95" count="44" type="stmt"/>
      <line num="96" count="44" type="stmt"/>
      <line num="97" count="44" type="stmt"/>
      <line num="99" count="44" type="stmt"/>
      <line num="101" count="44" type="stmt"/>
      <line num="103" count="44" type="stmt"/>
      <line num="109" count="44" type="stmt"/>
      <line num="111" count="44" type="stmt"/>
      <line num="112" count="9" type="stmt"/>
      <line num="113" count="9" type="stmt"/>
      <line num="114" count="9" type="stmt"/>
      <line num="115" count="9" type="stmt"/>
      <line num="116" count="9" type="stmt"/>
      <line num="117" count="9" type="stmt"/>
      <line num="120" count="44" type="stmt"/>
      <line num="122" count="7" type="cond" truecount="1" falsecount="1"/>
      <line num="123" count="0" type="stmt"/>
      <line num="125" count="7" type="stmt"/>
      <line num="126" count="7" type="stmt"/>
      <line num="128" count="7" type="stmt"/>
      <line num="129" count="7" type="stmt"/>
      <line num="130" count="7" type="stmt"/>
      <line num="131" count="7" type="stmt"/>
      <line num="133" count="7" type="stmt"/>
      <line num="134" count="7" type="cond" truecount="1" falsecount="1"/>
      <line num="147" count="7" type="stmt"/>
      <line num="148" count="7" type="stmt"/>
      <line num="149" count="7" type="stmt"/>
      <line num="150" count="7" type="stmt"/>
      <line num="151" count="7" type="stmt"/>
      <line num="153" count="0" type="stmt"/>
      <line num="154" count="0" type="stmt"/>
      <line num="155" count="0" type="cond" truecount="0" falsecount="2"/>
      <line num="156" count="0" type="stmt"/>
      <line num="157" count="0" type="stmt"/>
      <line num="159" count="0" type="stmt"/>
      <line num="160" count="0" type="stmt"/>
      <line num="162" count="0" type="stmt"/>
      <line num="164" count="7" type="stmt"/>
      <line num="170" count="44" type="stmt"/>
      <line num="171" count="0" type="stmt"/>
      <line num="172" count="0" type="cond" truecount="0" falsecount="2"/>
      <line num="173" count="0" type="stmt"/>
      <line num="175" count="0" type="stmt"/>
      <line num="178" count="44" type="stmt"/>
      <line num="181" count="1" type="stmt"/>
      <line num="182" count="1" type="stmt"/>
      <line num="187" count="44" type="stmt"/>
      <line num="189" count="0" type="stmt"/>
      <line num="190" count="0" type="stmt"/>
      <line num="191" count="0" type="stmt"/>
      <line num="192" count="0" type="stmt"/>
      <line num="193" count="0" type="stmt"/>
      <line num="194" count="0" type="stmt"/>
      <line num="195" count="0" type="stmt"/>
      <line num="200" count="44" type="stmt"/>
      <line num="201" count="0" type="stmt"/>
      <line num="202" count="0" type="stmt"/>
      <line num="203" count="0" type="cond" truecount="0" falsecount="2"/>
      <line num="206" count="44" type="stmt"/>
      <line num="207" count="44" type="cond" truecount="2" falsecount="0"/>
      <line num="211" count="44" type="stmt"/>
      <line num="212" count="26" type="cond" truecount="4" falsecount="0"/>
      <line num="213" count="17" type="stmt"/>
      <line num="215" count="9" type="stmt"/>
      <line num="216" count="18" type="cond" truecount="2" falsecount="0"/>
      <line num="220" count="44" type="stmt"/>
      <line num="222" count="10" type="cond" truecount="1" falsecount="1"/>
      <line num="223" count="0" type="stmt"/>
      <line num="225" count="10" type="cond" truecount="1" falsecount="1"/>
      <line num="226" count="0" type="stmt"/>
      <line num="227" count="0" type="stmt"/>
      <line num="228" count="0" type="stmt"/>
      <line num="231" count="10" type="stmt"/>
      <line num="233" count="10" type="stmt"/>
      <line num="234" count="10" type="stmt"/>
      <line num="235" count="10" type="stmt"/>
      <line num="237" count="10" type="stmt"/>
      <line num="238" count="10" type="stmt"/>
      <line num="243" count="9" type="cond" truecount="1" falsecount="1"/>
      <line num="244" count="0" type="stmt"/>
      <line num="246" count="9" type="stmt"/>
      <line num="247" count="9" type="stmt"/>
      <line num="248" count="9" type="stmt"/>
      <line num="250" count="1" type="cond" truecount="1" falsecount="1"/>
      <line num="251" count="0" type="stmt"/>
      <line num="254" count="1" type="stmt"/>
      <line num="255" count="1" type="stmt"/>
      <line num="256" count="1" type="stmt"/>
      <line num="257" count="1" type="stmt"/>
      <line num="265" count="44" type="stmt"/>
      <line num="267" count="1" type="cond" truecount="1" falsecount="1"/>
      <line num="268" count="1" type="cond" truecount="3" falsecount="1"/>
      <line num="269" count="0" type="stmt"/>
      <line num="271" count="1" type="cond" truecount="1" falsecount="1"/>
      <line num="276" count="44" type="stmt"/>
      <line num="278" count="8" type="cond" truecount="2" falsecount="0"/>
      <line num="279" count="8" type="stmt"/>
      <line num="284" count="44" type="stmt"/>
      <line num="285" count="1" type="cond" truecount="1" falsecount="1"/>
      <line num="286" count="1" type="cond" truecount="1" falsecount="1"/>
      <line num="287" count="0" type="stmt"/>
      <line num="289" count="1" type="stmt"/>
      <line num="292" count="44" type="stmt"/>
      <line num="295" count="1" type="stmt"/>
      <line num="296" count="1" type="cond" truecount="2" falsecount="0"/>
      <line num="297" count="1" type="stmt"/>
      <line num="298" count="1" type="stmt"/>
      <line num="299" count="1" type="stmt"/>
      <line num="300" count="1" type="stmt"/>
      <line num="303" count="44" type="stmt"/>
      <line num="304" count="1" type="stmt"/>
      <line num="307" count="44" type="stmt"/>
      <line num="308" count="44" type="stmt"/>
      <line num="353" count="44" type="stmt"/>
      <line num="359" count="44" type="stmt"/>
      <line num="360" count="44" type="cond" truecount="1" falsecount="1"/>
      <line num="361" count="0" type="stmt"/>
      <line num="363" count="44" type="stmt"/>
    </file>
    <file name="route-identity.ts" path="/Users/mattiazeminian/roam/src/services/route-identity.ts">
      <metrics statements="22" coveredstatements="21" conditionals="6" coveredconditionals="4" methods="5" coveredmethods="5"/>
      <line num="23" count="4" type="stmt"/>
      <line num="26" count="4" type="stmt"/>
      <line num="29" count="424" type="stmt"/>
      <line num="33" count="212" type="stmt"/>
      <line num="38" count="38" type="cond" truecount="1" falsecount="1"/>
      <line num="39" count="0" type="stmt"/>
      <line num="41" count="38" type="stmt"/>
      <line num="42" count="38" type="stmt"/>
      <line num="43" count="38" type="stmt"/>
      <line num="44" count="134" type="stmt"/>
      <line num="46" count="38" type="stmt"/>
      <line num="47" count="38" type="cond" truecount="2" falsecount="0"/>
      <line num="48" count="2" type="stmt"/>
      <line num="50" count="38" type="stmt"/>
      <line num="55" count="38" type="stmt"/>
      <line num="56" count="38" type="stmt"/>
      <line num="57" count="3034" type="stmt"/>
      <line num="59" count="38" type="stmt"/>
      <line num="69" count="38" type="stmt"/>
      <line num="70" count="38" type="cond" truecount="1" falsecount="1"/>
      <line num="71" count="38" type="stmt"/>
      <line num="72" count="38" type="stmt"/>
    </file>
    <file name="route-popularity.ts" path="/Users/mattiazeminian/roam/src/services/route-popularity.ts">
      <metrics statements="12" coveredstatements="12" conditionals="8" coveredconditionals="8" methods="3" coveredmethods="3"/>
      <line num="24" count="1" type="stmt"/>
      <line num="30" count="5" type="stmt"/>
      <line num="31" count="5" type="stmt"/>
      <line num="32" count="9" type="cond" truecount="2" falsecount="0"/>
      <line num="33" count="1" type="stmt"/>
      <line num="35" count="8" type="stmt"/>
      <line num="36" count="8" type="cond" truecount="2" falsecount="0"/>
      <line num="38" count="5" type="stmt"/>
      <line num="47" count="4" type="cond" truecount="2" falsecount="0"/>
      <line num="48" count="2" type="stmt"/>
      <line num="50" count="2" type="cond" truecount="2" falsecount="0"/>
      <line num="55" count="1" type="stmt"/>
    </file>
    <file name="route-quality.ts" path="/Users/mattiazeminian/roam/src/services/route-quality.ts">
      <metrics statements="208" coveredstatements="203" conditionals="89" coveredconditionals="78" methods="20" coveredmethods="20"/>
      <line num="20" count="72" type="stmt"/>
      <line num="24" count="72" type="stmt"/>
      <line num="27" count="72" type="stmt"/>
      <line num="36" count="72" type="stmt"/>
      <line num="40" count="4666745" type="stmt"/>
      <line num="41" count="4666745" type="cond" truecount="2" falsecount="0"/>
      <line num="50" count="69" type="cond" truecount="1" falsecount="1"/>
      <line num="51" count="0" type="stmt"/>
      <line num="54" count="69" type="stmt"/>
      <line num="55" count="69" type="stmt"/>
      <line num="56" count="4275" type="stmt"/>
      <line num="58" count="69" type="stmt"/>
      <line num="59" count="69" type="cond" truecount="1" falsecount="1"/>
      <line num="60" count="0" type="stmt"/>
      <line num="63" count="69" type="stmt"/>
      <line num="64" count="69" type="stmt"/>
      <line num="65" count="69" type="stmt"/>
      <line num="67" count="69" type="stmt"/>
      <line num="68" count="24376" type="stmt"/>
      <line num="69" count="24376" type="cond" truecount="2" falsecount="0"/>
      <line num="70" count="4206" type="stmt"/>
      <line num="72" count="24376" type="stmt"/>
      <line num="73" count="24376" type="stmt"/>
      <line num="74" count="24376" type="cond" truecount="1" falsecount="1"/>
      <line num="75" count="24376" type="stmt"/>
      <line num="76" count="24376" type="stmt"/>
      <line num="77" count="24376" type="stmt"/>
      <line num="78" count="24376" type="stmt"/>
      <line num="84" count="69" type="stmt"/>
      <line num="104" count="71" type="cond" truecount="2" falsecount="0"/>
      <line num="105" count="2" type="stmt"/>
      <line num="108" count="69" type="stmt"/>
      <line num="109" count="69" type="cond" truecount="1" falsecount="1"/>
      <line num="110" count="0" type="stmt"/>
      <line num="113" count="69" type="stmt"/>
      <line num="114" count="69" type="stmt"/>
      <line num="115" count="69" type="stmt"/>
      <line num="116" count="69" type="stmt"/>
      <line num="117" count="69" type="stmt"/>
      <line num="119" count="69" type="stmt"/>
      <line num="120" count="24307" type="stmt"/>
      <line num="121" count="24307" type="stmt"/>
      <line num="122" count="24307" type="stmt"/>
      <line num="123" count="24307" type="stmt"/>
      <line num="124" count="24307" type="stmt"/>
      <line num="125" count="24307" type="stmt"/>
      <line num="126" count="24307" type="stmt"/>
      <line num="132" count="69" type="stmt"/>
      <line num="134" count="69" type="stmt"/>
      <line num="135" count="24307" type="stmt"/>
      <line num="136" count="4665599" type="cond" truecount="2" falsecount="0"/>
      <line num="137" count="3016799" type="stmt"/>
      <line num="139" count="1648800" type="cond" truecount="2" falsecount="0"/>
      <line num="140" count="1648568" type="stmt"/>
      <line num="142" count="232" type="stmt"/>
      <line num="143" count="232" type="stmt"/>
      <line num="147" count="69" type="stmt"/>
      <line num="148" count="69" type="stmt"/>
      <line num="149" count="24307" type="cond" truecount="2" falsecount="0"/>
      <line num="150" count="232" type="stmt"/>
      <line num="154" count="69" type="cond" truecount="1" falsecount="1"/>
      <line num="158" count="72" type="stmt"/>
      <line num="162" count="72" type="stmt"/>
      <line num="165" count="72" type="stmt"/>
      <line num="186" count="71" type="cond" truecount="2" falsecount="0"/>
      <line num="187" count="2" type="stmt"/>
      <line num="190" count="69" type="stmt"/>
      <line num="191" count="69" type="stmt"/>
      <line num="192" count="4312" type="stmt"/>
      <line num="194" count="69" type="cond" truecount="1" falsecount="1"/>
      <line num="195" count="0" type="stmt"/>
      <line num="198" count="69" type="stmt"/>
      <line num="200" count="69" type="cond" truecount="2" falsecount="0"/>
      <line num="203" count="69" type="cond" truecount="2" falsecount="0"/>
      <line num="204" count="69" type="cond" truecount="2" falsecount="0"/>
      <line num="205" count="3" type="stmt"/>
      <line num="208" count="66" type="stmt"/>
      <line num="209" count="66" type="cond" truecount="2" falsecount="0"/>
      <line num="211" count="66" type="stmt"/>
      <line num="212" count="1146" type="cond" truecount="2" falsecount="0"/>
      <line num="213" count="1146" type="stmt"/>
      <line num="214" count="1146" type="stmt"/>
      <line num="215" count="1146" type="stmt"/>
      <line num="217" count="1146" type="stmt"/>
      <line num="218" count="1146" type="stmt"/>
      <line num="219" count="1146" type="cond" truecount="2" falsecount="0"/>
      <line num="220" count="497" type="stmt"/>
      <line num="224" count="66" type="stmt"/>
      <line num="229" count="50517" type="stmt"/>
      <line num="230" count="50517" type="stmt"/>
      <line num="232" count="50517" type="stmt"/>
      <line num="233" count="50517" type="stmt"/>
      <line num="234" count="50517" type="stmt"/>
      <line num="235" count="50517" type="stmt"/>
      <line num="237" count="50517" type="stmt"/>
      <line num="238" count="50517" type="cond" truecount="2" falsecount="0"/>
      <line num="239" count="8406" type="stmt"/>
      <line num="241" count="42111" type="stmt"/>
      <line num="242" count="42111" type="stmt"/>
      <line num="247" count="4472" type="cond" truecount="2" falsecount="0"/>
      <line num="248" count="1146" type="stmt"/>
      <line num="251" count="3326" type="stmt"/>
      <line num="252" count="3326" type="stmt"/>
      <line num="253" count="3326" type="stmt"/>
      <line num="254" count="3326" type="stmt"/>
      <line num="256" count="3326" type="stmt"/>
      <line num="257" count="50517" type="stmt"/>
      <line num="258" count="50517" type="cond" truecount="2" falsecount="0"/>
      <line num="259" count="19097" type="stmt"/>
      <line num="260" count="19097" type="stmt"/>
      <line num="264" count="3326" type="cond" truecount="2" falsecount="0"/>
      <line num="265" count="1158" type="stmt"/>
      <line num="268" count="2168" type="stmt"/>
      <line num="269" count="2168" type="stmt"/>
      <line num="270" count="2168" type="stmt"/>
      <line num="277" count="134" type="stmt"/>
      <line num="278" count="134" type="stmt"/>
      <line num="279" count="5557" type="stmt"/>
      <line num="286" count="57740" type="stmt"/>
      <line num="291" count="14435" type="stmt"/>
      <line num="292" count="14435" type="stmt"/>
      <line num="293" count="14435" type="stmt"/>
      <line num="294" count="14435" type="stmt"/>
      <line num="295" count="14435" type="stmt"/>
      <line num="302" count="67" type="cond" truecount="2" falsecount="0"/>
      <line num="303" count="3" type="stmt"/>
      <line num="305" count="64" type="stmt"/>
      <line num="306" count="64" type="stmt"/>
      <line num="308" count="64" type="stmt"/>
      <line num="309" count="1080" type="stmt"/>
      <line num="312" count="15579" type="cond" truecount="5" falsecount="0"/>
      <line num="313" count="1144" type="stmt"/>
      <line num="315" count="14435" type="cond" truecount="2" falsecount="0"/>
      <line num="316" count="1" type="stmt"/>
      <line num="321" count="64" type="stmt"/>
      <line num="326" count="67" type="stmt"/>
      <line num="327" count="67" type="cond" truecount="1" falsecount="1"/>
      <line num="328" count="0" type="stmt"/>
      <line num="331" count="67" type="stmt"/>
      <line num="332" count="67" type="stmt"/>
      <line num="333" count="67" type="stmt"/>
      <line num="334" count="4341" type="stmt"/>
      <line num="335" count="4341" type="stmt"/>
      <line num="337" count="67" type="stmt"/>
      <line num="338" count="67" type="stmt"/>
      <line num="340" count="67" type="stmt"/>
      <line num="341" count="67" type="stmt"/>
      <line num="342" count="67" type="stmt"/>
      <line num="343" count="67" type="stmt"/>
      <line num="344" count="4341" type="stmt"/>
      <line num="345" count="4341" type="stmt"/>
      <line num="346" count="4341" type="stmt"/>
      <line num="347" count="4341" type="stmt"/>
      <line num="348" count="4341" type="stmt"/>
      <line num="350" count="67" type="stmt"/>
      <line num="351" count="67" type="stmt"/>
      <line num="352" count="67" type="stmt"/>
      <line num="354" count="67" type="stmt"/>
      <line num="355" count="67" type="stmt"/>
      <line num="356" count="67" type="stmt"/>
      <line num="357" count="67" type="stmt"/>
      <line num="358" count="67" type="stmt"/>
      <line num="360" count="67" type="cond" truecount="4" falsecount="0"/>
      <line num="361" count="3" type="stmt"/>
      <line num="363" count="64" type="stmt"/>
      <line num="388" count="69" type="cond" truecount="2" falsecount="0"/>
      <line num="389" count="2" type="stmt"/>
      <line num="392" count="67" type="stmt"/>
      <line num="394" count="67" type="stmt"/>
      <line num="395" count="67" type="stmt"/>
      <line num="396" count="4274" type="stmt"/>
      <line num="400" count="67" type="stmt"/>
      <line num="402" count="67" type="stmt"/>
      <line num="403" count="67" type="stmt"/>
      <line num="404" count="4274" type="stmt"/>
      <line num="408" count="67" type="cond" truecount="1" falsecount="1"/>
      <line num="410" count="67" type="stmt"/>
      <line num="412" count="67" type="stmt"/>
      <line num="434" count="63" type="stmt"/>
      <line num="443" count="3" type="stmt"/>
      <line num="444" count="3" type="stmt"/>
      <line num="463" count="72" type="stmt"/>
      <line num="472" count="72" type="stmt"/>
      <line num="473" count="72" type="stmt"/>
      <line num="474" count="72" type="stmt"/>
      <line num="477" count="72" type="stmt"/>
      <line num="499" count="413" type="stmt"/>
      <line num="514" count="64" type="cond" truecount="2" falsecount="0"/>
      <line num="515" count="15" type="stmt"/>
      <line num="517" count="49" type="stmt"/>
      <line num="518" count="49" type="cond" truecount="4" falsecount="0"/>
      <line num="519" count="39" type="stmt"/>
      <line num="521" count="10" type="cond" truecount="1" falsecount="1"/>
      <line num="522" count="10" type="cond" truecount="2" falsecount="0"/>
      <line num="523" count="10" type="stmt"/>
      <line num="547" count="64" type="cond" truecount="1" falsecount="1"/>
      <line num="548" count="64" type="stmt"/>
      <line num="550" count="64" type="stmt"/>
      <line num="553" count="64" type="stmt"/>
      <line num="555" count="64" type="stmt"/>
      <line num="558" count="64" type="stmt"/>
      <line num="563" count="64" type="stmt"/>
      <line num="569" count="64" type="cond" truecount="2" falsecount="0"/>
      <line num="570" count="10" type="stmt"/>
      <line num="573" count="266" type="stmt"/>
      <line num="575" count="64" type="cond" truecount="1" falsecount="1"/>
      <line num="576" count="266" type="stmt"/>
      <line num="579" count="64" type="stmt"/>
    </file>
    <file name="route-share.ts" path="/Users/mattiazeminian/roam/src/services/route-share.ts">
      <metrics statements="74" coveredstatements="69" conditionals="37" coveredconditionals="31" methods="7" coveredmethods="7"/>
      <line num="17" count="1" type="stmt"/>
      <line num="20" count="1" type="stmt"/>
      <line num="24" count="56" type="cond" truecount="2" falsecount="0"/>
      <line num="25" count="56" type="stmt"/>
      <line num="26" count="56" type="stmt"/>
      <line num="27" count="112" type="stmt"/>
      <line num="28" count="112" type="stmt"/>
      <line num="30" count="56" type="stmt"/>
      <line num="35" count="8" type="stmt"/>
      <line num="36" count="8" type="stmt"/>
      <line num="37" count="8" type="stmt"/>
      <line num="39" count="8" type="stmt"/>
      <line num="40" count="28" type="stmt"/>
      <line num="41" count="28" type="stmt"/>
      <line num="42" count="28" type="stmt"/>
      <line num="43" count="28" type="stmt"/>
      <line num="44" count="28" type="stmt"/>
      <line num="45" count="28" type="stmt"/>
      <line num="48" count="8" type="stmt"/>
      <line num="53" count="12" type="stmt"/>
      <line num="54" count="12" type="stmt"/>
      <line num="55" count="12" type="stmt"/>
      <line num="56" count="12" type="stmt"/>
      <line num="58" count="12" type="stmt"/>
      <line num="59" count="26" type="stmt"/>
      <line num="60" count="26" type="stmt"/>
      <line num="61" count="26" type="stmt"/>
      <line num="63" count="26" type="stmt"/>
      <line num="64" count="78" type="cond" truecount="1" falsecount="1"/>
      <line num="65" count="0" type="stmt"/>
      <line num="67" count="78" type="stmt"/>
      <line num="68" count="78" type="stmt"/>
      <line num="69" count="78" type="cond" truecount="1" falsecount="1"/>
      <line num="70" count="0" type="stmt"/>
      <line num="72" count="78" type="stmt"/>
      <line num="73" count="78" type="stmt"/>
      <line num="76" count="26" type="cond" truecount="2" falsecount="0"/>
      <line num="78" count="26" type="stmt"/>
      <line num="79" count="26" type="stmt"/>
      <line num="80" count="26" type="stmt"/>
      <line num="81" count="76" type="cond" truecount="2" falsecount="0"/>
      <line num="82" count="2" type="stmt"/>
      <line num="84" count="74" type="stmt"/>
      <line num="85" count="74" type="stmt"/>
      <line num="86" count="74" type="cond" truecount="1" falsecount="1"/>
      <line num="87" count="0" type="stmt"/>
      <line num="89" count="74" type="stmt"/>
      <line num="90" count="74" type="stmt"/>
      <line num="93" count="24" type="cond" truecount="2" falsecount="0"/>
      <line num="95" count="24" type="stmt"/>
      <line num="98" count="10" type="stmt"/>
      <line num="103" count="5" type="stmt"/>
      <line num="109" count="5" type="stmt"/>
      <line num="116" count="24" type="cond" truecount="2" falsecount="0"/>
      <line num="125" count="8" type="stmt"/>
      <line num="126" count="8" type="cond" truecount="2" falsecount="0"/>
      <line num="127" count="8" type="cond" truecount="5" falsecount="0"/>
      <line num="128" count="4" type="stmt"/>
      <line num="131" count="4" type="stmt"/>
      <line num="132" count="4" type="cond" truecount="1" falsecount="1"/>
      <line num="134" count="4" type="stmt"/>
      <line num="150" count="7" type="cond" truecount="4" falsecount="0"/>
      <line num="151" count="2" type="stmt"/>
      <line num="154" count="5" type="stmt"/>
      <line num="155" count="5" type="stmt"/>
      <line num="156" count="16" type="stmt"/>
      <line num="157" count="16" type="cond" truecount="1" falsecount="1"/>
      <line num="158" count="0" type="stmt"/>
      <line num="160" count="16" type="stmt"/>
      <line num="161" count="16" type="stmt"/>
      <line num="162" count="16" type="stmt"/>
      <line num="163" count="16" type="stmt"/>
      <line num="165" count="0" type="stmt"/>
      <line num="169" count="5" type="stmt"/>
    </file>
    <file name="route-storage.ts" path="/Users/mattiazeminian/roam/src/services/route-storage.ts">
      <metrics statements="61" coveredstatements="53" conditionals="52" coveredconditionals="37" methods="13" coveredmethods="13"/>
      <line num="18" count="1" type="stmt"/>
      <line num="21" count="1" type="stmt"/>
      <line num="32" count="41" type="stmt"/>
      <line num="36" count="14" type="stmt"/>
      <line num="37" count="14" type="cond" truecount="2" falsecount="0"/>
      <line num="38" count="10" type="stmt"/>
      <line num="40" count="14" type="stmt"/>
      <line num="44" count="42" type="stmt"/>
      <line num="45" count="42" type="stmt"/>
      <line num="52" count="36" type="cond" truecount="3" falsecount="1"/>
      <line num="53" count="0" type="stmt"/>
      <line num="55" count="36" type="stmt"/>
      <line num="56" count="36" type="cond" truecount="2" falsecount="0"/>
      <line num="60" count="12" type="cond" truecount="3" falsecount="1"/>
      <line num="61" count="0" type="stmt"/>
      <line num="63" count="12" type="stmt"/>
      <line num="64" count="12" type="cond" truecount="1" falsecount="1"/>
      <line num="65" count="12" type="cond" truecount="3" falsecount="1"/>
      <line num="66" count="0" type="stmt"/>
      <line num="68" count="12" type="stmt"/>
      <line num="76" count="12" type="stmt"/>
      <line num="84" count="12" type="cond" truecount="3" falsecount="1"/>
      <line num="85" count="0" type="stmt"/>
      <line num="87" count="12" type="stmt"/>
      <line num="88" count="12" type="cond" truecount="1" falsecount="1"/>
      <line num="89" count="0" type="stmt"/>
      <line num="91" count="12" type="stmt"/>
      <line num="92" count="12" type="cond" truecount="1" falsecount="1"/>
      <line num="93" count="0" type="stmt"/>
      <line num="95" count="12" type="stmt"/>
      <line num="107" count="14" type="stmt"/>
      <line num="108" count="14" type="stmt"/>
      <line num="109" count="14" type="stmt"/>
      <line num="118" count="14" type="stmt"/>
      <line num="119" count="14" type="cond" truecount="2" falsecount="0"/>
      <line num="120" count="12" type="stmt"/>
      <line num="122" count="14" type="stmt"/>
      <line num="123" count="14" type="stmt"/>
      <line num="128" count="6" type="stmt"/>
      <line num="129" count="6" type="cond" truecount="2" falsecount="0"/>
      <line num="130" count="1" type="stmt"/>
      <line num="133" count="5" type="stmt"/>
      <line num="134" count="5" type="stmt"/>
      <line num="135" count="8" type="cond" truecount="3" falsecount="1"/>
      <line num="136" count="0" type="stmt"/>
      <line num="138" count="8" type="stmt"/>
      <line num="139" count="8" type="stmt"/>
      <line num="140" count="7" type="cond" truecount="1" falsecount="1"/>
      <line num="141" count="7" type="stmt"/>
      <line num="145" count="1" type="stmt"/>
      <line num="149" count="5" type="stmt"/>
      <line num="153" count="20" type="stmt"/>
      <line num="154" count="20" type="cond" truecount="2" falsecount="0"/>
      <line num="155" count="15" type="stmt"/>
      <line num="157" count="5" type="stmt"/>
      <line num="158" count="5" type="stmt"/>
      <line num="160" count="0" type="stmt"/>
      <line num="165" count="1" type="stmt"/>
      <line num="166" count="1" type="cond" truecount="1" falsecount="1"/>
      <line num="167" count="1" type="stmt"/>
      <line num="173" count="2" type="stmt"/>
    </file>
    <file name="routing.ts" path="/Users/mattiazeminian/roam/src/services/routing.ts">
      <metrics statements="244" coveredstatements="227" conditionals="189" coveredconditionals="164" methods="51" coveredmethods="50"/>
      <line num="102" count="24" type="stmt"/>
      <line num="103" count="24" type="stmt"/>
      <line num="104" count="24" type="stmt"/>
      <line num="108" count="69" type="cond" truecount="2" falsecount="0"/>
      <line num="109" count="69" type="stmt"/>
      <line num="120" count="69" type="stmt"/>
      <line num="123" count="69" type="stmt"/>
      <line num="143" count="69" type="stmt"/>
      <line num="145" count="69" type="stmt"/>
      <line num="153" count="69" type="stmt"/>
      <line num="166" count="43" type="stmt"/>
      <line num="167" count="92" type="stmt"/>
      <line num="172" count="92" type="stmt"/>
      <line num="176" count="43" type="stmt"/>
      <line num="177" count="43" type="stmt"/>
      <line num="178" count="129" type="stmt"/>
      <line num="179" count="129" type="stmt"/>
      <line num="181" count="43" type="stmt"/>
      <line num="195" count="4" type="stmt"/>
      <line num="196" count="4" type="stmt"/>
      <line num="197" count="18" type="cond" truecount="4" falsecount="0"/>
      <line num="198" count="3" type="stmt"/>
      <line num="200" count="15" type="stmt"/>
      <line num="202" count="1" type="stmt"/>
      <line num="224" count="69" type="stmt"/>
      <line num="232" count="51" type="cond" truecount="1" falsecount="1"/>
      <line num="234" count="26" type="stmt"/>
      <line num="242" count="69" type="stmt"/>
      <line num="243" count="69" type="stmt"/>
      <line num="246" count="70" type="stmt"/>
      <line num="250" count="48" type="stmt"/>
      <line num="272" count="69" type="stmt"/>
      <line num="273" count="69" type="stmt"/>
      <line num="276" count="65" type="stmt"/>
      <line num="280" count="65" type="stmt"/>
      <line num="288" count="11" type="stmt"/>
      <line num="289" count="24" type="stmt"/>
      <line num="304" count="14" type="stmt"/>
      <line num="305" count="14" type="stmt"/>
      <line num="306" count="44" type="stmt"/>
      <line num="318" count="42" type="cond" truecount="2" falsecount="0"/>
      <line num="321" count="44" type="stmt"/>
      <line num="326" count="966" type="cond" truecount="3" falsecount="1"/>
      <line num="327" count="0" type="stmt"/>
      <line num="329" count="966" type="stmt"/>
      <line num="330" count="966" type="stmt"/>
      <line num="352" count="67" type="cond" truecount="1" falsecount="1"/>
      <line num="353" count="0" type="stmt"/>
      <line num="356" count="67" type="stmt"/>
      <line num="357" count="67" type="stmt"/>
      <line num="358" count="777" type="cond" truecount="1" falsecount="1"/>
      <line num="359" count="0" type="stmt"/>
      <line num="361" count="777" type="stmt"/>
      <line num="362" count="777" type="cond" truecount="4" falsecount="1"/>
      <line num="363" count="0" type="stmt"/>
      <line num="365" count="777" type="stmt"/>
      <line num="369" count="67" type="cond" truecount="3" falsecount="1"/>
      <line num="370" count="0" type="stmt"/>
      <line num="373" count="67" type="cond" truecount="2" falsecount="0"/>
      <line num="374" count="10" type="stmt"/>
      <line num="377" count="57" type="stmt"/>
      <line num="378" count="57" type="stmt"/>
      <line num="379" count="57" type="cond" truecount="3" falsecount="1"/>
      <line num="380" count="0" type="stmt"/>
      <line num="383" count="57" type="stmt"/>
      <line num="387" count="54" type="stmt"/>
      <line num="388" count="54" type="stmt"/>
      <line num="402" count="67" type="cond" truecount="1" falsecount="1"/>
      <line num="403" count="0" type="stmt"/>
      <line num="405" count="67" type="stmt"/>
      <line num="406" count="67" type="stmt"/>
      <line num="407" count="777" type="cond" truecount="3" falsecount="1"/>
      <line num="408" count="0" type="stmt"/>
      <line num="410" count="777" type="stmt"/>
      <line num="411" count="777" type="cond" truecount="3" falsecount="1"/>
      <line num="412" count="0" type="stmt"/>
      <line num="414" count="777" type="stmt"/>
      <line num="416" count="67" type="stmt"/>
      <line num="446" count="77" type="stmt"/>
      <line num="447" count="77" type="stmt"/>
      <line num="450" count="77" type="stmt"/>
      <line num="451" count="77" type="stmt"/>
      <line num="462" count="3" type="stmt"/>
      <line num="464" count="77" type="stmt"/>
      <line num="467" count="74" type="cond" truecount="4" falsecount="0"/>
      <line num="468" count="3" type="stmt"/>
      <line num="470" count="70" type="cond" truecount="2" falsecount="0"/>
      <line num="471" count="4" type="stmt"/>
      <line num="473" count="66" type="cond" truecount="1" falsecount="1"/>
      <line num="474" count="0" type="stmt"/>
      <line num="478" count="66" type="stmt"/>
      <line num="479" count="66" type="stmt"/>
      <line num="481" count="0" type="stmt"/>
      <line num="484" count="66" type="cond" truecount="1" falsecount="1"/>
      <line num="485" count="66" type="cond" truecount="2" falsecount="0"/>
      <line num="486" count="66" type="stmt"/>
      <line num="488" count="66" type="stmt"/>
      <line num="490" count="67" type="stmt"/>
      <line num="494" count="67" type="cond" truecount="1" falsecount="1"/>
      <line num="495" count="0" type="stmt"/>
      <line num="500" count="67" type="stmt"/>
      <line num="502" count="67" type="cond" truecount="4" falsecount="1"/>
      <line num="506" count="67" type="cond" truecount="1" falsecount="1"/>
      <line num="508" count="67" type="cond" truecount="3" falsecount="1"/>
      <line num="510" count="67" type="stmt"/>
      <line num="518" count="66" type="cond" truecount="2" falsecount="0"/>
      <line num="519" count="4" type="stmt"/>
      <line num="527" count="62" type="stmt"/>
      <line num="535" count="69" type="stmt"/>
      <line num="547" count="67" type="stmt"/>
      <line num="562" count="54" type="stmt"/>
      <line num="594" count="8" type="cond" truecount="2" falsecount="0"/>
      <line num="595" count="1" type="stmt"/>
      <line num="600" count="7" type="cond" truecount="2" falsecount="0"/>
      <line num="601" count="1" type="stmt"/>
      <line num="604" count="6" type="stmt"/>
      <line num="605" count="6" type="cond" truecount="2" falsecount="0"/>
      <line num="606" count="2" type="stmt"/>
      <line num="609" count="4" type="stmt"/>
      <line num="611" count="7" type="stmt"/>
      <line num="615" count="4" type="stmt"/>
      <line num="624" count="3" type="stmt"/>
      <line num="625" count="3" type="stmt"/>
      <line num="664" count="8" type="cond" truecount="2" falsecount="0"/>
      <line num="665" count="1" type="stmt"/>
      <line num="670" count="7" type="cond" truecount="1" falsecount="1"/>
      <line num="671" count="0" type="stmt"/>
      <line num="673" count="7" type="cond" truecount="2" falsecount="0"/>
      <line num="674" count="1" type="stmt"/>
      <line num="676" count="6" type="cond" truecount="3" falsecount="1"/>
      <line num="677" count="0" type="stmt"/>
      <line num="680" count="6" type="stmt"/>
      <line num="701" count="5" type="stmt"/>
      <line num="702" count="5" type="stmt"/>
      <line num="703" count="5" type="stmt"/>
      <line num="704" count="5" type="stmt"/>
      <line num="707" count="5" type="stmt"/>
      <line num="708" count="9" type="stmt"/>
      <line num="709" count="9" type="stmt"/>
      <line num="733" count="69" type="stmt"/>
      <line num="734" count="69" type="stmt"/>
      <line num="735" count="69" type="stmt"/>
      <line num="742" count="69" type="stmt"/>
      <line num="757" count="308" type="stmt"/>
      <line num="758" count="308" type="cond" truecount="4" falsecount="0"/>
      <line num="759" count="266" type="stmt"/>
      <line num="761" count="42" type="stmt"/>
      <line num="762" count="42" type="stmt"/>
      <line num="763" count="42" type="stmt"/>
      <line num="764" count="120" type="cond" truecount="2" falsecount="0"/>
      <line num="765" count="120" type="cond" truecount="5" falsecount="0"/>
      <line num="766" count="9" type="stmt"/>
      <line num="768" count="111" type="stmt"/>
      <line num="769" count="111" type="cond" truecount="2" falsecount="0"/>
      <line num="770" count="36" type="stmt"/>
      <line num="773" count="42" type="cond" truecount="2" falsecount="0"/>
      <line num="778" count="77" type="cond" truecount="4" falsecount="0"/>
      <line num="779" count="77" type="stmt"/>
      <line num="792" count="69" type="stmt"/>
      <line num="793" count="69" type="stmt"/>
      <line num="794" count="69" type="stmt"/>
      <line num="795" count="69" type="stmt"/>
      <line num="796" count="69" type="stmt"/>
      <line num="804" count="58" type="cond" truecount="2" falsecount="0"/>
      <line num="809" count="48" type="stmt"/>
      <line num="812" count="10" type="stmt"/>
      <line num="813" count="10" type="cond" truecount="4" falsecount="0"/>
      <line num="814" count="7" type="stmt"/>
      <line num="816" count="10" type="cond" truecount="4" falsecount="0"/>
      <line num="817" count="2" type="stmt"/>
      <line num="819" count="10" type="cond" truecount="4" falsecount="0"/>
      <line num="820" count="1" type="stmt"/>
      <line num="822" count="10" type="stmt"/>
      <line num="832" count="56" type="stmt"/>
      <line num="833" count="56" type="cond" truecount="4" falsecount="0"/>
      <line num="834" count="47" type="stmt"/>
      <line num="836" count="9" type="cond" truecount="4" falsecount="0"/>
      <line num="837" count="7" type="stmt"/>
      <line num="839" count="2" type="stmt"/>
      <line num="840" count="2" type="cond" truecount="2" falsecount="0"/>
      <line num="850" count="51" type="cond" truecount="2" falsecount="0"/>
      <line num="851" count="51" type="cond" truecount="4" falsecount="0"/>
      <line num="852" count="36" type="stmt"/>
      <line num="854" count="51" type="stmt"/>
      <line num="855" count="51" type="cond" truecount="1" falsecount="1"/>
      <line num="856" count="0" type="stmt"/>
      <line num="858" count="51" type="stmt"/>
      <line num="862" count="51" type="cond" truecount="2" falsecount="0"/>
      <line num="863" count="7" type="stmt"/>
      <line num="865" count="51" type="stmt"/>
      <line num="870" count="21" type="stmt"/>
      <line num="871" count="63" type="stmt"/>
      <line num="872" count="51" type="stmt"/>
      <line num="876" count="4" type="stmt"/>
      <line num="877" count="4" type="stmt"/>
      <line num="879" count="4" type="cond" truecount="1" falsecount="1"/>
      <line num="884" count="51" type="stmt"/>
      <line num="922" count="21" type="cond" truecount="2" falsecount="0"/>
      <line num="923" count="1" type="stmt"/>
      <line num="928" count="20" type="cond" truecount="2" falsecount="0"/>
      <line num="929" count="1" type="stmt"/>
      <line num="931" count="19" type="cond" truecount="3" falsecount="1"/>
      <line num="932" count="0" type="stmt"/>
      <line num="935" count="19" type="stmt"/>
      <line num="936" count="19" type="stmt"/>
      <line num="938" count="19" type="stmt"/>
      <line num="939" count="19" type="stmt"/>
      <line num="940" count="57" type="stmt"/>
      <line num="943" count="19" type="stmt"/>
      <line num="944" count="19" type="cond" truecount="2" falsecount="0"/>
      <line num="945" count="4" type="stmt"/>
      <line num="951" count="15" type="stmt"/>
      <line num="953" count="15" type="cond" truecount="2" falsecount="0"/>
      <line num="958" count="2" type="stmt"/>
      <line num="959" count="2" type="stmt"/>
      <line num="960" count="6" type="stmt"/>
      <line num="962" count="2" type="stmt"/>
      <line num="964" count="2" type="cond" truecount="2" falsecount="0"/>
      <line num="965" count="1" type="stmt"/>
      <line num="970" count="20" type="cond" truecount="2" falsecount="0"/>
      <line num="976" count="3" type="stmt"/>
      <line num="977" count="9" type="stmt"/>
      <line num="978" count="9" type="stmt"/>
      <line num="980" count="3" type="stmt"/>
      <line num="981" count="4" type="stmt"/>
      <line num="982" count="4" type="cond" truecount="1" falsecount="1"/>
      <line num="983" count="4" type="cond" truecount="3" falsecount="1"/>
      <line num="984" count="0" type="stmt"/>
      <line num="987" count="4" type="stmt"/>
      <line num="988" count="4" type="stmt"/>
      <line num="989" count="4" type="stmt"/>
      <line num="990" count="4" type="stmt"/>
      <line num="992" count="4" type="stmt"/>
      <line num="995" count="4" type="cond" truecount="4" falsecount="0"/>
      <line num="996" count="2" type="stmt"/>
      <line num="999" count="2" type="stmt"/>
      <line num="1000" count="2" type="stmt"/>
      <line num="1002" count="2" type="cond" truecount="2" falsecount="0"/>
      <line num="1003" count="1" type="stmt"/>
      <line num="1008" count="14" type="stmt"/>
      <line num="1009" count="18" type="stmt"/>
      <line num="1011" count="14" type="stmt"/>
      <line num="1012" count="42" type="stmt"/>
      <line num="1013" count="42" type="stmt"/>
    </file>
    <file name="run-analytics.ts" path="/Users/mattiazeminian/roam/src/services/run-analytics.ts">
      <metrics statements="62" coveredstatements="62" conditionals="23" coveredconditionals="22" methods="17" coveredmethods="17"/>
      <line num="15" count="1" type="stmt"/>
      <line num="18" count="1" type="stmt"/>
      <line num="30" count="29" type="stmt"/>
      <line num="39" count="4" type="stmt"/>
      <line num="41" count="4" type="stmt"/>
      <line num="42" count="4" type="stmt"/>
      <line num="43" count="4" type="stmt"/>
      <line num="45" count="4" type="stmt"/>
      <line num="46" count="11" type="stmt"/>
      <line num="47" count="11" type="stmt"/>
      <line num="48" count="11" type="cond" truecount="2" falsecount="0"/>
      <line num="49" count="6" type="stmt"/>
      <line num="50" count="6" type="stmt"/>
      <line num="54" count="4" type="stmt"/>
      <line num="73" count="1" type="stmt"/>
      <line num="89" count="8" type="stmt"/>
      <line num="90" count="4" type="cond" truecount="4" falsecount="0"/>
      <line num="91" count="1" type="stmt"/>
      <line num="93" count="3" type="stmt"/>
      <line num="94" count="11" type="stmt"/>
      <line num="104" count="4" type="stmt"/>
      <line num="105" count="4" type="stmt"/>
      <line num="106" count="12" type="cond" truecount="2" falsecount="0"/>
      <line num="107" count="3" type="stmt"/>
      <line num="110" count="4" type="stmt"/>
      <line num="122" count="4" type="cond" truecount="2" falsecount="0"/>
      <line num="123" count="1" type="stmt"/>
      <line num="126" count="3" type="stmt"/>
      <line num="127" count="6" type="stmt"/>
      <line num="130" count="3" type="stmt"/>
      <line num="131" count="3" type="cond" truecount="2" falsecount="0"/>
      <line num="132" count="1" type="stmt"/>
      <line num="135" count="3" type="stmt"/>
      <line num="136" count="3" type="stmt"/>
      <line num="137" count="5" type="stmt"/>
      <line num="138" count="5" type="stmt"/>
      <line num="140" count="3" type="stmt"/>
      <line num="148" count="1" type="stmt"/>
      <line num="149" count="1" type="stmt"/>
      <line num="152" count="1" type="stmt"/>
      <line num="172" count="5" type="stmt"/>
      <line num="173" count="5" type="stmt"/>
      <line num="175" count="5" type="stmt"/>
      <line num="176" count="14" type="stmt"/>
      <line num="177" count="13" type="stmt"/>
      <line num="180" count="5" type="cond" truecount="2" falsecount="0"/>
      <line num="181" count="2" type="stmt"/>
      <line num="185" count="7" type="stmt"/>
      <line num="187" count="3" type="stmt"/>
      <line num="189" count="7" type="stmt"/>
      <line num="192" count="3" type="cond" truecount="1" falsecount="1"/>
      <line num="193" count="7" type="stmt"/>
      <line num="196" count="3" type="stmt"/>
      <line num="220" count="21" type="stmt"/>
      <line num="225" count="21" type="stmt"/>
      <line num="227" count="3" type="stmt"/>
      <line num="228" count="4" type="stmt"/>
      <line num="229" count="4" type="cond" truecount="2" falsecount="0"/>
      <line num="230" count="1" type="stmt"/>
      <line num="232" count="3" type="stmt"/>
      <line num="233" count="3" type="stmt"/>
      <line num="236" count="3" type="stmt"/>
    </file>
    <file name="run-context.tsx" path="/Users/mattiazeminian/roam/src/services/run-context.tsx">
      <metrics statements="196" coveredstatements="156" conditionals="71" coveredconditionals="48" methods="27" coveredmethods="25"/>
      <line num="89" count="1" type="stmt"/>
      <line num="92" count="1" type="stmt"/>
      <line num="99" count="1" type="stmt"/>
      <line num="101" count="1" type="stmt"/>
      <line num="118" count="74" type="stmt"/>
      <line num="119" count="74" type="stmt"/>
      <line num="120" count="74" type="stmt"/>
      <line num="121" count="74" type="stmt"/>
      <line num="122" count="74" type="stmt"/>
      <line num="123" count="74" type="stmt"/>
      <line num="124" count="74" type="stmt"/>
      <line num="127" count="74" type="stmt"/>
      <line num="128" count="74" type="stmt"/>
      <line num="129" count="74" type="stmt"/>
      <line num="130" count="74" type="stmt"/>
      <line num="131" count="74" type="stmt"/>
      <line num="132" count="74" type="stmt"/>
      <line num="134" count="74" type="stmt"/>
      <line num="136" count="74" type="stmt"/>
      <line num="145" count="74" type="stmt"/>
      <line num="147" count="74" type="stmt"/>
      <line num="149" count="74" type="stmt"/>
      <line num="151" count="74" type="stmt"/>
      <line num="152" count="69" type="stmt"/>
      <line num="153" count="69" type="stmt"/>
      <line num="154" count="69" type="stmt"/>
      <line num="157" count="69" type="stmt"/>
      <line num="158" count="69" type="stmt"/>
      <line num="161" count="74" type="stmt"/>
      <line num="162" count="27" type="stmt"/>
      <line num="163" count="27" type="stmt"/>
      <line num="164" count="27" type="stmt"/>
      <line num="169" count="27" type="stmt"/>
      <line num="170" count="31" type="cond" truecount="2" falsecount="0"/>
      <line num="171" count="1" type="stmt"/>
      <line num="173" count="30" type="stmt"/>
      <line num="174" count="30" type="cond" truecount="1" falsecount="1"/>
      <line num="175" count="30" type="stmt"/>
      <line num="179" count="27" type="stmt"/>
      <line num="180" count="2" type="cond" truecount="1" falsecount="1"/>
      <line num="181" count="0" type="stmt"/>
      <line num="185" count="2" type="stmt"/>
      <line num="191" count="27" type="stmt"/>
      <line num="192" count="27" type="stmt"/>
      <line num="195" count="74" type="stmt"/>
      <line num="196" count="39" type="cond" truecount="1" falsecount="1"/>
      <line num="197" count="0" type="stmt"/>
      <line num="200" count="39" type="stmt"/>
      <line num="204" count="39" type="stmt"/>
      <line num="207" count="74" type="stmt"/>
      <line num="208" count="20" type="stmt"/>
      <line num="212" count="20" type="cond" truecount="2" falsecount="0"/>
      <line num="213" count="2" type="cond" truecount="2" falsecount="0"/>
      <line num="214" count="1" type="stmt"/>
      <line num="216" count="18" type="cond" truecount="1" falsecount="1"/>
      <line num="217" count="0" type="stmt"/>
      <line num="218" count="0" type="stmt"/>
      <line num="220" count="20" type="stmt"/>
      <line num="221" count="20" type="stmt"/>
      <line num="239" count="74" type="stmt"/>
      <line num="240" count="12" type="cond" truecount="1" falsecount="1"/>
      <line num="241" count="0" type="stmt"/>
      <line num="243" count="12" type="stmt"/>
      <line num="244" count="12" type="stmt"/>
      <line num="245" count="12" type="stmt"/>
      <line num="263" count="74" type="stmt"/>
      <line num="264" count="72" type="cond" truecount="2" falsecount="0"/>
      <line num="265" count="45" type="stmt"/>
      <line num="267" count="27" type="stmt"/>
      <line num="268" count="0" type="stmt"/>
      <line num="269" count="0" type="stmt"/>
      <line num="270" count="0" type="cond" truecount="0" falsecount="2"/>
      <line num="271" count="0" type="stmt"/>
      <line num="272" count="0" type="stmt"/>
      <line num="275" count="27" type="stmt"/>
      <line num="278" count="74" type="stmt"/>
      <line num="282" count="74" type="stmt"/>
      <line num="283" count="23" type="stmt"/>
      <line num="284" count="23" type="stmt"/>
      <line num="285" count="23" type="cond" truecount="4" falsecount="0"/>
      <line num="286" count="1" type="stmt"/>
      <line num="289" count="23" type="stmt"/>
      <line num="290" count="23" type="stmt"/>
      <line num="294" count="74" type="stmt"/>
      <line num="300" count="26" type="cond" truecount="1" falsecount="1"/>
      <line num="304" count="0" type="stmt"/>
      <line num="306" count="26" type="stmt"/>
      <line num="307" count="26" type="stmt"/>
      <line num="308" count="26" type="stmt"/>
      <line num="309" count="26" type="stmt"/>
      <line num="310" count="26" type="stmt"/>
      <line num="311" count="26" type="stmt"/>
      <line num="312" count="26" type="stmt"/>
      <line num="314" count="26" type="stmt"/>
      <line num="315" count="26" type="stmt"/>
      <line num="316" count="26" type="stmt"/>
      <line num="317" count="26" type="stmt"/>
      <line num="318" count="26" type="stmt"/>
      <line num="319" count="26" type="stmt"/>
      <line num="320" count="26" type="stmt"/>
      <line num="321" count="26" type="stmt"/>
      <line num="322" count="26" type="stmt"/>
      <line num="327" count="74" type="stmt"/>
      <line num="328" count="13" type="cond" truecount="2" falsecount="0"/>
      <line num="329" count="1" type="stmt"/>
      <line num="333" count="12" type="cond" truecount="1" falsecount="1"/>
      <line num="334" count="0" type="stmt"/>
      <line num="335" count="0" type="stmt"/>
      <line num="337" count="12" type="stmt"/>
      <line num="340" count="12" type="stmt"/>
      <line num="341" count="12" type="stmt"/>
      <line num="342" count="12" type="stmt"/>
      <line num="343" count="12" type="stmt"/>
      <line num="344" count="12" type="stmt"/>
      <line num="347" count="74" type="stmt"/>
      <line num="348" count="3" type="cond" truecount="2" falsecount="0"/>
      <line num="349" count="2" type="stmt"/>
      <line num="351" count="1" type="cond" truecount="1" falsecount="1"/>
      <line num="352" count="1" type="stmt"/>
      <line num="353" count="1" type="stmt"/>
      <line num="357" count="1" type="stmt"/>
      <line num="358" count="1" type="stmt"/>
      <line num="359" count="1" type="stmt"/>
      <line num="362" count="74" type="stmt"/>
      <line num="363" count="9" type="cond" truecount="2" falsecount="0"/>
      <line num="367" count="2" type="stmt"/>
      <line num="369" count="7" type="stmt"/>
      <line num="370" count="7" type="cond" truecount="1" falsecount="1"/>
      <line num="371" count="0" type="stmt"/>
      <line num="372" count="0" type="stmt"/>
      <line num="374" count="7" type="stmt"/>
      <line num="375" count="7" type="stmt"/>
      <line num="376" count="7" type="stmt"/>
      <line num="378" count="7" type="stmt"/>
      <line num="382" count="7" type="stmt"/>
      <line num="383" count="7" type="stmt"/>
      <line num="384" count="7" type="stmt"/>
      <line num="400" count="74" type="stmt"/>
      <line num="401" count="3" type="stmt"/>
      <line num="402" count="3" type="stmt"/>
      <line num="403" count="3" type="stmt"/>
      <line num="404" count="3" type="stmt"/>
      <line num="405" count="3" type="stmt"/>
      <line num="406" count="3" type="stmt"/>
      <line num="407" count="3" type="stmt"/>
      <line num="408" count="3" type="stmt"/>
      <line num="409" count="3" type="stmt"/>
      <line num="410" count="3" type="stmt"/>
      <line num="411" count="3" type="stmt"/>
      <line num="412" count="3" type="stmt"/>
      <line num="413" count="3" type="stmt"/>
      <line num="416" count="74" type="stmt"/>
      <line num="417" count="1" type="cond" truecount="1" falsecount="1"/>
      <line num="418" count="1" type="stmt"/>
      <line num="420" count="0" type="cond" truecount="0" falsecount="2"/>
      <line num="421" count="0" type="stmt"/>
      <line num="423" count="0" type="stmt"/>
      <line num="426" count="74" type="stmt"/>
      <line num="427" count="4" type="cond" truecount="2" falsecount="0"/>
      <line num="428" count="1" type="stmt"/>
      <line num="430" count="3" type="stmt"/>
      <line num="433" count="74" type="stmt"/>
      <line num="434" count="1" type="cond" truecount="3" falsecount="1"/>
      <line num="439" count="1" type="stmt"/>
      <line num="441" count="0" type="stmt"/>
      <line num="442" count="0" type="stmt"/>
      <line num="443" count="0" type="stmt"/>
      <line num="444" count="0" type="stmt"/>
      <line num="445" count="0" type="stmt"/>
      <line num="446" count="0" type="stmt"/>
      <line num="447" count="0" type="stmt"/>
      <line num="448" count="0" type="stmt"/>
      <line num="449" count="0" type="stmt"/>
      <line num="451" count="0" type="stmt"/>
      <line num="452" count="0" type="stmt"/>
      <line num="453" count="0" type="cond" truecount="0" falsecount="2"/>
      <line num="454" count="0" type="stmt"/>
      <line num="455" count="0" type="stmt"/>
      <line num="470" count="0" type="stmt"/>
      <line num="471" count="0" type="stmt"/>
      <line num="472" count="0" type="stmt"/>
      <line num="475" count="74" type="stmt"/>
      <line num="476" count="0" type="cond" truecount="0" falsecount="2"/>
      <line num="479" count="0" type="stmt"/>
      <line num="481" count="0" type="stmt"/>
      <line num="482" count="0" type="stmt"/>
      <line num="485" count="74" type="stmt"/>
      <line num="486" count="1" type="stmt"/>
      <line num="487" count="1" type="stmt"/>
      <line num="490" count="74" type="stmt"/>
      <line num="491" count="74" type="stmt"/>
      <line num="529" count="74" type="stmt"/>
      <line num="533" count="74" type="stmt"/>
      <line num="534" count="74" type="cond" truecount="1" falsecount="1"/>
      <line num="535" count="0" type="stmt"/>
      <line num="537" count="74" type="stmt"/>
    </file>
    <file name="run-export.ts" path="/Users/mattiazeminian/roam/src/services/run-export.ts">
      <metrics statements="28" coveredstatements="27" conditionals="16" coveredconditionals="13" methods="5" coveredmethods="5"/>
      <line num="17" count="1" type="stmt"/>
      <line num="20" count="8" type="cond" truecount="4" falsecount="0"/>
      <line num="28" count="7" type="cond" truecount="2" falsecount="0"/>
      <line num="29" count="3" type="stmt"/>
      <line num="32" count="4" type="cond" truecount="1" falsecount="1"/>
      <line num="33" count="4" type="stmt"/>
      <line num="34" count="8" type="stmt"/>
      <line num="35" count="8" type="cond" truecount="2" falsecount="0"/>
      <line num="36" count="8" type="stmt"/>
      <line num="39" count="4" type="stmt"/>
      <line num="59" count="3" type="stmt"/>
      <line num="60" count="3" type="stmt"/>
      <line num="62" count="3" type="stmt"/>
      <line num="63" count="3" type="stmt"/>
      <line num="64" count="3" type="cond" truecount="2" falsecount="0"/>
      <line num="65" count="2" type="stmt"/>
      <line num="67" count="1" type="stmt"/>
      <line num="71" count="3" type="stmt"/>
      <line num="79" count="3" type="stmt"/>
      <line num="90" count="1" type="stmt"/>
      <line num="92" count="1" type="stmt"/>
      <line num="93" count="1" type="cond" truecount="1" falsecount="1"/>
      <line num="94" count="0" type="stmt"/>
      <line num="97" count="1" type="stmt"/>
      <line num="98" count="1" type="cond" truecount="1" falsecount="1"/>
      <line num="99" count="1" type="stmt"/>
      <line num="101" count="1" type="stmt"/>
      <line num="103" count="1" type="stmt"/>
    </file>
    <file name="run-session.ts" path="/Users/mattiazeminian/roam/src/services/run-session.ts">
      <metrics statements="223" coveredstatements="200" conditionals="180" coveredconditionals="150" methods="27" coveredmethods="23"/>
      <line num="57" count="4" type="stmt"/>
      <line num="60" count="4" type="stmt"/>
      <line num="68" count="4" type="stmt"/>
      <line num="71" count="4" type="stmt"/>
      <line num="82" count="4" type="stmt"/>
      <line num="85" count="4" type="stmt"/>
      <line num="88" count="4" type="stmt"/>
      <line num="95" count="4" type="stmt"/>
      <line num="98" count="4" type="stmt"/>
      <line num="105" count="4" type="stmt"/>
      <line num="113" count="4" type="stmt"/>
      <line num="119" count="4" type="stmt"/>
      <line num="124" count="4" type="stmt"/>
      <line num="126" count="4" type="stmt"/>
      <line num="127" count="4" type="stmt"/>
      <line num="174" count="144" type="stmt"/>
      <line num="209" count="6" type="stmt"/>
      <line num="222" count="6" type="cond" truecount="4" falsecount="0"/>
      <line num="223" count="15" type="stmt"/>
      <line num="225" count="1" type="stmt"/>
      <line num="236" count="28" type="cond" truecount="4" falsecount="0"/>
      <line num="237" count="25" type="stmt"/>
      <line num="239" count="3" type="stmt"/>
      <line num="240" count="3" type="stmt"/>
      <line num="259" count="128" type="cond" truecount="1" falsecount="1"/>
      <line num="260" count="0" type="stmt"/>
      <line num="262" count="128" type="cond" truecount="4" falsecount="0"/>
      <line num="263" count="71" type="stmt"/>
      <line num="265" count="57" type="cond" truecount="2" falsecount="0"/>
      <line num="266" count="48" type="stmt"/>
      <line num="268" count="9" type="cond" truecount="1" falsecount="1"/>
      <line num="269" count="9" type="cond" truecount="1" falsecount="1"/>
      <line num="270" count="0" type="stmt"/>
      <line num="272" count="9" type="stmt"/>
      <line num="273" count="9" type="stmt"/>
      <line num="290" count="128" type="cond" truecount="2" falsecount="0"/>
      <line num="291" count="71" type="stmt"/>
      <line num="294" count="57" type="stmt"/>
      <line num="295" count="57" type="cond" truecount="1" falsecount="1"/>
      <line num="296" count="0" type="stmt"/>
      <line num="304" count="57" type="cond" truecount="2" falsecount="0"/>
      <line num="306" count="49" type="stmt"/>
      <line num="309" count="8" type="stmt"/>
      <line num="310" count="8" type="stmt"/>
      <line num="311" count="8" type="stmt"/>
      <line num="316" count="8" type="stmt"/>
      <line num="317" count="8" type="stmt"/>
      <line num="340" count="139" type="cond" truecount="2" falsecount="0"/>
      <line num="344" count="2" type="stmt"/>
      <line num="347" count="137" type="cond" truecount="2" falsecount="0"/>
      <line num="350" count="1" type="stmt"/>
      <line num="353" count="136" type="cond" truecount="4" falsecount="0"/>
      <line num="355" count="5" type="cond" truecount="1" falsecount="1"/>
      <line num="358" count="131" type="stmt"/>
      <line num="363" count="131" type="cond" truecount="2" falsecount="0"/>
      <line num="364" count="42" type="stmt"/>
      <line num="379" count="89" type="cond" truecount="2" falsecount="0"/>
      <line num="389" count="2" type="stmt"/>
      <line num="392" count="87" type="stmt"/>
      <line num="393" count="87" type="cond" truecount="2" falsecount="0"/>
      <line num="397" count="12" type="stmt"/>
      <line num="398" count="12" type="stmt"/>
      <line num="402" count="12" type="cond" truecount="1" falsecount="1"/>
      <line num="404" count="12" type="cond" truecount="2" falsecount="0"/>
      <line num="405" count="12" type="cond" truecount="2" falsecount="0"/>
      <line num="413" count="5" type="stmt"/>
      <line num="415" count="7" type="stmt"/>
      <line num="420" count="75" type="stmt"/>
      <line num="421" count="75" type="cond" truecount="2" falsecount="0"/>
      <line num="423" count="1" type="stmt"/>
      <line num="426" count="74" type="stmt"/>
      <line num="454" count="116" type="cond" truecount="2" falsecount="0"/>
      <line num="455" count="64" type="stmt"/>
      <line num="458" count="52" type="stmt"/>
      <line num="465" count="52" type="cond" truecount="4" falsecount="0"/>
      <line num="466" count="8" type="stmt"/>
      <line num="469" count="44" type="cond" truecount="2" falsecount="0"/>
      <line num="470" count="12" type="stmt"/>
      <line num="473" count="32" type="stmt"/>
      <line num="481" count="49" type="cond" truecount="4" falsecount="0"/>
      <line num="482" count="33" type="stmt"/>
      <line num="484" count="16" type="stmt"/>
      <line num="494" count="116" type="stmt"/>
      <line num="495" count="116" type="stmt"/>
      <line num="496" count="105" type="stmt"/>
      <line num="511" count="28" type="cond" truecount="2" falsecount="0"/>
      <line num="512" count="13" type="stmt"/>
      <line num="514" count="15" type="stmt"/>
      <line num="515" count="15" type="cond" truecount="2" falsecount="0"/>
      <line num="516" count="1" type="stmt"/>
      <line num="518" count="14" type="stmt"/>
      <line num="519" count="31" type="stmt"/>
      <line num="520" count="14" type="cond" truecount="2" falsecount="0"/>
      <line num="521" count="1" type="stmt"/>
      <line num="523" count="13" type="stmt"/>
      <line num="524" count="13" type="cond" truecount="2" falsecount="0"/>
      <line num="525" count="1" type="stmt"/>
      <line num="527" count="12" type="stmt"/>
      <line num="528" count="12" type="stmt"/>
      <line num="529" count="14" type="stmt"/>
      <line num="531" count="12" type="cond" truecount="2" falsecount="0"/>
      <line num="532" count="3" type="stmt"/>
      <line num="534" count="9" type="stmt"/>
      <line num="539" count="0" type="stmt"/>
      <line num="544" count="4" type="stmt"/>
      <line num="545" count="4" type="stmt"/>
      <line num="546" count="4" type="stmt"/>
      <line num="547" count="4" type="stmt"/>
      <line num="548" count="4" type="stmt"/>
      <line num="549" count="4" type="cond" truecount="1" falsecount="1"/>
      <line num="554" count="0" type="cond" truecount="0" falsecount="5"/>
      <line num="555" count="0" type="stmt"/>
      <line num="557" count="0" type="stmt"/>
      <line num="558" count="0" type="stmt"/>
      <line num="560" count="0" type="cond" truecount="0" falsecount="2"/>
      <line num="561" count="0" type="stmt"/>
      <line num="564" count="4" type="stmt"/>
      <line num="568" count="0" type="stmt"/>
      <line num="569" count="0" type="stmt"/>
      <line num="578" count="4" type="stmt"/>
      <line num="581" count="4" type="stmt"/>
      <line num="582" count="4" type="stmt"/>
      <line num="612" count="4" type="cond" truecount="3" falsecount="1"/>
      <line num="613" count="0" type="stmt"/>
      <line num="616" count="4" type="stmt"/>
      <line num="617" count="4" type="cond" truecount="2" falsecount="0"/>
      <line num="618" count="1" type="stmt"/>
      <line num="621" count="3" type="stmt"/>
      <line num="622" count="3" type="stmt"/>
      <line num="624" count="3" type="stmt"/>
      <line num="625" count="15" type="cond" truecount="1" falsecount="1"/>
      <line num="626" count="0" type="stmt"/>
      <line num="628" count="15" type="cond" truecount="2" falsecount="0"/>
      <line num="629" count="18" type="stmt"/>
      <line num="631" count="15" type="cond" truecount="2" falsecount="0"/>
      <line num="632" count="3" type="stmt"/>
      <line num="635" count="12" type="stmt"/>
      <line num="636" count="12" type="stmt"/>
      <line num="637" count="12" type="cond" truecount="4" falsecount="0"/>
      <line num="638" count="4" type="stmt"/>
      <line num="640" count="8" type="cond" truecount="4" falsecount="0"/>
      <line num="641" count="1" type="stmt"/>
      <line num="644" count="7" type="stmt"/>
      <line num="645" count="7" type="cond" truecount="1" falsecount="1"/>
      <line num="646" count="0" type="stmt"/>
      <line num="648" count="7" type="cond" truecount="3" falsecount="1"/>
      <line num="649" count="7" type="stmt"/>
      <line num="653" count="3" type="stmt"/>
      <line num="669" count="4" type="stmt"/>
      <line num="688" count="6" type="cond" truecount="4" falsecount="0"/>
      <line num="689" count="1" type="stmt"/>
      <line num="691" count="5" type="stmt"/>
      <line num="692" count="5" type="stmt"/>
      <line num="693" count="5" type="cond" truecount="1" falsecount="1"/>
      <line num="694" count="0" type="stmt"/>
      <line num="697" count="5" type="stmt"/>
      <line num="698" count="24" type="stmt"/>
      <line num="699" count="70" type="cond" truecount="2" falsecount="0"/>
      <line num="700" count="24" type="stmt"/>
      <line num="701" count="24" type="stmt"/>
      <line num="702" count="24" type="stmt"/>
      <line num="703" count="24" type="stmt"/>
      <line num="704" count="24" type="cond" truecount="2" falsecount="0"/>
      <line num="711" count="9" type="stmt"/>
      <line num="713" count="15" type="stmt"/>
      <line num="714" count="15" type="stmt"/>
      <line num="717" count="0" type="stmt"/>
      <line num="720" count="5" type="stmt"/>
      <line num="721" count="16" type="cond" truecount="2" falsecount="0"/>
[...]
      <line num="754" count="3" type="stmt"/>
      <line num="755" count="3" type="cond" truecount="1" falsecount="1"/>
      <line num="756" count="3" type="stmt"/>
      <line num="757" count="3" type="cond" truecount="1" falsecount="1"/>
      <line num="758" count="3" type="stmt"/>
      <line num="768" count="5" type="stmt"/>
      <line num="796" count="6" type="stmt"/>
      <line num="797" count="6" type="stmt"/>
      <line num="798" count="6" type="stmt"/>
      <line num="799" count="6" type="stmt"/>
      <line num="801" count="6" type="stmt"/>
      <line num="802" count="18" type="stmt"/>
      <line num="803" count="18" type="cond" truecount="2" falsecount="0"/>
      <line num="804" count="3" type="stmt"/>
      <line num="806" count="15" type="cond" truecount="3" falsecount="1"/>
      <line num="809" count="6" type="stmt"/>
      <line num="810" count="12" type="cond" truecount="5" falsecount="0"/>
      <line num="811" count="10" type="stmt"/>
      <line num="813" count="12" type="cond" truecount="4" falsecount="0"/>
      <line num="814" count="6" type="stmt"/>
      <line num="816" count="12" type="cond" truecount="4" falsecount="0"/>
      <line num="817" count="4" type="stmt"/>
      <line num="819" count="12" type="cond" truecount="4" falsecount="0"/>
      <line num="820" count="1" type="stmt"/>
      <line num="824" count="6" type="stmt"/>
      <line num="829" count="8" type="stmt"/>
      <line num="830" count="8" type="stmt"/>
      <line num="835" count="8" type="stmt"/>
      <line num="836" count="8" type="stmt"/>
      <line num="841" count="0" type="cond" truecount="0" falsecount="5"/>
      <line num="842" count="0" type="stmt"/>
      <line num="844" count="0" type="stmt"/>
      <line num="845" count="0" type="stmt"/>
      <line num="846" count="0" type="cond" truecount="0" falsecount="2"/>
      <line num="847" count="0" type="stmt"/>
    </file>
    <file name="run-share.ts" path="/Users/mattiazeminian/roam/src/services/run-share.ts">
      <metrics statements="6" coveredstatements="6" conditionals="2" coveredconditionals="2" methods="1" coveredmethods="1"/>
      <line num="18" count="3" type="stmt"/>
      <line num="19" count="3" type="stmt"/>
      <line num="20" count="3" type="stmt"/>
      <line num="22" count="3" type="stmt"/>
      <line num="23" count="3" type="cond" truecount="2" falsecount="0"/>
      <line num="25" count="3" type="stmt"/>
    </file>
    <file name="run-state.ts" path="/Users/mattiazeminian/roam/src/services/run-state.ts">
      <metrics statements="2" coveredstatements="2" conditionals="0" coveredconditionals="0" methods="1" coveredmethods="1"/>
      <line num="41" count="2" type="stmt"/>
      <line num="54" count="89" type="stmt"/>
    </file>
    <file name="run-storage.ts" path="/Users/mattiazeminian/roam/src/services/run-storage.ts">
      <metrics statements="78" coveredstatements="64" conditionals="85" coveredconditionals="53" methods="20" coveredmethods="19"/>
      <line num="17" count="1" type="stmt"/>
      <line num="20" count="1" type="stmt"/>
      <line num="23" count="22" type="stmt"/>
      <line num="27" count="11" type="stmt"/>
      <line num="28" count="11" type="cond" truecount="2" falsecount="0"/>
      <line num="29" count="9" type="stmt"/>
      <line num="31" count="11" type="stmt"/>
      <line num="35" count="32" type="stmt"/>
      <line num="36" count="32" type="stmt"/>
      <line num="43" count="24" type="cond" truecount="3" falsecount="1"/>
      <line num="44" count="0" type="stmt"/>
      <line num="46" count="24" type="stmt"/>
      <line num="47" count="24" type="cond" truecount="2" falsecount="0"/>
      <line num="51" count="12" type="cond" truecount="1" falsecount="1"/>
      <line num="60" count="12" type="cond" truecount="2" falsecount="0"/>
      <line num="61" count="10" type="stmt"/>
      <line num="63" count="2" type="stmt"/>
      <line num="64" count="4" type="cond" truecount="4" falsecount="0"/>
      <line num="69" count="12" type="cond" truecount="3" falsecount="1"/>
      <line num="70" count="12" type="stmt"/>
      <line num="72" count="0" type="stmt"/>
      <line num="73" count="0" type="stmt"/>
      <line num="74" count="0" type="cond" truecount="0" falsecount="4"/>
      <line num="75" count="0" type="stmt"/>
      <line num="77" count="0" type="stmt"/>
      <line num="85" count="0" type="stmt"/>
      <line num="96" count="12" type="cond" truecount="3" falsecount="1"/>
      <line num="97" count="0" type="stmt"/>
      <line num="99" count="12" type="stmt"/>
      <line num="100" count="12" type="cond" truecount="3" falsecount="1"/>
      <line num="101" count="0" type="stmt"/>
      <line num="105" count="12" type="cond" truecount="4" falsecount="1"/>
      <line num="109" count="12" type="stmt"/>
      <line num="132" count="16" type="stmt"/>
      <line num="142" count="11" type="stmt"/>
      <line num="143" count="11" type="stmt"/>
      <line num="144" count="11" type="stmt"/>
      <line num="146" count="11" type="cond" truecount="1" falsecount="1"/>
      <line num="147" count="11" type="stmt"/>
      <line num="149" count="11" type="stmt"/>
      <line num="154" count="2" type="stmt"/>
      <line num="155" count="2" type="cond" truecount="1" falsecount="1"/>
      <line num="156" count="0" type="stmt"/>
      <line num="159" count="2" type="stmt"/>
      <line num="160" count="2" type="stmt"/>
      <line num="161" count="3" type="cond" truecount="3" falsecount="1"/>
      <line num="162" count="0" type="stmt"/>
      <line num="164" count="3" type="stmt"/>
      <line num="165" count="3" type="stmt"/>
      <line num="166" count="3" type="cond" truecount="1" falsecount="1"/>
      <line num="167" count="3" type="stmt"/>
      <line num="171" count="0" type="stmt"/>
      <line num="175" count="2" type="stmt"/>
      <line num="179" count="8" type="stmt"/>
      <line num="180" count="8" type="cond" truecount="2" falsecount="0"/>
      <line num="181" count="1" type="stmt"/>
      <line num="183" count="7" type="stmt"/>
      <line num="184" count="7" type="stmt"/>
      <line num="186" count="0" type="stmt"/>
      <line num="191" count="1" type="stmt"/>
      <line num="192" count="1" type="cond" truecount="1" falsecount="1"/>
      <line num="193" count="1" type="stmt"/>
      <line num="197" count="1" type="stmt"/>
      <line num="205" count="10" type="stmt"/>
      <line num="210" count="5" type="stmt"/>
      <line num="211" count="5" type="stmt"/>
      <line num="212" count="5" type="cond" truecount="2" falsecount="0"/>
      <line num="213" count="4" type="stmt"/>
      <line num="215" count="5" type="stmt"/>
      <line num="220" count="4" type="stmt"/>
      <line num="221" count="4" type="cond" truecount="2" falsecount="0"/>
      <line num="222" count="2" type="stmt"/>
      <line num="224" count="2" type="stmt"/>
      <line num="225" count="2" type="stmt"/>
      <line num="227" count="0" type="stmt"/>
      <line num="232" count="1" type="stmt"/>
      <line num="233" count="1" type="cond" truecount="1" falsecount="1"/>
      <line num="234" count="1" type="stmt"/>
    </file>
    <file name="run-to-route.ts" path="/Users/mattiazeminian/roam/src/services/run-to-route.ts">
      <metrics statements="3" coveredstatements="3" conditionals="2" coveredconditionals="2" methods="1" coveredmethods="1"/>
      <line num="18" count="7" type="cond" truecount="2" falsecount="0"/>
      <line num="19" count="2" type="stmt"/>
      <line num="22" count="5" type="stmt"/>
    </file>
    <file name="settings.ts" path="/Users/mattiazeminian/roam/src/services/settings.ts">
      <metrics statements="32" coveredstatements="21" conditionals="32" coveredconditionals="11" methods="13" coveredmethods="5"/>
      <line num="30" count="1" type="stmt"/>
      <line num="37" count="1" type="stmt"/>
      <line num="38" count="1" type="stmt"/>
      <line num="40" count="1" type="stmt"/>
      <line num="42" count="1" type="stmt"/>
      <line num="45" count="4" type="stmt"/>
      <line num="49" count="4" type="stmt"/>
      <line num="54" count="2" type="cond" truecount="3" falsecount="1"/>
      <line num="55" count="0" type="stmt"/>
      <line num="57" count="2" type="stmt"/>
      <line num="58" count="2" type="stmt"/>
      <line num="71" count="3" type="stmt"/>
      <line num="72" count="3" type="cond" truecount="2" falsecount="0"/>
      <line num="73" count="1" type="stmt"/>
      <line num="75" count="2" type="stmt"/>
      <line num="76" count="2" type="stmt"/>
      <line num="79" count="0" type="stmt"/>
      <line num="84" count="1" type="stmt"/>
      <line num="85" count="1" type="cond" truecount="1" falsecount="1"/>
      <line num="86" count="0" type="stmt"/>
      <line num="88" count="1" type="stmt"/>
      <line num="89" count="1" type="cond" truecount="1" falsecount="1"/>
      <line num="90" count="1" type="stmt"/>
      <line num="92" count="1" type="stmt"/>
      <line num="100" count="0" type="cond" truecount="0" falsecount="2"/>
      <line num="104" count="0" type="cond" truecount="0" falsecount="2"/>
      <line num="108" count="0" type="cond" truecount="0" falsecount="2"/>
      <line num="113" count="0" type="cond" truecount="0" falsecount="2"/>
      <line num="117" count="0" type="cond" truecount="0" falsecount="2"/>
      <line num="121" count="0" type="cond" truecount="0" falsecount="2"/>
      <line num="125" count="0" type="cond" truecount="0" falsecount="2"/>
      <line num="130" count="0" type="cond" truecount="0" falsecount="2"/>
    </file>
    <file name="training-presentation.ts" path="/Users/mattiazeminian/roam/src/services/training-presentation.ts">
      <metrics statements="5" coveredstatements="4" conditionals="8" coveredconditionals="5" methods="1" coveredmethods="1"/>
      <line num="4" count="3" type="cond" truecount="2" falsecount="0"/>
      <line num="5" count="1" type="stmt"/>
      <line num="7" count="2" type="cond" truecount="1" falsecount="1"/>
      <line num="8" count="0" type="cond" truecount="0" falsecount="2"/>
      <line num="10" count="2" type="cond" truecount="2" falsecount="0"/>
    </file>
    <file name="training.ts" path="/Users/mattiazeminian/roam/src/services/training.ts">
      <metrics statements="173" coveredstatements="166" conditionals="173" coveredconditionals="147" methods="63" coveredmethods="63"/>
      <line num="20" count="2" type="stmt"/>
      <line num="24" count="2" type="stmt"/>
      <line num="38" count="2" type="stmt"/>
      <line num="49" count="2" type="stmt"/>
      <line num="61" count="2" type="stmt"/>
      <line num="101" count="2" type="stmt"/>
      <line num="126" count="2" type="stmt"/>
      <line num="131" count="5" type="cond" truecount="2" falsecount="0"/>
      <line num="135" count="3" type="cond" truecount="2" falsecount="0"/>
      <line num="139" count="13" type="cond" truecount="2" falsecount="0"/>
      <line num="144" count="238" type="stmt"/>
      <line num="145" count="238" type="stmt"/>
      <line num="146" count="238" type="stmt"/>
      <line num="147" count="238" type="stmt"/>
      <line num="151" count="9" type="cond" truecount="2" falsecount="0"/>
      <line num="156" count="2" type="stmt"/>
      <line num="160" count="11" type="stmt"/>
      <line num="161" count="11" type="stmt"/>
      <line num="170" count="171" type="stmt"/>
      <line num="189" count="25" type="stmt"/>
      <line num="202" count="41" type="cond" truecount="4" falsecount="0"/>
      <line num="203" count="25" type="stmt"/>
      <line num="205" count="16" type="stmt"/>
      <line num="210" count="91" type="cond" truecount="1" falsecount="1"/>
      <line num="211" count="0" type="stmt"/>
      <line num="213" count="91" type="stmt"/>
      <line num="214" count="259" type="cond" truecount="3" falsecount="0"/>
      <line num="216" count="157" type="stmt"/>
      <line num="219" count="2" type="stmt"/>
      <line num="222" count="2" type="stmt"/>
      <line num="223" count="2" type="stmt"/>
      <line num="229" count="2" type="stmt"/>
      <line num="230" count="2" type="stmt"/>
      <line num="231" count="2" type="stmt"/>
      <line num="237" count="2" type="stmt"/>
      <line num="254" count="10" type="cond" truecount="4" falsecount="1"/>
      <line num="266" count="11" type="cond" truecount="1" falsecount="1"/>
      <line num="270" count="11" type="stmt"/>
      <line num="272" count="11" type="stmt"/>
      <line num="288" count="243" type="stmt"/>
      <line num="289" count="243" type="stmt"/>
      <line num="293" count="227" type="stmt"/>
      <line num="294" count="227" type="stmt"/>
      <line num="295" count="227" type="stmt"/>
      <line num="300" count="16" type="stmt"/>
      <line num="305" count="9" type="stmt"/>
      <line num="310" count="204" type="stmt"/>
      <line num="311" count="204" type="stmt"/>
      <line num="324" count="50" type="cond" truecount="1" falsecount="1"/>
      <line num="325" count="0" type="stmt"/>
      <line num="330" count="50" type="cond" truecount="4" falsecount="0"/>
      <line num="332" count="50" type="stmt"/>
      <line num="341" count="50" type="cond" truecount="1" falsecount="1"/>
      <line num="342" count="50" type="stmt"/>
      <line num="345" count="0" type="stmt"/>
      <line num="349" count="151" type="cond" truecount="2" falsecount="0"/>
      <line num="350" count="9" type="stmt"/>
      <line num="352" count="142" type="cond" truecount="2" falsecount="0"/>
      <line num="353" count="120" type="stmt"/>
      <line num="355" count="22" type="stmt"/>
      <line num="369" count="151" type="stmt"/>
      <line num="379" count="151" type="stmt"/>
      <line num="380" count="151" type="cond" truecount="2" falsecount="0"/>
      <line num="382" count="151" type="stmt"/>
      <line num="417" count="51" type="stmt"/>
      <line num="418" count="51" type="cond" truecount="2" falsecount="0"/>
      <line num="419" count="1" type="stmt"/>
      <line num="422" count="50" type="stmt"/>
      <line num="423" count="50" type="stmt"/>
      <line num="424" count="50" type="stmt"/>
      <line num="426" count="50" type="stmt"/>
      <line num="427" count="50" type="stmt"/>
      <line num="428" count="151" type="stmt"/>
      <line num="430" count="50" type="cond" truecount="1" falsecount="1"/>
      <line num="431" count="50" type="stmt"/>
      <line num="434" count="101" type="cond" truecount="2" falsecount="0"/>
      <line num="435" count="50" type="stmt"/>
      <line num="436" count="50" type="cond" truecount="2" falsecount="0"/>
      <line num="437" count="100" type="stmt"/>
      <line num="438" count="49" type="cond" truecount="1" falsecount="1"/>
      <line num="439" count="49" type="stmt"/>
      <line num="440" count="50" type="cond" truecount="2" falsecount="0"/>
      <line num="442" count="49" type="stmt"/>
      <line num="443" count="100" type="stmt"/>
      <line num="447" count="50" type="stmt"/>
      <line num="448" count="151" type="cond" truecount="4" falsecount="0"/>
      <line num="453" count="50" type="cond" truecount="3" falsecount="1"/>
      <line num="454" count="50" type="stmt"/>
      <line num="455" count="0" type="stmt"/>
      <line num="457" count="50" type="stmt"/>
      <line num="461" count="50" type="cond" truecount="4" falsecount="0"/>
      <line num="462" count="1" type="stmt"/>
      <line num="464" count="2" type="cond" truecount="1" falsecount="1"/>
      <line num="468" count="50" type="stmt"/>
      <line num="469" count="52" type="cond" truecount="1" falsecount="1"/>
      <line num="472" count="50" type="cond" truecount="3" falsecount="0"/>
      <line num="473" count="50" type="cond" truecount="2" falsecount="0"/>
      <line num="475" count="50" type="stmt"/>
      <line num="477" count="151" type="stmt"/>
      <line num="478" count="151" type="stmt"/>
      <line num="485" count="201" type="cond" truecount="3" falsecount="1"/>
      <line num="487" count="50" type="stmt"/>
      <line num="508" count="5" type="stmt"/>
      <line num="509" count="5" type="cond" truecount="3" falsecount="0"/>
      <line num="511" count="5" type="stmt"/>
      <line num="512" count="5" type="stmt"/>
      <line num="514" count="5" type="stmt"/>
      <line num="515" count="40" type="stmt"/>
      <line num="516" count="40" type="cond" truecount="2" falsecount="0"/>
      <line num="517" count="40" type="stmt"/>
      <line num="518" count="40" type="stmt"/>
      <line num="519" count="40" type="cond" truecount="2" falsecount="0"/>
      <line num="520" count="40" type="stmt"/>
      <line num="523" count="5" type="stmt"/>
      <line num="530" count="3" type="stmt"/>
      <line num="535" count="1" type="stmt"/>
      <line num="536" count="3" type="stmt"/>
      <line num="537" count="1" type="cond" truecount="2" falsecount="2"/>
      <line num="556" count="1" type="stmt"/>
      <line num="557" count="4" type="cond" truecount="2" falsecount="0"/>
      <line num="560" count="1" type="stmt"/>
      <line num="562" count="3" type="stmt"/>
      <line num="563" count="3" type="stmt"/>
      <line num="564" count="3" type="stmt"/>
      <line num="566" count="3" type="stmt"/>
      <line num="567" count="1" type="stmt"/>
      <line num="577" count="4" type="stmt"/>
      <line num="578" count="6" type="stmt"/>
      <line num="579" count="3" type="stmt"/>
      <line num="583" count="2" type="stmt"/>
      <line num="599" count="1" type="stmt"/>
      <line num="600" count="3" type="cond" truecount="2" falsecount="0"/>
      <line num="602" count="1" type="stmt"/>
      <line num="615" count="3" type="stmt"/>
      <line num="618" count="3" type="cond" truecount="1" falsecount="1"/>
      <line num="628" count="8" type="stmt"/>
      <line num="632" count="2" type="cond" truecount="3" falsecount="1"/>
      <line num="634" count="2" type="cond" truecount="4" falsecount="0"/>
      <line num="636" count="2" type="stmt"/>
      <line num="647" count="5" type="cond" truecount="4" falsecount="0"/>
      <line num="648" count="2" type="stmt"/>
      <line num="650" count="3" type="stmt"/>
      <line num="651" count="3" type="cond" truecount="2" falsecount="0"/>
      <line num="652" count="1" type="stmt"/>
      <line num="654" count="2" type="cond" truecount="1" falsecount="1"/>
      <line num="658" count="2" type="stmt"/>
      <line num="674" count="7" type="cond" truecount="3" falsecount="1"/>
      <line num="675" count="0" type="stmt"/>
      <line num="677" count="7" type="stmt"/>
      <line num="678" count="7" type="cond" truecount="5" falsecount="0"/>
      <line num="679" count="3" type="stmt"/>
      <line num="681" count="4" type="cond" truecount="4" falsecount="0"/>
      <line num="682" count="1" type="stmt"/>
      <line num="685" count="3" type="stmt"/>
      <line num="697" count="5" type="cond" truecount="3" falsecount="1"/>
      <line num="698" count="0" type="stmt"/>
      <line num="700" count="5" type="stmt"/>
      <line num="701" count="5" type="cond" truecount="1" falsecount="1"/>
      <line num="704" count="7" type="stmt"/>
      <line num="707" count="5" type="stmt"/>
      <line num="711" count="7" type="stmt"/>
      <line num="712" count="7" type="cond" truecount="2" falsecount="0"/>
      <line num="713" count="1" type="stmt"/>
      <line num="715" count="6" type="stmt"/>
      <line num="716" count="6" type="stmt"/>
      <line num="719" count="1" type="stmt"/>
      <line num="724" count="1" type="stmt"/>
      <line num="725" count="1" type="cond" truecount="1" falsecount="1"/>
      <line num="726" count="0" type="stmt"/>
      <line num="728" count="1" type="stmt"/>
      <line num="729" count="1" type="cond" truecount="1" falsecount="1"/>
      <line num="730" count="1" type="stmt"/>
      <line num="732" count="1" type="stmt"/>
    </file>
  </project>
</coverage>
