{"/Users/mattiazeminian/roam/src/services/account.ts": {"path":"/Users/mattiazeminian/roam/src/services/account.ts","statementMap":{"0":{"start":{"line":28,"column":21},"end":{"line":28,"column":35}},"1":{"start":{"line":31,"column":2},"end":{"line":31,"column":48}},"2":{"start":{"line":36,"column":2},"end":{"line":40,"column":3}},"3":{"start":{"line":37,"column":4},"end":{"line":37,"column":56}},"4":{"start":{"line":39,"column":4},"end":{"line":39,"column":17}},"5":{"start":{"line":55,"column":17},"end":{"line":55,"column":33}},"6":{"start":{"line":56,"column":2},"end":{"line":58,"column":3}},"7":{"start":{"line":57,"column":4},"end":{"line":57,"column":16}},"8":{"start":{"line":60,"column":16},"end":{"line":60,"column":60}},"9":{"start":{"line":61,"column":17},"end":{"line":61,"column":62}},"10":{"start":{"line":62,"column":15},"end":{"line":62,"column":64}},"11":{"start":{"line":64,"column":4},"end":{"line":66,"column":12}},"12":{"start":{"line":68,"column":2},"end":{"line":68,"column":33}},"13":{"start":{"line":72,"column":2},"end":{"line":74,"column":3}},"14":{"start":{"line":73,"column":4},"end":{"line":73,"column":16}},"15":{"start":{"line":75,"column":14},"end":{"line":75,"column":39}},"16":{"start":{"line":76,"column":2},"end":{"line":78,"column":3}},"17":{"start":{"line":77,"column":4},"end":{"line":77,"column":16}},"18":{"start":{"line":79,"column":2},"end":{"line":83,"column":4}},"19":{"start":{"line":87,"column":15},"end":{"line":87,"column":28}},"20":{"start":{"line":88,"column":2},"end":{"line":90,"column":3}},"21":{"start":{"line":89,"column":4},"end":{"line":89,"column":16}},"22":{"start":{"line":91,"column":2},"end":{"line":95,"column":3}},"23":{"start":{"line":92,"column":4},"end":{"line":92,"column":55}},"24":{"start":{"line":94,"column":4},"end":{"line":94,"column":16}},"25":{"start":{"line":99,"column":20},"end":{"line":99,"column":49}},"26":{"start":{"line":100,"column":2},"end":{"line":102,"column":3}},"27":{"start":{"line":101,"column":4},"end":{"line":101,"column":46}},"28":{"start":{"line":103,"column":15},"end":{"line":103,"column":28}},"29":{"start":{"line":104,"column":2},"end":{"line":106,"column":3}},"30":{"start":{"line":105,"column":4},"end":{"line":105,"column":18}},"31":{"start":{"line":107,"column":2},"end":{"line":107,"column":38}},"32":{"start":{"line":111,"column":15},"end":{"line":111,"column":28}},"33":{"start":{"line":112,"column":2},"end":{"line":114,"column":3}},"34":{"start":{"line":113,"column":4},"end":{"line":113,"column":18}},"35":{"start":{"line":127,"column":2},"end":{"line":138,"column":3}},"36":{"start":{"line":128,"column":18},"end":{"line":128,"column":75}},"37":{"start":{"line":129,"column":4},"end":{"line":131,"column":5}},"38":{"start":{"line":130,"column":6},"end":{"line":130,"column":26}},"39":{"start":{"line":132,"column":4},"end":{"line":134,"column":5}},"40":{"start":{"line":133,"column":6},"end":{"line":133,"column":23}},"41":{"start":{"line":135,"column":4},"end":{"line":135,"column":21}},"42":{"start":{"line":137,"column":4},"end":{"line":137,"column":21}},"43":{"start":{"line":143,"column":21},"end":{"line":148,"column":4}},"44":{"start":{"line":149,"column":18},"end":{"line":149,"column":51}},"45":{"start":{"line":150,"column":2},"end":{"line":152,"column":3}},"46":{"start":{"line":151,"column":4},"end":{"line":151,"column":31}},"47":{"start":{"line":153,"column":2},"end":{"line":153,"column":17}},"48":{"start":{"line":162,"column":2},"end":{"line":162,"column":23}}},"fnMap":{"0":{"name":"accountFile","decl":{"start":{"line":30,"column":9},"end":{"line":30,"column":20}},"loc":{"start":{"line":30,"column":29},"end":{"line":32,"column":1}},"line":30},"1":{"name":"isSupported","decl":{"start":{"line":35,"column":22},"end":{"line":35,"column":33}},"loc":{"start":{"line":35,"column":54},"end":{"line":41,"column":1}},"line":35},"2":{"name":"accountFromCredential","decl":{"start":{"line":50,"column":16},"end":{"line":50,"column":37}},"loc":{"start":{"line":54,"column":19},"end":{"line":69,"column":1}},"line":54},"3":{"name":"parseAccount","decl":{"start":{"line":71,"column":9},"end":{"line":71,"column":21}},"loc":{"start":{"line":71,"column":54},"end":{"line":84,"column":1}},"line":71},"4":{"name":"loadAccount","decl":{"start":{"line":86,"column":22},"end":{"line":86,"column":33}},"loc":{"start":{"line":86,"column":61},"end":{"line":96,"column":1}},"line":86},"5":{"name":"saveAccount","decl":{"start":{"line":98,"column":22},"end":{"line":98,"column":33}},"loc":{"start":{"line":98,"column":67},"end":{"line":108,"column":1}},"line":98},"6":{"name":"clearAccount","decl":{"start":{"line":110,"column":22},"end":{"line":110,"column":34}},"loc":{"start":{"line":110,"column":52},"end":{"line":115,"column":1}},"line":110},"7":{"name":"credentialStatus","decl":{"start":{"line":126,"column":22},"end":{"line":126,"column":38}},"loc":{"start":{"line":126,"column":82},"end":{"line":139,"column":1}},"line":126},"8":{"name":"signIn","decl":{"start":{"line":142,"column":22},"end":{"line":142,"column":28}},"loc":{"start":{"line":142,"column":56},"end":{"line":154,"column":1}},"line":142},"9":{"name":"signOut","decl":{"start":{"line":161,"column":22},"end":{"line":161,"column":29}},"loc":{"start":{"line":161,"column":47},"end":{"line":163,"column":1}},"line":161}},"branchMap":{"0":{"loc":{"start":{"line":56,"column":2},"end":{"line":58,"column":3}},"type":"if","locations":[{"start":{"line":56,"column":2},"end":{"line":58,"column":3}},{"start":{},"end":{}}],"line":56},"1":{"loc":{"start":{"line":56,"column":6},"end":{"line":56,"column":55}},"type":"binary-expr","locations":[{"start":{"line":56,"column":6},"end":{"line":56,"column":32}},{"start":{"line":56,"column":36},"end":{"line":56,"column":55}}],"line":56},"2":{"loc":{"start":{"line":60,"column":16},"end":{"line":60,"column":60}},"type":"binary-expr","locations":[{"start":{"line":60,"column":16},"end":{"line":60,"column":54}},{"start":{"line":60,"column":58},"end":{"line":60,"column":60}}],"line":60},"3":{"loc":{"start":{"line":61,"column":17},"end":{"line":61,"column":62}},"type":"binary-expr","locations":[{"start":{"line":61,"column":17},"end":{"line":61,"column":56}},{"start":{"line":61,"column":60},"end":{"line":61,"column":62}}],"line":61},"4":{"loc":{"start":{"line":62,"column":15},"end":{"line":62,"column":64}},"type":"binary-expr","locations":[{"start":{"line":62,"column":15},"end":{"line":62,"column":56}},{"start":{"line":62,"column":60},"end":{"line":62,"column":64}}],"line":62},"5":{"loc":{"start":{"line":64,"column":4},"end":{"line":66,"column":12}},"type":"cond-expr","locations":[{"start":{"line":65,"column":8},"end":{"line":65,"column":31}},{"start":{"line":66,"column":8},"end":{"line":66,"column":12}}],"line":64},"6":{"loc":{"start":{"line":64,"column":4},"end":{"line":64,"column":78}},"type":"binary-expr","locations":[{"start":{"line":64,"column":4},"end":{"line":64,"column":40}},{"start":{"line":64,"column":44},"end":{"line":64,"column":78}}],"line":64},"7":{"loc":{"start":{"line":72,"column":2},"end":{"line":74,"column":3}},"type":"if","locations":[{"start":{"line":72,"column":2},"end":{"line":74,"column":3}},{"start":{},"end":{}}],"line":72},"8":{"loc":{"start":{"line":72,"column":6},"end":{"line":72,"column":49}},"type":"binary-expr","locations":[{"start":{"line":72,"column":6},"end":{"line":72,"column":31}},{"start":{"line":72,"column":35},"end":{"line":72,"column":49}}],"line":72},"9":{"loc":{"start":{"line":76,"column":2},"end":{"line":78,"column":3}},"type":"if","locations":[{"start":{"line":76,"column":2},"end":{"line":78,"column":3}},{"start":{},"end":{}}],"line":76},"10":{"loc":{"start":{"line":76,"column":6},"end":{"line":76,"column":63}},"type":"binary-expr","locations":[{"start":{"line":76,"column":6},"end":{"line":76,"column":36}},{"start":{"line":76,"column":40},"end":{"line":76,"column":63}}],"line":76},"11":{"loc":{"start":{"line":81,"column":10},"end":{"line":81,"column":79}},"type":"cond-expr","locations":[{"start":{"line":81,"column":64},"end":{"line":81,"column":72}},{"start":{"line":81,"column":75},"end":{"line":81,"column":79}}],"line":81},"12":{"loc":{"start":{"line":81,"column":10},"end":{"line":81,"column":61}},"type":"binary-expr","locations":[{"start":{"line":81,"column":10},"end":{"line":81,"column":38}},{"start":{"line":81,"column":42},"end":{"line":81,"column":61}}],"line":81},"13":{"loc":{"start":{"line":82,"column":11},"end":{"line":82,"column":83}},"type":"cond-expr","locations":[{"start":{"line":82,"column":67},"end":{"line":82,"column":76}},{"start":{"line":82,"column":79},"end":{"line":82,"column":83}}],"line":82},"14":{"loc":{"start":{"line":82,"column":11},"end":{"line":82,"column":64}},"type":"binary-expr","locations":[{"start":{"line":82,"column":11},"end":{"line":82,"column":40}},{"start":{"line":82,"column":44},"end":{"line":82,"column":64}}],"line":82},"15":{"loc":{"start":{"line":88,"column":2},"end":{"line":90,"column":3}},"type":"if","locations":[{"start":{"line":88,"column":2},"end":{"line":90,"column":3}},{"start":{},"end":{}}],"line":88},"16":{"loc":{"start":{"line":100,"column":2},"end":{"line":102,"column":3}},"type":"if","locations":[{"start":{"line":100,"column":2},"end":{"line":102,"column":3}},{"start":{},"end":{}}],"line":100},"17":{"loc":{"start":{"line":104,"column":2},"end":{"line":106,"column":3}},"type":"if","locations":[{"start":{"line":104,"column":2},"end":{"line":106,"column":3}},{"start":{},"end":{}}],"line":104},"18":{"loc":{"start":{"line":112,"column":2},"end":{"line":114,"column":3}},"type":"if","locations":[{"start":{"line":112,"column":2},"end":{"line":114,"column":3}},{"start":{},"end":{}}],"line":112},"19":{"loc":{"start":{"line":129,"column":4},"end":{"line":131,"column":5}},"type":"if","locations":[{"start":{"line":129,"column":4},"end":{"line":131,"column":5}},{"start":{},"end":{}}],"line":129},"20":{"loc":{"start":{"line":132,"column":4},"end":{"line":134,"column":5}},"type":"if","locations":[{"start":{"line":132,"column":4},"end":{"line":134,"column":5}},{"start":{},"end":{}}],"line":132},"21":{"loc":{"start":{"line":150,"column":2},"end":{"line":152,"column":3}},"type":"if","locations":[{"start":{"line":150,"column":2},"end":{"line":152,"column":3}},{"start":{},"end":{}}],"line":150}},"s":{"0":1,"1":8,"2":0,"3":0,"4":0,"5":6,"6":6,"7":2,"8":4,"9":4,"10":4,"11":4,"12":4,"13":1,"14":0,"15":1,"16":1,"17":0,"18":1,"19":4,"20":4,"21":2,"22":2,"23":2,"24":1,"25":2,"26":2,"27":0,"28":2,"29":2,"30":2,"31":2,"32":2,"33":2,"34":1,"35":3,"36":3,"37":2,"38":1,"39":1,"40":1,"41":0,"42":1,"43":0,"44":0,"45":0,"46":0,"47":0,"48":1},"f":{"0":8,"1":0,"2":6,"3":1,"4":4,"5":2,"6":2,"7":3,"8":0,"9":1},"b":{"0":[2,4],"1":[6,5],"2":[4,2],"3":[4,3],"4":[4,2],"5":[1,3],"6":[4,2],"7":[0,1],"8":[1,1],"9":[0,1],"10":[1,1],"11":[1,0],"12":[1,1],"13":[0,1],"14":[1,0],"15":[2,2],"16":[0,2],"17":[2,0],"18":[1,1],"19":[1,1],"20":[1,0],"21":[0,0]},"_coverageSchema":"1a1c01bbd47fc00a2c39e90264f33305004495a9","hash":"83d7258f1b43537214849f8e066dab8080f367e0"}
,"/Users/mattiazeminian/roam/src/services/background-location.ts": {"path":"/Users/mattiazeminian/roam/src/services/background-location.ts","statementMap":{"0":{"start":{"line":29,"column":33},"end":{"line":29,"column":52}},"1":{"start":{"line":33,"column":30},"end":{"line":33,"column":34}},"2":{"start":{"line":37,"column":2},"end":{"line":37,"column":14}},"3":{"start":{"line":41,"column":2},"end":{"line":43,"column":3}},"4":{"start":{"line":42,"column":4},"end":{"line":42,"column":17}},"5":{"start":{"line":44,"column":17},"end":{"line":44,"column":91}},"6":{"start":{"line":45,"column":2},"end":{"line":47,"column":3}},"7":{"start":{"line":46,"column":4},"end":{"line":46,"column":17}},"8":{"start":{"line":48,"column":2},"end":{"line":48,"column":79}},"9":{"start":{"line":60,"column":2},"end":{"line":62,"column":3}},"10":{"start":{"line":61,"column":4},"end":{"line":61,"column":13}},"11":{"start":{"line":63,"column":20},"end":{"line":63,"column":71}},"12":{"start":{"line":64,"column":2},"end":{"line":66,"column":3}},"13":{"start":{"line":65,"column":4},"end":{"line":65,"column":13}},"14":{"start":{"line":67,"column":18},"end":{"line":67,"column":19}},"15":{"start":{"line":68,"column":2},"end":{"line":74,"column":3}},"16":{"start":{"line":69,"column":4},"end":{"line":71,"column":5}},"17":{"start":{"line":70,"column":6},"end":{"line":70,"column":15}},"18":{"start":{"line":72,"column":4},"end":{"line":72,"column":32}},"19":{"start":{"line":73,"column":4},"end":{"line":73,"column":19}},"20":{"start":{"line":75,"column":2},"end":{"line":75,"column":19}},"21":{"start":{"line":81,"column":0},"end":{"line":86,"column":3}},"22":{"start":{"line":82,"column":2},"end":{"line":84,"column":3}},"23":{"start":{"line":83,"column":4},"end":{"line":83,"column":11}},"24":{"start":{"line":85,"column":2},"end":{"line":85,"column":35}},"25":{"start":{"line":95,"column":62},"end":{"line":102,"column":1}},"26":{"start":{"line":109,"column":2},"end":{"line":114,"column":3}},"27":{"start":{"line":110,"column":23},"end":{"line":110,"column":73}},"28":{"start":{"line":111,"column":4},"end":{"line":111,"column":32}},"29":{"start":{"line":113,"column":4},"end":{"line":113,"column":17}},"30":{"start":{"line":123,"column":2},"end":{"line":134,"column":3}},"31":{"start":{"line":124,"column":4},"end":{"line":126,"column":5}},"32":{"start":{"line":125,"column":6},"end":{"line":125,"column":19}},"33":{"start":{"line":127,"column":4},"end":{"line":129,"column":5}},"34":{"start":{"line":128,"column":6},"end":{"line":128,"column":18}},"35":{"start":{"line":130,"column":4},"end":{"line":130,"column":89}},"36":{"start":{"line":131,"column":4},"end":{"line":131,"column":16}},"37":{"start":{"line":133,"column":4},"end":{"line":133,"column":17}},"38":{"start":{"line":139,"column":2},"end":{"line":146,"column":3}},"39":{"start":{"line":140,"column":4},"end":{"line":142,"column":5}},"40":{"start":{"line":141,"column":6},"end":{"line":141,"column":65}}},"fnMap":{"0":{"name":"setRunLocationSink","decl":{"start":{"line":36,"column":16},"end":{"line":36,"column":34}},"loc":{"start":{"line":36,"column":66},"end":{"line":38,"column":1}},"line":36},"1":{"name":"isLocationObject","decl":{"start":{"line":40,"column":9},"end":{"line":40,"column":25}},"loc":{"start":{"line":40,"column":76},"end":{"line":49,"column":1}},"line":40},"2":{"name":"forwardTaskLocations","decl":{"start":{"line":59,"column":16},"end":{"line":59,"column":36}},"loc":{"start":{"line":59,"column":87},"end":{"line":76,"column":1}},"line":59},"3":{"name":"(anonymous_3)","decl":{"start":{"line":81,"column":42},"end":{"line":81,"column":43}},"loc":{"start":{"line":81,"column":69},"end":{"line":86,"column":1}},"line":81},"4":{"name":"requestBackgroundPermission","decl":{"start":{"line":108,"column":22},"end":{"line":108,"column":49}},"loc":{"start":{"line":108,"column":70},"end":{"line":115,"column":1}},"line":108},"5":{"name":"startRunLocationUpdates","decl":{"start":{"line":122,"column":22},"end":{"line":122,"column":45}},"loc":{"start":{"line":122,"column":66},"end":{"line":135,"column":1}},"line":122},"6":{"name":"stopRunLocationUpdates","decl":{"start":{"line":138,"column":22},"end":{"line":138,"column":44}},"loc":{"start":{"line":138,"column":62},"end":{"line":147,"column":1}},"line":138}},"branchMap":{"0":{"loc":{"start":{"line":41,"column":2},"end":{"line":43,"column":3}},"type":"if","locations":[{"start":{"line":41,"column":2},"end":{"line":43,"column":3}},{"start":{},"end":{}}],"line":41},"1":{"loc":{"start":{"line":41,"column":6},"end":{"line":41,"column":49}},"type":"binary-expr","locations":[{"start":{"line":41,"column":6},"end":{"line":41,"column":31}},{"start":{"line":41,"column":35},"end":{"line":41,"column":49}}],"line":41},"2":{"loc":{"start":{"line":45,"column":2},"end":{"line":47,"column":3}},"type":"if","locations":[{"start":{"line":45,"column":2},"end":{"line":47,"column":3}},{"start":{},"end":{}}],"line":45},"3":{"loc":{"start":{"line":45,"column":6},"end":{"line":45,"column":51}},"type":"binary-expr","locations":[{"start":{"line":45,"column":6},"end":{"line":45,"column":32}},{"start":{"line":45,"column":36},"end":{"line":45,"column":51}}],"line":45},"4":{"loc":{"start":{"line":48,"column":9},"end":{"line":48,"column":78}},"type":"binary-expr","locations":[{"start":{"line":48,"column":9},"end":{"line":48,"column":41}},{"start":{"line":48,"column":45},"end":{"line":48,"column":78}}],"line":48},"5":{"loc":{"start":{"line":60,"column":2},"end":{"line":62,"column":3}},"type":"if","locations":[{"start":{"line":60,"column":2},"end":{"line":62,"column":3}},{"start":{},"end":{}}],"line":60},"6":{"loc":{"start":{"line":64,"column":2},"end":{"line":66,"column":3}},"type":"if","locations":[{"start":{"line":64,"column":2},"end":{"line":66,"column":3}},{"start":{},"end":{}}],"line":64},"7":{"loc":{"start":{"line":69,"column":4},"end":{"line":71,"column":5}},"type":"if","locations":[{"start":{"line":69,"column":4},"end":{"line":71,"column":5}},{"start":{},"end":{}}],"line":69},"8":{"loc":{"start":{"line":82,"column":2},"end":{"line":84,"column":3}},"type":"if","locations":[{"start":{"line":82,"column":2},"end":{"line":84,"column":3}},{"start":{},"end":{}}],"line":82},"9":{"loc":{"start":{"line":124,"column":4},"end":{"line":126,"column":5}},"type":"if","locations":[{"start":{"line":124,"column":4},"end":{"line":126,"column":5}},{"start":{},"end":{}}],"line":124},"10":{"loc":{"start":{"line":127,"column":4},"end":{"line":129,"column":5}},"type":"if","locations":[{"start":{"line":127,"column":4},"end":{"line":129,"column":5}},{"start":{},"end":{}}],"line":127},"11":{"loc":{"start":{"line":140,"column":4},"end":{"line":142,"column":5}},"type":"if","locations":[{"start":{"line":140,"column":4},"end":{"line":142,"column":5}},{"start":{},"end":{}}],"line":140}},"s":{"0":1,"1":1,"2":0,"3":6,"4":1,"5":5,"6":5,"7":1,"8":4,"9":6,"10":1,"11":5,"12":5,"13":3,"14":2,"15":2,"16":6,"17":3,"18":3,"19":3,"20":2,"21":1,"22":0,"23":0,"24":0,"25":1,"26":0,"27":0,"28":0,"29":0,"30":0,"31":0,"32":0,"33":0,"34":0,"35":0,"36":0,"37":0,"38":0,"39":0,"40":0},"f":{"0":0,"1":6,"2":6,"3":0,"4":0,"5":0,"6":0},"b":{"0":[1,5],"1":[6,6],"2":[1,4],"3":[5,5],"4":[4,3],"5":[1,5],"6":[3,2],"7":[3,3],"8":[0,0],"9":[0,0],"10":[0,0],"11":[0,0]},"_coverageSchema":"1a1c01bbd47fc00a2c39e90264f33305004495a9","hash":"bcffda2fcf616a420729e616485ca760ab155ad4"}
,"/Users/mattiazeminian/roam/src/services/geo.ts": {"path":"/Users/mattiazeminian/roam/src/services/geo.ts","statementMap":{"0":{"start":{"line":10,"column":23},"end":{"line":10,"column":32}},"1":{"start":{"line":11,"column":30},"end":{"line":11,"column":37}},"2":{"start":{"line":14,"column":2},"end":{"line":14,"column":35}},"3":{"start":{"line":19,"column":15},"end":{"line":19,"column":49}},"4":{"start":{"line":20,"column":15},"end":{"line":20,"column":51}},"5":{"start":{"line":21,"column":15},"end":{"line":21,"column":36}},"6":{"start":{"line":22,"column":15},"end":{"line":22,"column":36}},"7":{"start":{"line":23,"column":12},"end":{"line":23,"column":95}},"8":{"start":{"line":24,"column":2},"end":{"line":24,"column":67}},"9":{"start":{"line":29,"column":14},"end":{"line":29,"column":15}},"10":{"start":{"line":30,"column":2},"end":{"line":32,"column":3}},"11":{"start":{"line":30,"column":15},"end":{"line":30,"column":16}},"12":{"start":{"line":31,"column":4},"end":{"line":31,"column":55}},"13":{"start":{"line":33,"column":2},"end":{"line":33,"column":15}},"14":{"start":{"line":38,"column":31},"end":{"line":38,"column":55}},"15":{"start":{"line":39,"column":2},"end":{"line":39,"column":20}},"16":{"start":{"line":40,"column":2},"end":{"line":42,"column":3}},"17":{"start":{"line":40,"column":15},"end":{"line":40,"column":16}},"18":{"start":{"line":41,"column":4},"end":{"line":41,"column":82}},"19":{"start":{"line":43,"column":2},"end":{"line":43,"column":20}},"20":{"start":{"line":52,"column":4},"end":{"line":54,"column":40}},"21":{"start":{"line":55,"column":12},"end":{"line":55,"column":70}},"22":{"start":{"line":56,"column":2},"end":{"line":56,"column":18}},"23":{"start":{"line":83,"column":2},"end":{"line":85,"column":3}},"24":{"start":{"line":84,"column":4},"end":{"line":84,"column":16}},"25":{"start":{"line":87,"column":36},"end":{"line":87,"column":40}},"26":{"start":{"line":88,"column":16},"end":{"line":88,"column":66}},"27":{"start":{"line":90,"column":2},"end":{"line":116,"column":3}},"28":{"start":{"line":90,"column":15},"end":{"line":90,"column":20}},"29":{"start":{"line":91,"column":14},"end":{"line":91,"column":21}},"30":{"start":{"line":92,"column":14},"end":{"line":92,"column":25}},"31":{"start":{"line":93,"column":19},"end":{"line":93,"column":20}},"32":{"start":{"line":94,"column":18},"end":{"line":94,"column":46}},"33":{"start":{"line":95,"column":20},"end":{"line":95,"column":44}},"34":{"start":{"line":97,"column":26},"end":{"line":97,"column":57}},"35":{"start":{"line":99,"column":6},"end":{"line":101,"column":95}},"36":{"start":{"line":103,"column":18},"end":{"line":103,"column":31}},"37":{"start":{"line":104,"column":18},"end":{"line":104,"column":31}},"38":{"start":{"line":105,"column":25},"end":{"line":105,"column":69}},"39":{"start":{"line":107,"column":4},"end":{"line":115,"column":5}},"40":{"start":{"line":108,"column":28},"end":{"line":108,"column":61}},"41":{"start":{"line":109,"column":6},"end":{"line":114,"column":8}},"42":{"start":{"line":118,"column":2},"end":{"line":118,"column":14}},"43":{"start":{"line":123,"column":15},"end":{"line":123,"column":39}},"44":{"start":{"line":124,"column":15},"end":{"line":124,"column":37}},"45":{"start":{"line":125,"column":15},"end":{"line":125,"column":55}},"46":{"start":{"line":126,"column":12},"end":{"line":126,"column":43}},"47":{"start":{"line":127,"column":12},"end":{"line":127,"column":94}},"48":{"start":{"line":128,"column":18},"end":{"line":128,"column":52}},"49":{"start":{"line":129,"column":2},"end":{"line":129,"column":31}},"50":{"start":{"line":138,"column":2},"end":{"line":140,"column":3}},"51":{"start":{"line":139,"column":4},"end":{"line":139,"column":14}},"52":{"start":{"line":141,"column":16},"end":{"line":141,"column":49}},"53":{"start":{"line":142,"column":2},"end":{"line":144,"column":3}},"54":{"start":{"line":143,"column":4},"end":{"line":143,"column":21}},"55":{"start":{"line":146,"column":32},"end":{"line":146,"column":34}},"56":{"start":{"line":147,"column":2},"end":{"line":162,"column":3}},"57":{"start":{"line":147,"column":15},"end":{"line":147,"column":16}},"58":{"start":{"line":148,"column":4},"end":{"line":151,"column":5}},"59":{"start":{"line":149,"column":6},"end":{"line":149,"column":28}},"60":{"start":{"line":150,"column":6},"end":{"line":150,"column":15}},"61":{"start":{"line":154,"column":21},"end":{"line":154,"column":32}},"62":{"start":{"line":155,"column":26},"end":{"line":155,"column":59}},"63":{"start":{"line":156,"column":14},"end":{"line":156,"column":89}},"64":{"start":{"line":157,"column":4},"end":{"line":160,"column":7}},"65":{"start":{"line":161,"column":4},"end":{"line":161,"column":10}},"66":{"start":{"line":164,"column":2},"end":{"line":164,"column":17}}},"fnMap":{"0":{"name":"toRadians","decl":{"start":{"line":13,"column":16},"end":{"line":13,"column":25}},"loc":{"start":{"line":13,"column":43},"end":{"line":15,"column":1}},"line":13},"1":{"name":"haversineMeters","decl":{"start":{"line":18,"column":16},"end":{"line":18,"column":31}},"loc":{"start":{"line":18,"column":62},"end":{"line":25,"column":1}},"line":18},"2":{"name":"pathLengthMeters","decl":{"start":{"line":28,"column":16},"end":{"line":28,"column":32}},"loc":{"start":{"line":28,"column":55},"end":{"line":34,"column":1}},"line":28},"3":{"name":"cumulativeDistances","decl":{"start":{"line":37,"column":16},"end":{"line":37,"column":35}},"loc":{"start":{"line":37,"column":68},"end":{"line":44,"column":1}},"line":37},"4":{"name":"toLocalMeters","decl":{"start":{"line":50,"column":9},"end":{"line":50,"column":22}},"loc":{"start":{"line":50,"column":62},"end":{"line":57,"column":1}},"line":50},"5":{"name":"projectOntoPath","decl":{"start":{"line":77,"column":16},"end":{"line":77,"column":31}},"loc":{"start":{"line":82,"column":25},"end":{"line":119,"column":1}},"line":82},"6":{"name":"bearingDegrees","decl":{"start":{"line":122,"column":16},"end":{"line":122,"column":30}},"loc":{"start":{"line":122,"column":73},"end":{"line":130,"column":1}},"line":122},"7":{"name":"sliceAlongPath","decl":{"start":{"line":133,"column":16},"end":{"line":133,"column":30}},"loc":{"start":{"line":137,"column":16},"end":{"line":165,"column":1}},"line":137}},"branchMap":{"0":{"loc":{"start":{"line":81,"column":2},"end":{"line":81,"column":16}},"type":"default-arg","locations":[{"start":{"line":81,"column":15},"end":{"line":81,"column":16}}],"line":81},"1":{"loc":{"start":{"line":83,"column":2},"end":{"line":85,"column":3}},"type":"if","locations":[{"start":{"line":83,"column":2},"end":{"line":85,"column":3}},{"start":{},"end":{}}],"line":83},"2":{"loc":{"start":{"line":99,"column":6},"end":{"line":101,"column":95}},"type":"cond-expr","locations":[{"start":{"line":100,"column":10},"end":{"line":100,"column":11}},{"start":{"line":101,"column":10},"end":{"line":101,"column":95}}],"line":99},"3":{"loc":{"start":{"line":107,"column":4},"end":{"line":115,"column":5}},"type":"if","locations":[{"start":{"line":107,"column":4},"end":{"line":115,"column":5}},{"start":{},"end":{}}],"line":107},"4":{"loc":{"start":{"line":107,"column":8},"end":{"line":107,"column":49}},"type":"binary-expr","locations":[{"start":{"line":107,"column":8},"end":{"line":107,"column":13}},{"start":{"line":107,"column":17},"end":{"line":107,"column":49}}],"line":107},"5":{"loc":{"start":{"line":138,"column":2},"end":{"line":140,"column":3}},"type":"if","locations":[{"start":{"line":138,"column":2},"end":{"line":140,"column":3}},{"start":{},"end":{}}],"line":138},"6":{"loc":{"start":{"line":138,"column":6},"end":{"line":138,"column":41}},"type":"binary-expr","locations":[{"start":{"line":138,"column":6},"end":{"line":138,"column":21}},{"start":{"line":138,"column":25},"end":{"line":138,"column":41}}],"line":138},"7":{"loc":{"start":{"line":142,"column":2},"end":{"line":144,"column":3}},"type":"if","locations":[{"start":{"line":142,"column":2},"end":{"line":144,"column":3}},{"start":{},"end":{}}],"line":142},"8":{"loc":{"start":{"line":148,"column":4},"end":{"line":151,"column":5}},"type":"if","locations":[{"start":{"line":148,"column":4},"end":{"line":151,"column":5}},{"start":{},"end":{}}],"line":148},"9":{"loc":{"start":{"line":156,"column":14},"end":{"line":156,"column":89}},"type":"cond-expr","locations":[{"start":{"line":156,"column":36},"end":{"line":156,"column":37}},{"start":{"line":156,"column":40},"end":{"line":156,"column":89}}],"line":156}},"s":{"0":72,"1":72,"2":6825081,"3":1686199,"4":1686199,"5":1686199,"6":1686199,"7":1686199,"8":1686199,"9":0,"10":0,"11":0,"12":0,"13":0,"14":12,"15":12,"16":12,"17":12,"18":51,"19":12,"20":464,"21":464,"22":464,"23":109,"24":0,"25":109,"26":109,"27":109,"28":109,"29":232,"30":232,"31":232,"32":232,"33":232,"34":232,"35":232,"36":232,"37":232,"38":232,"39":232,"40":133,"41":133,"42":109,"43":26607,"44":26607,"45":26607,"46":26607,"47":26607,"48":26607,"49":26607,"50":0,"51":0,"52":0,"53":0,"54":0,"55":0,"56":0,"57":0,"58":0,"59":0,"60":0,"61":0,"62":0,"63":0,"64":0,"65":0,"66":0},"f":{"0":6825081,"1":1686199,"2":0,"3":12,"4":464,"5":109,"6":26607,"7":0},"b":{"0":[0],"1":[0,109],"2":[0,232],"3":[133,99],"4":[232,123],"5":[0,0],"6":[0,0],"7":[0,0],"8":[0,0],"9":[0,0]},"_coverageSchema":"1a1c01bbd47fc00a2c39e90264f33305004495a9","hash":"f18ada721044d3d87aafbaab1da0fd841db6620b"}
,"/Users/mattiazeminian/roam/src/services/location.ts": {"path":"/Users/mattiazeminian/roam/src/services/location.ts","statementMap":{"0":{"start":{"line":54,"column":2},"end":{"line":57,"column":4}},"1":{"start":{"line":63,"column":30},"end":{"line":63,"column":45}},"2":{"start":{"line":64,"column":2},"end":{"line":69,"column":4}},"3":{"start":{"line":74,"column":21},"end":{"line":74,"column":67}},"4":{"start":{"line":75,"column":2},"end":{"line":75,"column":16}},"5":{"start":{"line":84,"column":21},"end":{"line":84,"column":71}},"6":{"start":{"line":85,"column":2},"end":{"line":85,"column":16}},"7":{"start":{"line":90,"column":19},"end":{"line":92,"column":4}},"8":{"start":{"line":93,"column":2},"end":{"line":93,"column":32}},"9":{"start":{"line":101,"column":59},"end":{"line":101,"column":63}},"10":{"start":{"line":102,"column":16},"end":{"line":102,"column":21}},"11":{"start":{"line":104,"column":2},"end":{"line":115,"column":49}},"12":{"start":{"line":106,"column":18},"end":{"line":106,"column":50}},"13":{"start":{"line":109,"column":6},"end":{"line":113,"column":7}},"14":{"start":{"line":110,"column":8},"end":{"line":110,"column":25}},"15":{"start":{"line":112,"column":8},"end":{"line":112,"column":31}},"16":{"start":{"line":115,"column":31},"end":{"line":115,"column":47}},"17":{"start":{"line":117,"column":2},"end":{"line":122,"column":4}},"18":{"start":{"line":119,"column":6},"end":{"line":119,"column":21}},"19":{"start":{"line":120,"column":6},"end":{"line":120,"column":29}},"20":{"start":{"line":136,"column":55},"end":{"line":140,"column":1}},"21":{"start":{"line":154,"column":59},"end":{"line":154,"column":63}},"22":{"start":{"line":155,"column":16},"end":{"line":155,"column":21}},"23":{"start":{"line":165,"column":2},"end":{"line":177,"column":49}},"24":{"start":{"line":167,"column":18},"end":{"line":167,"column":46}},"25":{"start":{"line":168,"column":16},"end":{"line":168,"column":33}},"26":{"start":{"line":171,"column":6},"end":{"line":175,"column":7}},"27":{"start":{"line":172,"column":8},"end":{"line":172,"column":25}},"28":{"start":{"line":174,"column":8},"end":{"line":174,"column":31}},"29":{"start":{"line":177,"column":31},"end":{"line":177,"column":47}},"30":{"start":{"line":179,"column":2},"end":{"line":184,"column":4}},"31":{"start":{"line":181,"column":6},"end":{"line":181,"column":21}},"32":{"start":{"line":182,"column":6},"end":{"line":182,"column":29}}},"fnMap":{"0":{"name":"toCoordinate","decl":{"start":{"line":53,"column":16},"end":{"line":53,"column":28}},"loc":{"start":{"line":53,"column":76},"end":{"line":58,"column":1}},"line":53},"1":{"name":"toSample","decl":{"start":{"line":60,"column":16},"end":{"line":60,"column":24}},"loc":{"start":{"line":60,"column":76},"end":{"line":70,"column":1}},"line":60},"2":{"name":"getForegroundPermission","decl":{"start":{"line":73,"column":22},"end":{"line":73,"column":45}},"loc":{"start":{"line":73,"column":77},"end":{"line":76,"column":1}},"line":73},"3":{"name":"requestForegroundPermission","decl":{"start":{"line":83,"column":22},"end":{"line":83,"column":49}},"loc":{"start":{"line":83,"column":81},"end":{"line":86,"column":1}},"line":83},"4":{"name":"getCurrentCoordinate","decl":{"start":{"line":89,"column":22},"end":{"line":89,"column":42}},"loc":{"start":{"line":89,"column":66},"end":{"line":94,"column":1}},"line":89},"5":{"name":"watchCoordinate","decl":{"start":{"line":97,"column":16},"end":{"line":97,"column":31}},"loc":{"start":{"line":100,"column":24},"end":{"line":123,"column":1}},"line":100},"6":{"name":"(anonymous_6)","decl":{"start":{"line":106,"column":4},"end":{"line":106,"column":5}},"loc":{"start":{"line":106,"column":18},"end":{"line":106,"column":50}},"line":106},"7":{"name":"(anonymous_7)","decl":{"start":{"line":108,"column":10},"end":{"line":108,"column":11}},"loc":{"start":{"line":108,"column":23},"end":{"line":114,"column":5}},"line":108},"8":{"name":"(anonymous_8)","decl":{"start":{"line":115,"column":11},"end":{"line":115,"column":12}},"loc":{"start":{"line":115,"column":31},"end":{"line":115,"column":47}},"line":115},"9":{"name":"(anonymous_9)","decl":{"start":{"line":118,"column":12},"end":{"line":118,"column":13}},"loc":{"start":{"line":118,"column":18},"end":{"line":121,"column":5}},"line":118},"10":{"name":"watchRunPosition","decl":{"start":{"line":150,"column":16},"end":{"line":150,"column":32}},"loc":{"start":{"line":153,"column":24},"end":{"line":185,"column":1}},"line":153},"11":{"name":"(anonymous_11)","decl":{"start":{"line":167,"column":4},"end":{"line":167,"column":5}},"loc":{"start":{"line":167,"column":18},"end":{"line":167,"column":46}},"line":167},"12":{"name":"(anonymous_12)","decl":{"start":{"line":168,"column":4},"end":{"line":168,"column":5}},"loc":{"start":{"line":168,"column":16},"end":{"line":168,"column":33}},"line":168},"13":{"name":"(anonymous_13)","decl":{"start":{"line":170,"column":10},"end":{"line":170,"column":11}},"loc":{"start":{"line":170,"column":23},"end":{"line":176,"column":5}},"line":170},"14":{"name":"(anonymous_14)","decl":{"start":{"line":177,"column":11},"end":{"line":177,"column":12}},"loc":{"start":{"line":177,"column":31},"end":{"line":177,"column":47}},"line":177},"15":{"name":"(anonymous_15)","decl":{"start":{"line":180,"column":12},"end":{"line":180,"column":13}},"loc":{"start":{"line":180,"column":18},"end":{"line":183,"column":5}},"line":180}},"branchMap":{"0":{"loc":{"start":{"line":66,"column":20},"end":{"line":66,"column":83}},"type":"cond-expr","locations":[{"start":{"line":66,"column":68},"end":{"line":66,"column":76}},{"start":{"line":66,"column":79},"end":{"line":66,"column":83}}],"line":66},"1":{"loc":{"start":{"line":66,"column":20},"end":{"line":66,"column":65}},"type":"binary-expr","locations":[{"start":{"line":66,"column":20},"end":{"line":66,"column":48}},{"start":{"line":66,"column":52},"end":{"line":66,"column":65}}],"line":66},"2":{"loc":{"start":{"line":68,"column":26},"end":{"line":68,"column":80}},"type":"cond-expr","locations":[{"start":{"line":68,"column":68},"end":{"line":68,"column":73}},{"start":{"line":68,"column":76},"end":{"line":68,"column":80}}],"line":68},"3":{"loc":{"start":{"line":68,"column":26},"end":{"line":68,"column":65}},"type":"binary-expr","locations":[{"start":{"line":68,"column":26},"end":{"line":68,"column":51}},{"start":{"line":68,"column":55},"end":{"line":68,"column":65}}],"line":68},"4":{"loc":{"start":{"line":109,"column":6},"end":{"line":113,"column":7}},"type":"if","locations":[{"start":{"line":109,"column":6},"end":{"line":113,"column":7}},{"start":{"line":111,"column":13},"end":{"line":113,"column":7}}],"line":109},"5":{"loc":{"start":{"line":171,"column":6},"end":{"line":175,"column":7}},"type":"if","locations":[{"start":{"line":171,"column":6},"end":{"line":175,"column":7}},{"start":{"line":173,"column":13},"end":{"line":175,"column":7}}],"line":171}},"s":{"0":32,"1":32,"2":32,"3":0,"4":0,"5":0,"6":0,"7":0,"8":0,"9":0,"10":0,"11":0,"12":0,"13":0,"14":0,"15":0,"16":0,"17":0,"18":0,"19":0,"20":2,"21":27,"22":27,"23":27,"24":29,"25":2,"26":27,"27":0,"28":27,"29":0,"30":27,"31":27,"32":27},"f":{"0":32,"1":32,"2":0,"3":0,"4":0,"5":0,"6":0,"7":0,"8":0,"9":0,"10":27,"11":29,"12":2,"13":27,"14":0,"15":27},"b":{"0":[31,1],"1":[32,31],"2":[2,30],"3":[32,2],"4":[0,0],"5":[0,27]},"_coverageSchema":"1a1c01bbd47fc00a2c39e90264f33305004495a9","hash":"ef9eaf1835437f9928f55133f75380868fbc3673"}
,"/Users/mattiazeminian/roam/src/services/profile.ts": {"path":"/Users/mattiazeminian/roam/src/services/profile.ts","statementMap":{"0":{"start":{"line":23,"column":40},"end":{"line":27,"column":1}},"1":{"start":{"line":29,"column":21},"end":{"line":29,"column":35}},"2":{"start":{"line":30,"column":20},"end":{"line":30,"column":32}},"3":{"start":{"line":32,"column":16},"end":{"line":32,"column":17}},"4":{"start":{"line":33,"column":16},"end":{"line":33,"column":19}},"5":{"start":{"line":36,"column":2},"end":{"line":36,"column":48}},"6":{"start":{"line":40,"column":2},"end":{"line":42,"column":3}},"7":{"start":{"line":41,"column":4},"end":{"line":41,"column":16}},"8":{"start":{"line":43,"column":2},"end":{"line":45,"column":3}},"9":{"start":{"line":44,"column":4},"end":{"line":44,"column":16}},"10":{"start":{"line":46,"column":2},"end":{"line":46,"column":27}},"11":{"start":{"line":50,"column":2},"end":{"line":52,"column":3}},"12":{"start":{"line":51,"column":4},"end":{"line":51,"column":16}},"13":{"start":{"line":53,"column":18},"end":{"line":53,"column":30}},"14":{"start":{"line":54,"column":2},"end":{"line":54,"column":45}},"15":{"start":{"line":58,"column":2},"end":{"line":60,"column":3}},"16":{"start":{"line":59,"column":4},"end":{"line":59,"column":27}},"17":{"start":{"line":61,"column":14},"end":{"line":61,"column":39}},"18":{"start":{"line":62,"column":2},"end":{"line":66,"column":4}},"19":{"start":{"line":70,"column":15},"end":{"line":70,"column":28}},"20":{"start":{"line":71,"column":2},"end":{"line":73,"column":3}},"21":{"start":{"line":72,"column":4},"end":{"line":72,"column":27}},"22":{"start":{"line":74,"column":2},"end":{"line":78,"column":3}},"23":{"start":{"line":75,"column":4},"end":{"line":75,"column":55}},"24":{"start":{"line":77,"column":4},"end":{"line":77,"column":27}},"25":{"start":{"line":82,"column":20},"end":{"line":82,"column":49}},"26":{"start":{"line":83,"column":2},"end":{"line":85,"column":3}},"27":{"start":{"line":84,"column":4},"end":{"line":84,"column":46}},"28":{"start":{"line":86,"column":15},"end":{"line":86,"column":28}},"29":{"start":{"line":87,"column":2},"end":{"line":89,"column":3}},"30":{"start":{"line":88,"column":4},"end":{"line":88,"column":18}},"31":{"start":{"line":90,"column":17},"end":{"line":90,"column":38}},"32":{"start":{"line":91,"column":2},"end":{"line":91,"column":37}},"33":{"start":{"line":92,"column":2},"end":{"line":94,"column":3}},"34":{"start":{"line":93,"column":4},"end":{"line":93,"column":21}},"35":{"start":{"line":99,"column":18},"end":{"line":99,"column":44}},"36":{"start":{"line":107,"column":2},"end":{"line":107,"column":26}},"37":{"start":{"line":108,"column":2},"end":{"line":110,"column":4}},"38":{"start":{"line":109,"column":4},"end":{"line":109,"column":31}},"39":{"start":{"line":132,"column":2},"end":{"line":137,"column":3}},"40":{"start":{"line":134,"column":4},"end":{"line":134,"column":61}},"41":{"start":{"line":136,"column":4},"end":{"line":136,"column":16}},"42":{"start":{"line":141,"column":22},"end":{"line":141,"column":39}},"43":{"start":{"line":142,"column":2},"end":{"line":144,"column":3}},"44":{"start":{"line":143,"column":4},"end":{"line":143,"column":16}},"45":{"start":{"line":146,"column":2},"end":{"line":177,"column":3}},"46":{"start":{"line":147,"column":23},"end":{"line":147,"column":78}},"47":{"start":{"line":148,"column":4},"end":{"line":150,"column":5}},"48":{"start":{"line":149,"column":6},"end":{"line":149,"column":18}},"49":{"start":{"line":152,"column":19},"end":{"line":158,"column":6}},"50":{"start":{"line":160,"column":4},"end":{"line":162,"column":5}},"51":{"start":{"line":161,"column":6},"end":{"line":161,"column":18}},"52":{"start":{"line":164,"column":22},"end":{"line":164,"column":51}},"53":{"start":{"line":165,"column":4},"end":{"line":167,"column":5}},"54":{"start":{"line":166,"column":6},"end":{"line":166,"column":48}},"55":{"start":{"line":168,"column":17},"end":{"line":168,"column":54}},"56":{"start":{"line":169,"column":4},"end":{"line":171,"column":5}},"57":{"start":{"line":170,"column":6},"end":{"line":170,"column":20}},"58":{"start":{"line":172,"column":4},"end":{"line":172,"column":64}},"59":{"start":{"line":173,"column":4},"end":{"line":173,"column":20}},"60":{"start":{"line":176,"column":4},"end":{"line":176,"column":16}}},"fnMap":{"0":{"name":"profileFile","decl":{"start":{"line":35,"column":9},"end":{"line":35,"column":20}},"loc":{"start":{"line":35,"column":29},"end":{"line":37,"column":1}},"line":35},"1":{"name":"clampOrNull","decl":{"start":{"line":39,"column":9},"end":{"line":39,"column":20}},"loc":{"start":{"line":39,"column":78},"end":{"line":47,"column":1}},"line":39},"2":{"name":"textOrNull","decl":{"start":{"line":49,"column":9},"end":{"line":49,"column":19}},"loc":{"start":{"line":49,"column":51},"end":{"line":55,"column":1}},"line":49},"3":{"name":"parseProfile","decl":{"start":{"line":57,"column":9},"end":{"line":57,"column":21}},"loc":{"start":{"line":57,"column":47},"end":{"line":67,"column":1}},"line":57},"4":{"name":"loadProfile","decl":{"start":{"line":69,"column":22},"end":{"line":69,"column":33}},"loc":{"start":{"line":69,"column":54},"end":{"line":79,"column":1}},"line":69},"5":{"name":"saveProfile","decl":{"start":{"line":81,"column":22},"end":{"line":81,"column":33}},"loc":{"start":{"line":81,"column":67},"end":{"line":95,"column":1}},"line":81},"6":{"name":"subscribeToProfile","decl":{"start":{"line":106,"column":16},"end":{"line":106,"column":34}},"loc":{"start":{"line":106,"column":74},"end":{"line":111,"column":1}},"line":106},"7":{"name":"(anonymous_7)","decl":{"start":{"line":108,"column":9},"end":{"line":108,"column":10}},"loc":{"start":{"line":108,"column":15},"end":{"line":110,"column":3}},"line":108},"8":{"name":"loadImagePicker","decl":{"start":{"line":131,"column":9},"end":{"line":131,"column":24}},"loc":{"start":{"line":131,"column":53},"end":{"line":138,"column":1}},"line":131},"9":{"name":"pickAvatar","decl":{"start":{"line":140,"column":22},"end":{"line":140,"column":32}},"loc":{"start":{"line":140,"column":59},"end":{"line":178,"column":1}},"line":140}},"branchMap":{"0":{"loc":{"start":{"line":40,"column":2},"end":{"line":42,"column":3}},"type":"if","locations":[{"start":{"line":40,"column":2},"end":{"line":42,"column":3}},{"start":{},"end":{}}],"line":40},"1":{"loc":{"start":{"line":40,"column":6},"end":{"line":40,"column":58}},"type":"binary-expr","locations":[{"start":{"line":40,"column":6},"end":{"line":40,"column":31}},{"start":{"line":40,"column":35},"end":{"line":40,"column":58}}],"line":40},"2":{"loc":{"start":{"line":43,"column":2},"end":{"line":45,"column":3}},"type":"if","locations":[{"start":{"line":43,"column":2},"end":{"line":45,"column":3}},{"start":{},"end":{}}],"line":43},"3":{"loc":{"start":{"line":43,"column":6},"end":{"line":43,"column":32}},"type":"binary-expr","locations":[{"start":{"line":43,"column":6},"end":{"line":43,"column":17}},{"start":{"line":43,"column":21},"end":{"line":43,"column":32}}],"line":43},"4":{"loc":{"start":{"line":50,"column":2},"end":{"line":52,"column":3}},"type":"if","locations":[{"start":{"line":50,"column":2},"end":{"line":52,"column":3}},{"start":{},"end":{}}],"line":50},"5":{"loc":{"start":{"line":54,"column":9},"end":{"line":54,"column":44}},"type":"cond-expr","locations":[{"start":{"line":54,"column":30},"end":{"line":54,"column":37}},{"start":{"line":54,"column":40},"end":{"line":54,"column":44}}],"line":54},"6":{"loc":{"start":{"line":58,"column":2},"end":{"line":60,"column":3}},"type":"if","locations":[{"start":{"line":58,"column":2},"end":{"line":60,"column":3}},{"start":{},"end":{}}],"line":58},"7":{"loc":{"start":{"line":58,"column":6},"end":{"line":58,"column":49}},"type":"binary-expr","locations":[{"start":{"line":58,"column":6},"end":{"line":58,"column":31}},{"start":{"line":58,"column":35},"end":{"line":58,"column":49}}],"line":58},"8":{"loc":{"start":{"line":71,"column":2},"end":{"line":73,"column":3}},"type":"if","locations":[{"start":{"line":71,"column":2},"end":{"line":73,"column":3}},{"start":{},"end":{}}],"line":71},"9":{"loc":{"start":{"line":83,"column":2},"end":{"line":85,"column":3}},"type":"if","locations":[{"start":{"line":83,"column":2},"end":{"line":85,"column":3}},{"start":{},"end":{}}],"line":83},"10":{"loc":{"start":{"line":87,"column":2},"end":{"line":89,"column":3}},"type":"if","locations":[{"start":{"line":87,"column":2},"end":{"line":89,"column":3}},{"start":{},"end":{}}],"line":87},"11":{"loc":{"start":{"line":142,"column":2},"end":{"line":144,"column":3}},"type":"if","locations":[{"start":{"line":142,"column":2},"end":{"line":144,"column":3}},{"start":{},"end":{}}],"line":142},"12":{"loc":{"start":{"line":148,"column":4},"end":{"line":150,"column":5}},"type":"if","locations":[{"start":{"line":148,"column":4},"end":{"line":150,"column":5}},{"start":{},"end":{}}],"line":148},"13":{"loc":{"start":{"line":160,"column":4},"end":{"line":162,"column":5}},"type":"if","locations":[{"start":{"line":160,"column":4},"end":{"line":162,"column":5}},{"start":{},"end":{}}],"line":160},"14":{"loc":{"start":{"line":160,"column":8},"end":{"line":160,"column":54}},"type":"binary-expr","locations":[{"start":{"line":160,"column":8},"end":{"line":160,"column":23}},{"start":{"line":160,"column":27},"end":{"line":160,"column":54}}],"line":160},"15":{"loc":{"start":{"line":165,"column":4},"end":{"line":167,"column":5}},"type":"if","locations":[{"start":{"line":165,"column":4},"end":{"line":167,"column":5}},{"start":{},"end":{}}],"line":165},"16":{"loc":{"start":{"line":169,"column":4},"end":{"line":171,"column":5}},"type":"if","locations":[{"start":{"line":169,"column":4},"end":{"line":171,"column":5}},{"start":{},"end":{}}],"line":169}},"s":{"0":1,"1":1,"2":1,"3":1,"4":1,"5":14,"6":12,"7":7,"8":5,"9":1,"10":4,"11":24,"12":15,"13":9,"14":9,"15":12,"16":0,"17":12,"18":12,"19":8,"20":8,"21":1,"22":7,"23":7,"24":1,"25":6,"26":6,"27":0,"28":6,"29":6,"30":6,"31":6,"32":6,"33":6,"34":0,"35":1,"36":0,"37":0,"38":0,"39":0,"40":0,"41":0,"42":0,"43":0,"44":0,"45":0,"46":0,"47":0,"48":0,"49":0,"50":0,"51":0,"52":0,"53":0,"54":0,"55":0,"56":0,"57":0,"58":0,"59":0,"60":0},"f":{"0":14,"1":12,"2":24,"3":12,"4":8,"5":6,"6":0,"7":0,"8":0,"9":0},"b":{"0":[7,5],"1":[12,5],"2":[1,4],"3":[5,5],"4":[15,9],"5":[8,1],"6":[0,12],"7":[12,12],"8":[1,7],"9":[0,6],"10":[6,0],"11":[0,0],"12":[0,0],"13":[0,0],"14":[0,0],"15":[0,0],"16":[0,0]},"_coverageSchema":"1a1c01bbd47fc00a2c39e90264f33305004495a9","hash":"ce3d2926d31e6526b240f599d45b0a0a8f08af72"}
,"/Users/mattiazeminian/roam/src/services/route-context.tsx": {"path":"/Users/mattiazeminian/roam/src/services/route-context.tsx","statementMap":{"0":{"start":{"line":70,"column":21},"end":{"line":70,"column":66}},"1":{"start":{"line":86,"column":23},"end":{"line":86,"column":36}},"2":{"start":{"line":87,"column":21},"end":{"line":87,"column":34}},"3":{"start":{"line":88,"column":30},"end":{"line":88,"column":65}},"4":{"start":{"line":89,"column":38},"end":{"line":89,"column":68}},"5":{"start":{"line":90,"column":44},"end":{"line":90,"column":55}},"6":{"start":{"line":91,"column":34},"end":{"line":91,"column":63}},"7":{"start":{"line":92,"column":36},"end":{"line":92,"column":75}},"8":{"start":{"line":93,"column":42},"end":{"line":93,"column":71}},"9":{"start":{"line":95,"column":30},"end":{"line":95,"column":67}},"10":{"start":{"line":96,"column":38},"end":{"line":96,"column":71}},"11":{"start":{"line":97,"column":32},"end":{"line":97,"column":47}},"12":{"start":{"line":99,"column":18},"end":{"line":99,"column":55}},"13":{"start":{"line":101,"column":20},"end":{"line":101,"column":29}},"14":{"start":{"line":103,"column":22},"end":{"line":107,"column":17}},"15":{"start":{"line":109,"column":19},"end":{"line":109,"column":32}},"16":{"start":{"line":111,"column":20},"end":{"line":118,"column":8}},"17":{"start":{"line":112,"column":4},"end":{"line":112,"column":27}},"18":{"start":{"line":113,"column":4},"end":{"line":113,"column":25}},"19":{"start":{"line":114,"column":4},"end":{"line":114,"column":20}},"20":{"start":{"line":115,"column":4},"end":{"line":115,"column":22}},"21":{"start":{"line":116,"column":4},"end":{"line":116,"column":26}},"22":{"start":{"line":117,"column":4},"end":{"line":117,"column":26}},"23":{"start":{"line":120,"column":15},"end":{"line":168,"column":3}},"24":{"start":{"line":122,"column":6},"end":{"line":124,"column":7}},"25":{"start":{"line":123,"column":8},"end":{"line":123,"column":21}},"26":{"start":{"line":125,"column":6},"end":{"line":125,"column":30}},"27":{"start":{"line":126,"column":6},"end":{"line":126,"column":70}},"28":{"start":{"line":128,"column":6},"end":{"line":128,"column":27}},"29":{"start":{"line":129,"column":6},"end":{"line":129,"column":25}},"30":{"start":{"line":130,"column":6},"end":{"line":130,"column":28}},"31":{"start":{"line":131,"column":6},"end":{"line":131,"column":31}},"32":{"start":{"line":133,"column":6},"end":{"line":165,"column":7}},"33":{"start":{"line":134,"column":23},"end":{"line":145,"column":14}},"34":{"start":{"line":147,"column":8},"end":{"line":147,"column":20}},"35":{"start":{"line":148,"column":8},"end":{"line":148,"column":30}},"36":{"start":{"line":149,"column":8},"end":{"line":149,"column":28}},"37":{"start":{"line":150,"column":8},"end":{"line":150,"column":27}},"38":{"start":{"line":151,"column":8},"end":{"line":151,"column":20}},"39":{"start":{"line":153,"column":8},"end":{"line":153,"column":26}},"40":{"start":{"line":154,"column":8},"end":{"line":154,"column":27}},"41":{"start":{"line":155,"column":8},"end":{"line":161,"column":9}},"42":{"start":{"line":156,"column":10},"end":{"line":156,"column":35}},"43":{"start":{"line":157,"column":10},"end":{"line":157,"column":41}},"44":{"start":{"line":159,"column":10},"end":{"line":159,"column":34}},"45":{"start":{"line":160,"column":10},"end":{"line":160,"column":72}},"46":{"start":{"line":162,"column":8},"end":{"line":162,"column":21}},"47":{"start":{"line":164,"column":8},"end":{"line":164,"column":33}},"48":{"start":{"line":170,"column":16},"end":{"line":176,"column":12}},"49":{"start":{"line":171,"column":20},"end":{"line":171,"column":39}},"50":{"start":{"line":172,"column":4},"end":{"line":174,"column":5}},"51":{"start":{"line":173,"column":6},"end":{"line":173,"column":19}},"52":{"start":{"line":175,"column":4},"end":{"line":175,"column":66}},"53":{"start":{"line":178,"column":17},"end":{"line":185,"column":3}},"54":{"start":{"line":181,"column":6},"end":{"line":181,"column":18}},"55":{"start":{"line":182,"column":6},"end":{"line":182,"column":30}},"56":{"start":{"line":187,"column":20},"end":{"line":198,"column":3}},"57":{"start":{"line":189,"column":6},"end":{"line":189,"column":33}},"58":{"start":{"line":190,"column":6},"end":{"line":190,"column":18}},"59":{"start":{"line":191,"column":6},"end":{"line":191,"column":29}},"60":{"start":{"line":192,"column":6},"end":{"line":192,"column":26}},"61":{"start":{"line":193,"column":6},"end":{"line":193,"column":33}},"62":{"start":{"line":194,"column":6},"end":{"line":194,"column":25}},"63":{"start":{"line":195,"column":6},"end":{"line":195,"column":25}},"64":{"start":{"line":200,"column":21},"end":{"line":204,"column":8}},"65":{"start":{"line":201,"column":4},"end":{"line":201,"column":23}},"66":{"start":{"line":202,"column":4},"end":{"line":202,"column":26}},"67":{"start":{"line":203,"column":4},"end":{"line":203,"column":69}},"68":{"start":{"line":203,"column":28},"end":{"line":203,"column":66}},"69":{"start":{"line":206,"column":23},"end":{"line":206,"column":82}},"70":{"start":{"line":207,"column":23},"end":{"line":207,"column":55}},"71":{"start":{"line":211,"column":28},"end":{"line":218,"column":54}},"72":{"start":{"line":212,"column":4},"end":{"line":214,"column":5}},"73":{"start":{"line":213,"column":6},"end":{"line":213,"column":24}},"74":{"start":{"line":215,"column":4},"end":{"line":217,"column":6}},"75":{"start":{"line":216,"column":6},"end":{"line":216,"column":49}},"76":{"start":{"line":220,"column":22},"end":{"line":263,"column":3}},"77":{"start":{"line":222,"column":6},"end":{"line":224,"column":7}},"78":{"start":{"line":223,"column":8},"end":{"line":223,"column":15}},"79":{"start":{"line":225,"column":6},"end":{"line":229,"column":7}},"80":{"start":{"line":226,"column":8},"end":{"line":226,"column":31}},"81":{"start":{"line":227,"column":8},"end":{"line":227,"column":63}},"82":{"start":{"line":228,"column":8},"end":{"line":228,"column":15}},"83":{"start":{"line":231,"column":20},"end":{"line":231,"column":39}},"84":{"start":{"line":233,"column":6},"end":{"line":233,"column":35}},"85":{"start":{"line":234,"column":6},"end":{"line":234,"column":23}},"86":{"start":{"line":235,"column":6},"end":{"line":235,"column":37}},"87":{"start":{"line":237,"column":6},"end":{"line":260,"column":7}},"88":{"start":{"line":238,"column":21},"end":{"line":242,"column":10}},"89":{"start":{"line":243,"column":8},"end":{"line":245,"column":9}},"90":{"start":{"line":244,"column":10},"end":{"line":244,"column":17}},"91":{"start":{"line":246,"column":8},"end":{"line":246,"column":52}},"92":{"start":{"line":247,"column":8},"end":{"line":247,"column":30}},"93":{"start":{"line":248,"column":8},"end":{"line":248,"column":30}},"94":{"start":{"line":250,"column":8},"end":{"line":252,"column":9}},"95":{"start":{"line":251,"column":10},"end":{"line":251,"column":17}},"96":{"start":{"line":254,"column":8},"end":{"line":254,"column":30}},"97":{"start":{"line":255,"column":8},"end":{"line":255,"column":47}},"98":{"start":{"line":256,"column":8},"end":{"line":256,"column":31}},"99":{"start":{"line":257,"column":8},"end":{"line":259,"column":10}},"100":{"start":{"line":265,"column":23},"end":{"line":274,"column":3}},"101":{"start":{"line":267,"column":22},"end":{"line":267,"column":45}},"102":{"start":{"line":268,"column":6},"end":{"line":270,"column":7}},"103":{"start":{"line":269,"column":8},"end":{"line":269,"column":15}},"104":{"start":{"line":271,"column":6},"end":{"line":271,"column":86}},"105":{"start":{"line":271,"column":50},"end":{"line":271,"column":82}},"106":{"start":{"line":276,"column":22},"end":{"line":282,"column":3}},"107":{"start":{"line":278,"column":22},"end":{"line":278,"column":45}},"108":{"start":{"line":279,"column":6},"end":{"line":279,"column":49}},"109":{"start":{"line":284,"column":29},"end":{"line":290,"column":27}},"110":{"start":{"line":285,"column":20},"end":{"line":285,"column":43}},"111":{"start":{"line":286,"column":4},"end":{"line":288,"column":5}},"112":{"start":{"line":287,"column":6},"end":{"line":287,"column":13}},"113":{"start":{"line":289,"column":4},"end":{"line":289,"column":43}},"114":{"start":{"line":292,"column":19},"end":{"line":301,"column":8}},"115":{"start":{"line":295,"column":4},"end":{"line":295,"column":27}},"116":{"start":{"line":296,"column":21},"end":{"line":296,"column":50}},"117":{"start":{"line":297,"column":4},"end":{"line":297,"column":24}},"118":{"start":{"line":298,"column":4},"end":{"line":298,"column":43}},"119":{"start":{"line":299,"column":4},"end":{"line":299,"column":26}},"120":{"start":{"line":300,"column":4},"end":{"line":300,"column":26}},"121":{"start":{"line":303,"column":20},"end":{"line":305,"column":17}},"122":{"start":{"line":304,"column":4},"end":{"line":304,"column":16}},"123":{"start":{"line":307,"column":16},"end":{"line":351,"column":3}},"124":{"start":{"line":308,"column":11},"end":{"line":329,"column":5}},"125":{"start":{"line":353,"column":2},"end":{"line":355,"column":4}},"126":{"start":{"line":359,"column":16},"end":{"line":359,"column":40}},"127":{"start":{"line":360,"column":2},"end":{"line":362,"column":3}},"128":{"start":{"line":361,"column":4},"end":{"line":361,"column":69}},"129":{"start":{"line":363,"column":2},"end":{"line":363,"column":15}}},"fnMap":{"0":{"name":"RouteProvider","decl":{"start":{"line":85,"column":16},"end":{"line":85,"column":29}},"loc":{"start":{"line":85,"column":69},"end":{"line":356,"column":1}},"line":85},"1":{"name":"(anonymous_1)","decl":{"start":{"line":111,"column":32},"end":{"line":111,"column":33}},"loc":{"start":{"line":111,"column":38},"end":{"line":118,"column":3}},"line":111},"2":{"name":"(anonymous_2)","decl":{"start":{"line":121,"column":4},"end":{"line":121,"column":5}},"loc":{"start":{"line":121,"column":89},"end":{"line":166,"column":5}},"line":121},"3":{"name":"(anonymous_3)","decl":{"start":{"line":170,"column":28},"end":{"line":170,"column":29}},"loc":{"start":{"line":170,"column":40},"end":{"line":176,"column":3}},"line":170},"4":{"name":"(anonymous_4)","decl":{"start":{"line":179,"column":4},"end":{"line":179,"column":5}},"loc":{"start":{"line":179,"column":23},"end":{"line":183,"column":5}},"line":179},"5":{"name":"(anonymous_5)","decl":{"start":{"line":188,"column":4},"end":{"line":188,"column":5}},"loc":{"start":{"line":188,"column":54},"end":{"line":196,"column":5}},"line":188},"6":{"name":"(anonymous_6)","decl":{"start":{"line":200,"column":33},"end":{"line":200,"column":34}},"loc":{"start":{"line":200,"column":39},"end":{"line":204,"column":3}},"line":200},"7":{"name":"(anonymous_7)","decl":{"start":{"line":203,"column":14},"end":{"line":203,"column":15}},"loc":{"start":{"line":203,"column":28},"end":{"line":203,"column":66}},"line":203},"8":{"name":"(anonymous_8)","decl":{"start":{"line":211,"column":36},"end":{"line":211,"column":37}},"loc":{"start":{"line":211,"column":42},"end":{"line":218,"column":3}},"line":211},"9":{"name":"(anonymous_9)","decl":{"start":{"line":215,"column":26},"end":{"line":215,"column":27}},"loc":{"start":{"line":216,"column":6},"end":{"line":216,"column":49}},"line":216},"10":{"name":"(anonymous_10)","decl":{"start":{"line":221,"column":4},"end":{"line":221,"column":5}},"loc":{"start":{"line":221,"column":39},"end":{"line":261,"column":5}},"line":221},"11":{"name":"(anonymous_11)","decl":{"start":{"line":266,"column":4},"end":{"line":266,"column":5}},"loc":{"start":{"line":266,"column":47},"end":{"line":272,"column":5}},"line":266},"12":{"name":"(anonymous_12)","decl":{"start":{"line":271,"column":35},"end":{"line":271,"column":36}},"loc":{"start":{"line":271,"column":50},"end":{"line":271,"column":82}},"line":271},"13":{"name":"(anonymous_13)","decl":{"start":{"line":277,"column":4},"end":{"line":277,"column":5}},"loc":{"start":{"line":277,"column":32},"end":{"line":280,"column":5}},"line":277},"14":{"name":"(anonymous_14)","decl":{"start":{"line":284,"column":41},"end":{"line":284,"column":42}},"loc":{"start":{"line":284,"column":47},"end":{"line":290,"column":3}},"line":284},"15":{"name":"(anonymous_15)","decl":{"start":{"line":292,"column":31},"end":{"line":292,"column":32}},"loc":{"start":{"line":292,"column":37},"end":{"line":301,"column":3}},"line":292},"16":{"name":"(anonymous_16)","decl":{"start":{"line":303,"column":32},"end":{"line":303,"column":33}},"loc":{"start":{"line":303,"column":38},"end":{"line":305,"column":3}},"line":303},"17":{"name":"(anonymous_17)","decl":{"start":{"line":308,"column":4},"end":{"line":308,"column":5}},"loc":{"start":{"line":308,"column":11},"end":{"line":329,"column":5}},"line":308},"18":{"name":"useRoutes","decl":{"start":{"line":358,"column":16},"end":{"line":358,"column":25}},"loc":{"start":{"line":358,"column":47},"end":{"line":364,"column":1}},"line":358}},"branchMap":{"0":{"loc":{"start":{"line":121,"column":52},"end":{"line":121,"column":84}},"type":"default-arg","locations":[{"start":{"line":121,"column":80},"end":{"line":121,"column":84}}],"line":121},"1":{"loc":{"start":{"line":122,"column":6},"end":{"line":124,"column":7}},"type":"if","locations":[{"start":{"line":122,"column":6},"end":{"line":124,"column":7}},{"start":{},"end":{}}],"line":122},"2":{"loc":{"start":{"line":134,"column":23},"end":{"line":145,"column":14}},"type":"cond-expr","locations":[{"start":{"line":135,"column":12},"end":{"line":140,"column":14}},{"start":{"line":141,"column":12},"end":{"line":145,"column":14}}],"line":134},"3":{"loc":{"start":{"line":155,"column":8},"end":{"line":161,"column":9}},"type":"if","locations":[{"start":{"line":155,"column":8},"end":{"line":161,"column":9}},{"start":{"line":158,"column":15},"end":{"line":161,"column":9}}],"line":155},"4":{"loc":{"start":{"line":172,"column":4},"end":{"line":174,"column":5}},"type":"if","locations":[{"start":{"line":172,"column":4},"end":{"line":174,"column":5}},{"start":{},"end":{}}],"line":172},"5":{"loc":{"start":{"line":203,"column":28},"end":{"line":203,"column":66}},"type":"cond-expr","locations":[{"start":{"line":203,"column":50},"end":{"line":203,"column":56}},{"start":{"line":203,"column":59},"end":{"line":203,"column":66}}],"line":203},"6":{"loc":{"start":{"line":207,"column":23},"end":{"line":207,"column":55}},"type":"binary-expr","locations":[{"start":{"line":207,"column":23},"end":{"line":207,"column":47}},{"start":{"line":207,"column":51},"end":{"line":207,"column":55}}],"line":207},"7":{"loc":{"start":{"line":212,"column":4},"end":{"line":214,"column":5}},"type":"if","locations":[{"start":{"line":212,"column":4},"end":{"line":214,"column":5}},{"start":{},"end":{}}],"line":212},"8":{"loc":{"start":{"line":212,"column":8},"end":{"line":212,"column":32}},"type":"binary-expr","locations":[{"start":{"line":212,"column":8},"end":{"line":212,"column":15}},{"start":{"line":212,"column":19},"end":{"line":212,"column":32}}],"line":212},"9":{"loc":{"start":{"line":216,"column":6},"end":{"line":216,"column":49}},"type":"cond-expr","locations":[{"start":{"line":216,"column":31},"end":{"line":216,"column":37}},{"start":{"line":216,"column":40},"end":{"line":216,"column":49}}],"line":216},"10":{"loc":{"start":{"line":222,"column":6},"end":{"line":224,"column":7}},"type":"if","locations":[{"start":{"line":222,"column":6},"end":{"line":224,"column":7}},{"start":{},"end":{}}],"line":222},"11":{"loc":{"start":{"line":225,"column":6},"end":{"line":229,"column":7}},"type":"if","locations":[{"start":{"line":225,"column":6},"end":{"line":229,"column":7}},{"start":{},"end":{}}],"line":225},"12":{"loc":{"start":{"line":243,"column":8},"end":{"line":245,"column":9}},"type":"if","locations":[{"start":{"line":243,"column":8},"end":{"line":245,"column":9}},{"start":{},"end":{}}],"line":243},"13":{"loc":{"start":{"line":250,"column":8},"end":{"line":252,"column":9}},"type":"if","locations":[{"start":{"line":250,"column":8},"end":{"line":252,"column":9}},{"start":{},"end":{}}],"line":250},"14":{"loc":{"start":{"line":258,"column":10},"end":{"line":258,"column":87}},"type":"cond-expr","locations":[{"start":{"line":258,"column":42},"end":{"line":258,"column":55}},{"start":{"line":258,"column":58},"end":{"line":258,"column":87}}],"line":258},"15":{"loc":{"start":{"line":267,"column":22},"end":{"line":267,"column":45}},"type":"binary-expr","locations":[{"start":{"line":267,"column":22},"end":{"line":267,"column":39}},{"start":{"line":267,"column":43},"end":{"line":267,"column":45}}],"line":267},"16":{"loc":{"start":{"line":268,"column":6},"end":{"line":270,"column":7}},"type":"if","locations":[{"start":{"line":268,"column":6},"end":{"line":270,"column":7}},{"start":{},"end":{}}],"line":268},"17":{"loc":{"start":{"line":268,"column":10},"end":{"line":268,"column":46}},"type":"binary-expr","locations":[{"start":{"line":268,"column":10},"end":{"line":268,"column":19}},{"start":{"line":268,"column":23},"end":{"line":268,"column":46}}],"line":268},"18":{"loc":{"start":{"line":271,"column":50},"end":{"line":271,"column":82}},"type":"cond-expr","locations":[{"start":{"line":271,"column":64},"end":{"line":271,"column":74}},{"start":{"line":271,"column":77},"end":{"line":271,"column":82}}],"line":271},"19":{"loc":{"start":{"line":278,"column":22},"end":{"line":278,"column":45}},"type":"binary-expr","locations":[{"start":{"line":278,"column":22},"end":{"line":278,"column":39}},{"start":{"line":278,"column":43},"end":{"line":278,"column":45}}],"line":278},"20":{"loc":{"start":{"line":285,"column":20},"end":{"line":285,"column":43}},"type":"binary-expr","locations":[{"start":{"line":285,"column":20},"end":{"line":285,"column":37}},{"start":{"line":285,"column":41},"end":{"line":285,"column":43}}],"line":285},"21":{"loc":{"start":{"line":286,"column":4},"end":{"line":288,"column":5}},"type":"if","locations":[{"start":{"line":286,"column":4},"end":{"line":288,"column":5}},{"start":{},"end":{}}],"line":286},"22":{"loc":{"start":{"line":296,"column":21},"end":{"line":296,"column":50}},"type":"binary-expr","locations":[{"start":{"line":296,"column":21},"end":{"line":296,"column":42}},{"start":{"line":296,"column":46},"end":{"line":296,"column":50}}],"line":296},"23":{"loc":{"start":{"line":311,"column":21},"end":{"line":311,"column":60}},"type":"binary-expr","locations":[{"start":{"line":311,"column":21},"end":{"line":311,"column":52}},{"start":{"line":311,"column":56},"end":{"line":311,"column":60}}],"line":311},"24":{"loc":{"start":{"line":321,"column":21},"end":{"line":321,"column":44}},"type":"binary-expr","locations":[{"start":{"line":321,"column":21},"end":{"line":321,"column":38}},{"start":{"line":321,"column":42},"end":{"line":321,"column":44}}],"line":321},"25":{"loc":{"start":{"line":360,"column":2},"end":{"line":362,"column":3}},"type":"if","locations":[{"start":{"line":360,"column":2},"end":{"line":362,"column":3}},{"start":{},"end":{}}],"line":360}},"s":{"0":1,"1":44,"2":44,"3":44,"4":44,"5":44,"6":44,"7":44,"8":44,"9":44,"10":44,"11":44,"12":44,"13":44,"14":44,"15":44,"16":44,"17":9,"18":9,"19":9,"20":9,"21":9,"22":9,"23":44,"24":7,"25":0,"26":7,"27":7,"28":7,"29":7,"30":7,"31":7,"32":7,"33":7,"34":7,"35":7,"36":7,"37":7,"38":7,"39":0,"40":0,"41":0,"42":0,"43":0,"44":0,"45":0,"46":0,"47":7,"48":44,"49":0,"50":0,"51":0,"52":0,"53":44,"54":1,"55":1,"56":44,"57":0,"58":0,"59":0,"60":0,"61":0,"62":0,"63":0,"64":44,"65":0,"66":0,"67":0,"68":0,"69":44,"70":44,"71":44,"72":26,"73":17,"74":9,"75":18,"76":44,"77":10,"78":0,"79":10,"80":0,"81":0,"82":0,"83":10,"84":10,"85":10,"86":10,"87":10,"88":10,"89":9,"90":0,"91":9,"92":9,"93":9,"94":1,"95":0,"96":1,"97":1,"98":1,"99":1,"100":44,"101":1,"102":1,"103":0,"104":1,"105":1,"106":44,"107":8,"108":8,"109":44,"110":1,"111":1,"112":0,"113":1,"114":44,"115":1,"116":1,"117":1,"118":1,"119":1,"120":1,"121":44,"122":1,"123":44,"124":44,"125":44,"126":44,"127":44,"128":0,"129":44},"f":{"0":44,"1":9,"2":7,"3":0,"4":1,"5":0,"6":0,"7":0,"8":26,"9":18,"10":10,"11":1,"12":1,"13":8,"14":1,"15":1,"16":1,"17":44,"18":44},"b":{"0":[0],"1":[0,7],"2":[0,7],"3":[0,0],"4":[0,0],"5":[0,0],"6":[44,14],"7":[17,9],"8":[26,9],"9":[9,9],"10":[0,10],"11":[0,10],"12":[0,9],"13":[0,1],"14":[1,0],"15":[1,0],"16":[0,1],"17":[1,1],"18":[1,0],"19":[8,7],"20":[1,0],"21":[0,1],"22":[1,1],"23":[44,14],"24":[44,32],"25":[0,44]},"_coverageSchema":"1a1c01bbd47fc00a2c39e90264f33305004495a9","hash":"fc3ad6f2edfefbfdd77cd0b9702f75b65ae1bade"}
,"/Users/mattiazeminian/roam/src/services/route-identity.ts": {"path":"/Users/mattiazeminian/roam/src/services/route-identity.ts","statementMap":{"0":{"start":{"line":23,"column":26},"end":{"line":23,"column":27}},"1":{"start":{"line":26,"column":22},"end":{"line":26,"column":23}},"2":{"start":{"line":29,"column":2},"end":{"line":29,"column":42}},"3":{"start":{"line":33,"column":2},"end":{"line":33,"column":56}},"4":{"start":{"line":38,"column":2},"end":{"line":40,"column":3}},"5":{"start":{"line":39,"column":4},"end":{"line":39,"column":19}},"6":{"start":{"line":41,"column":15},"end":{"line":41,"column":71}},"7":{"start":{"line":42,"column":28},"end":{"line":42,"column":30}},"8":{"start":{"line":43,"column":2},"end":{"line":45,"column":3}},"9":{"start":{"line":43,"column":19},"end":{"line":43,"column":20}},"10":{"start":{"line":44,"column":4},"end":{"line":44,"column":44}},"11":{"start":{"line":46,"column":15},"end":{"line":46,"column":44}},"12":{"start":{"line":47,"column":2},"end":{"line":49,"column":3}},"13":{"start":{"line":48,"column":4},"end":{"line":48,"column":33}},"14":{"start":{"line":50,"column":2},"end":{"line":50,"column":27}},"15":{"start":{"line":55,"column":14},"end":{"line":55,"column":18}},"16":{"start":{"line":56,"column":2},"end":{"line":58,"column":3}},"17":{"start":{"line":56,"column":19},"end":{"line":56,"column":20}},"18":{"start":{"line":57,"column":4},"end":{"line":57,"column":65}},"19":{"start":{"line":59,"column":2},"end":{"line":59,"column":36}},"20":{"start":{"line":69,"column":16},"end":{"line":69,"column":33}},"21":{"start":{"line":70,"column":19},"end":{"line":70,"column":51}},"22":{"start":{"line":71,"column":25},"end":{"line":71,"column":58}},"23":{"start":{"line":72,"column":2},"end":{"line":72,"column":81}}},"fnMap":{"0":{"name":"quantize","decl":{"start":{"line":28,"column":9},"end":{"line":28,"column":17}},"loc":{"start":{"line":28,"column":41},"end":{"line":30,"column":1}},"line":28},"1":{"name":"pointKey","decl":{"start":{"line":32,"column":9},"end":{"line":32,"column":17}},"loc":{"start":{"line":32,"column":63},"end":{"line":34,"column":1}},"line":32},"2":{"name":"shapeSignature","decl":{"start":{"line":37,"column":9},"end":{"line":37,"column":23}},"loc":{"start":{"line":37,"column":56},"end":{"line":51,"column":1}},"line":37},"3":{"name":"hash","decl":{"start":{"line":54,"column":9},"end":{"line":54,"column":13}},"loc":{"start":{"line":54,"column":37},"end":{"line":60,"column":1}},"line":54},"4":{"name":"routeIdentity","decl":{"start":{"line":68,"column":16},"end":{"line":68,"column":29}},"loc":{"start":{"line":68,"column":61},"end":{"line":73,"column":1}},"line":68}},"branchMap":{"0":{"loc":{"start":{"line":38,"column":2},"end":{"line":40,"column":3}},"type":"if","locations":[{"start":{"line":38,"column":2},"end":{"line":40,"column":3}},{"start":{},"end":{}}],"line":38},"1":{"loc":{"start":{"line":47,"column":2},"end":{"line":49,"column":3}},"type":"if","locations":[{"start":{"line":47,"column":2},"end":{"line":49,"column":3}},{"start":{},"end":{}}],"line":47},"2":{"loc":{"start":{"line":70,"column":19},"end":{"line":70,"column":51}},"type":"cond-expr","locations":[{"start":{"line":70,"column":27},"end":{"line":70,"column":42}},{"start":{"line":70,"column":45},"end":{"line":70,"column":51}}],"line":70}},"s":{"0":4,"1":4,"2":424,"3":212,"4":38,"5":0,"6":38,"7":38,"8":38,"9":38,"10":134,"11":38,"12":38,"13":2,"14":38,"15":38,"16":38,"17":38,"18":3034,"19":38,"20":38,"21":38,"22":38,"23":38},"f":{"0":424,"1":212,"2":38,"3":38,"4":38},"b":{"0":[0,38],"1":[2,36],"2":[38,0]},"_coverageSchema":"1a1c01bbd47fc00a2c39e90264f33305004495a9","hash":"0326a630aa60cfc9de98ac2624267fdffc61d77c"}
,"/Users/mattiazeminian/roam/src/services/route-popularity.ts": {"path":"/Users/mattiazeminian/roam/src/services/route-popularity.ts","statementMap":{"0":{"start":{"line":24,"column":39},"end":{"line":24,"column":40}},"1":{"start":{"line":30,"column":17},"end":{"line":30,"column":42}},"2":{"start":{"line":31,"column":2},"end":{"line":37,"column":3}},"3":{"start":{"line":32,"column":4},"end":{"line":34,"column":5}},"4":{"start":{"line":33,"column":6},"end":{"line":33,"column":15}},"5":{"start":{"line":35,"column":21},"end":{"line":35,"column":45}},"6":{"start":{"line":36,"column":4},"end":{"line":36,"column":58}},"7":{"start":{"line":38,"column":2},"end":{"line":38,"column":16}},"8":{"start":{"line":47,"column":2},"end":{"line":49,"column":3}},"9":{"start":{"line":48,"column":4},"end":{"line":48,"column":16}},"10":{"start":{"line":50,"column":2},"end":{"line":50,"column":82}},"11":{"start":{"line":55,"column":2},"end":{"line":55,"column":44}}},"fnMap":{"0":{"name":"countRunsByRoute","decl":{"start":{"line":29,"column":16},"end":{"line":29,"column":32}},"loc":{"start":{"line":29,"column":72},"end":{"line":39,"column":1}},"line":29},"1":{"name":"popularityLabel","decl":{"start":{"line":46,"column":16},"end":{"line":46,"column":31}},"loc":{"start":{"line":46,"column":62},"end":{"line":51,"column":1}},"line":46},"2":{"name":"loadRoutePopularity","decl":{"start":{"line":54,"column":22},"end":{"line":54,"column":41}},"loc":{"start":{"line":54,"column":70},"end":{"line":56,"column":1}},"line":54}},"branchMap":{"0":{"loc":{"start":{"line":32,"column":4},"end":{"line":34,"column":5}},"type":"if","locations":[{"start":{"line":32,"column":4},"end":{"line":34,"column":5}},{"start":{},"end":{}}],"line":32},"1":{"loc":{"start":{"line":36,"column":26},"end":{"line":36,"column":51}},"type":"binary-expr","locations":[{"start":{"line":36,"column":26},"end":{"line":36,"column":46}},{"start":{"line":36,"column":50},"end":{"line":36,"column":51}}],"line":36},"2":{"loc":{"start":{"line":47,"column":2},"end":{"line":49,"column":3}},"type":"if","locations":[{"start":{"line":47,"column":2},"end":{"line":49,"column":3}},{"start":{},"end":{}}],"line":47},"3":{"loc":{"start":{"line":50,"column":9},"end":{"line":50,"column":81}},"type":"cond-expr","locations":[{"start":{"line":50,"column":23},"end":{"line":50,"column":46}},{"start":{"line":50,"column":49},"end":{"line":50,"column":81}}],"line":50}},"s":{"0":1,"1":5,"2":5,"3":9,"4":1,"5":8,"6":8,"7":5,"8":4,"9":2,"10":2,"11":1},"f":{"0":5,"1":4,"2":1},"b":{"0":[1,8],"1":[8,6],"2":[2,2],"3":[1,1]},"_coverageSchema":"1a1c01bbd47fc00a2c39e90264f33305004495a9","hash":"181fc71e8dd0b451d38a84e8985dc8beed01c594"}
,"/Users/mattiazeminian/roam/src/services/route-quality.ts": {"path":"/Users/mattiazeminian/roam/src/services/route-quality.ts","statementMap":{"0":{"start":{"line":20,"column":27},"end":{"line":20,"column":29}},"1":{"start":{"line":24,"column":28},"end":{"line":24,"column":30}},"2":{"start":{"line":27,"column":33},"end":{"line":27,"column":36}},"3":{"start":{"line":36,"column":27},"end":{"line":36,"column":50}},"4":{"start":{"line":40,"column":16},"end":{"line":40,"column":37}},"5":{"start":{"line":41,"column":2},"end":{"line":41,"column":43}},"6":{"start":{"line":50,"column":2},"end":{"line":52,"column":3}},"7":{"start":{"line":51,"column":4},"end":{"line":51,"column":17}},"8":{"start":{"line":54,"column":31},"end":{"line":54,"column":34}},"9":{"start":{"line":55,"column":2},"end":{"line":57,"column":3}},"10":{"start":{"line":55,"column":19},"end":{"line":55,"column":20}},"11":{"start":{"line":56,"column":4},"end":{"line":56,"column":93}},"12":{"start":{"line":58,"column":16},"end":{"line":58,"column":49}},"13":{"start":{"line":59,"column":2},"end":{"line":61,"column":3}},"14":{"start":{"line":60,"column":4},"end":{"line":60,"column":22}},"15":{"start":{"line":63,"column":16},"end":{"line":63,"column":57}},"16":{"start":{"line":64,"column":31},"end":{"line":64,"column":33}},"17":{"start":{"line":65,"column":16},"end":{"line":65,"column":17}},"18":{"start":{"line":67,"column":2},"end":{"line":82,"column":3}},"19":{"start":{"line":67,"column":18},"end":{"line":67,"column":19}},"20":{"start":{"line":68,"column":19},"end":{"line":68,"column":34}},"21":{"start":{"line":69,"column":4},"end":{"line":71,"column":5}},"22":{"start":{"line":70,"column":6},"end":{"line":70,"column":19}},"23":{"start":{"line":72,"column":18},"end":{"line":72,"column":37}},"24":{"start":{"line":73,"column":16},"end":{"line":73,"column":39}},"25":{"start":{"line":74,"column":26},"end":{"line":74,"column":42}},"26":{"start":{"line":75,"column":14},"end":{"line":75,"column":72}},"27":{"start":{"line":76,"column":14},"end":{"line":76,"column":28}},"28":{"start":{"line":77,"column":14},"end":{"line":77,"column":32}},"29":{"start":{"line":78,"column":4},"end":{"line":81,"column":7}},"30":{"start":{"line":84,"column":2},"end":{"line":84,"column":16}},"31":{"start":{"line":104,"column":2},"end":{"line":106,"column":3}},"32":{"start":{"line":105,"column":4},"end":{"line":105,"column":16}},"33":{"start":{"line":108,"column":17},"end":{"line":108,"column":52}},"34":{"start":{"line":109,"column":2},"end":{"line":111,"column":3}},"35":{"start":{"line":110,"column":4},"end":{"line":110,"column":16}},"36":{"start":{"line":113,"column":16},"end":{"line":113,"column":33}},"37":{"start":{"line":114,"column":34},"end":{"line":114,"column":36}},"38":{"start":{"line":115,"column":29},"end":{"line":115,"column":31}},"39":{"start":{"line":116,"column":28},"end":{"line":116,"column":30}},"40":{"start":{"line":117,"column":14},"end":{"line":117,"column":15}},"41":{"start":{"line":119,"column":2},"end":{"line":130,"column":3}},"42":{"start":{"line":119,"column":19},"end":{"line":119,"column":20}},"43":{"start":{"line":120,"column":14},"end":{"line":120,"column":31}},"44":{"start":{"line":121,"column":14},"end":{"line":121,"column":27}},"45":{"start":{"line":122,"column":19},"end":{"line":122,"column":40}},"46":{"start":{"line":123,"column":4},"end":{"line":123,"column":25}},"47":{"start":{"line":124,"column":4},"end":{"line":124,"column":20}},"48":{"start":{"line":125,"column":4},"end":{"line":125,"column":40}},"49":{"start":{"line":126,"column":4},"end":{"line":129,"column":7}},"50":{"start":{"line":132,"column":18},"end":{"line":132,"column":55}},"51":{"start":{"line":134,"column":2},"end":{"line":145,"column":3}},"52":{"start":{"line":134,"column":19},"end":{"line":134,"column":20}},"53":{"start":{"line":135,"column":4},"end":{"line":144,"column":5}},"54":{"start":{"line":135,"column":23},"end":{"line":135,"column":24}},"55":{"start":{"line":136,"column":6},"end":{"line":138,"column":7}},"56":{"start":{"line":137,"column":8},"end":{"line":137,"column":17}},"57":{"start":{"line":139,"column":6},"end":{"line":141,"column":7}},"58":{"start":{"line":140,"column":8},"end":{"line":140,"column":17}},"59":{"start":{"line":142,"column":6},"end":{"line":142,"column":28}},"60":{"start":{"line":143,"column":6},"end":{"line":143,"column":12}},"61":{"start":{"line":147,"column":15},"end":{"line":147,"column":16}},"62":{"start":{"line":148,"column":2},"end":{"line":152,"column":3}},"63":{"start":{"line":148,"column":19},"end":{"line":148,"column":20}},"64":{"start":{"line":149,"column":4},"end":{"line":151,"column":5}},"65":{"start":{"line":150,"column":6},"end":{"line":150,"column":31}},"66":{"start":{"line":154,"column":2},"end":{"line":154,"column":59}},"67":{"start":{"line":158,"column":31},"end":{"line":158,"column":33}},"68":{"start":{"line":162,"column":29},"end":{"line":162,"column":31}},"69":{"start":{"line":165,"column":27},"end":{"line":165,"column":28}},"70":{"start":{"line":186,"column":2},"end":{"line":188,"column":3}},"71":{"start":{"line":187,"column":4},"end":{"line":187,"column":34}},"72":{"start":{"line":190,"column":14},"end":{"line":190,"column":15}},"73":{"start":{"line":191,"column":2},"end":{"line":193,"column":3}},"74":{"start":{"line":191,"column":19},"end":{"line":191,"column":20}},"75":{"start":{"line":192,"column":4},"end":{"line":192,"column":61}},"76":{"start":{"line":194,"column":2},"end":{"line":196,"column":3}},"77":{"start":{"line":195,"column":4},"end":{"line":195,"column":34}},"78":{"start":{"line":198,"column":21},"end":{"line":198,"column":58}},"79":{"start":{"line":200,"column":4},"end":{"line":201,"column":90}},"80":{"start":{"line":203,"column":17},"end":{"line":203,"column":62}},"81":{"start":{"line":204,"column":2},"end":{"line":206,"column":3}},"82":{"start":{"line":205,"column":4},"end":{"line":205,"column":34}},"83":{"start":{"line":208,"column":14},"end":{"line":208,"column":15}},"84":{"start":{"line":209,"column":16},"end":{"line":209,"column":58}},"85":{"start":{"line":211,"column":2},"end":{"line":222,"column":3}},"86":{"start":{"line":211,"column":19},"end":{"line":211,"column":20}},"87":{"start":{"line":212,"column":21},"end":{"line":212,"column":47}},"88":{"start":{"line":213,"column":21},"end":{"line":213,"column":75}},"89":{"start":{"line":214,"column":20},"end":{"line":214,"column":36}},"90":{"start":{"line":215,"column":17},"end":{"line":215,"column":55}},"91":{"start":{"line":217,"column":21},"end":{"line":217,"column":54}},"92":{"start":{"line":218,"column":21},"end":{"line":218,"column":50}},"93":{"start":{"line":219,"column":4},"end":{"line":221,"column":5}},"94":{"start":{"line":220,"column":6},"end":{"line":220,"column":17}},"95":{"start":{"line":224,"column":2},"end":{"line":224,"column":50}},"96":{"start":{"line":229,"column":24},"end":{"line":229,"column":31}},"97":{"start":{"line":230,"column":25},"end":{"line":230,"column":77}},"98":{"start":{"line":232,"column":13},"end":{"line":232,"column":61}},"99":{"start":{"line":233,"column":13},"end":{"line":233,"column":58}},"100":{"start":{"line":234,"column":13},"end":{"line":234,"column":57}},"101":{"start":{"line":235,"column":13},"end":{"line":235,"column":54}},"102":{"start":{"line":237,"column":24},"end":{"line":237,"column":41}},"103":{"start":{"line":238,"column":2},"end":{"line":240,"column":3}},"104":{"start":{"line":239,"column":4},"end":{"line":239,"column":30}},"105":{"start":{"line":241,"column":12},"end":{"line":241,"column":73}},"106":{"start":{"line":242,"column":2},"end":{"line":242,"column":46}},"107":{"start":{"line":247,"column":2},"end":{"li
[...]
e":276,"column":16},"end":{"line":276,"column":70}},"type":"binary-expr","locations":[{"start":{"line":276,"column":16},"end":{"line":276,"column":41}},{"start":{"line":276,"column":45},"end":{"line":276,"column":70}}],"line":276},"16":{"loc":{"start":{"line":279,"column":19},"end":{"line":279,"column":89}},"type":"cond-expr","locations":[{"start":{"line":279,"column":46},"end":{"line":279,"column":59}},{"start":{"line":279,"column":62},"end":{"line":279,"column":89}}],"line":279},"17":{"loc":{"start":{"line":280,"column":11},"end":{"line":280,"column":68}},"type":"cond-expr","locations":[{"start":{"line":280,"column":42},"end":{"line":280,"column":53}},{"start":{"line":280,"column":56},"end":{"line":280,"column":68}}],"line":280},"18":{"loc":{"start":{"line":324,"column":2},"end":{"line":326,"column":3}},"type":"if","locations":[{"start":{"line":324,"column":2},"end":{"line":326,"column":3}},{"start":{},"end":{}}],"line":324},"19":{"loc":{"start":{"line":330,"column":4},"end":{"line":330,"column":77}},"type":"cond-expr","locations":[{"start":{"line":330,"column":56},"end":{"line":330,"column":67}},{"start":{"line":330,"column":70},"end":{"line":330,"column":77}}],"line":330},"20":{"loc":{"start":{"line":330,"column":4},"end":{"line":330,"column":53}},"type":"binary-expr","locations":[{"start":{"line":330,"column":4},"end":{"line":330,"column":26}},{"start":{"line":330,"column":30},"end":{"line":330,"column":53}}],"line":330},"21":{"loc":{"start":{"line":341,"column":2},"end":{"line":343,"column":3}},"type":"if","locations":[{"start":{"line":341,"column":2},"end":{"line":343,"column":3}},{"start":{},"end":{}}],"line":341},"22":{"loc":{"start":{"line":349,"column":2},"end":{"line":351,"column":3}},"type":"if","locations":[{"start":{"line":349,"column":2},"end":{"line":351,"column":3}},{"start":{},"end":{}}],"line":349},"23":{"loc":{"start":{"line":352,"column":2},"end":{"line":354,"column":3}},"type":"if","locations":[{"start":{"line":352,"column":2},"end":{"line":354,"column":3}},{"start":{},"end":{}}],"line":352},"24":{"loc":{"start":{"line":380,"column":17},"end":{"line":380,"column":68}},"type":"cond-expr","locations":[{"start":{"line":380,"column":38},"end":{"line":380,"column":62}},{"start":{"line":380,"column":65},"end":{"line":380,"column":68}}],"line":380},"25":{"loc":{"start":{"line":415,"column":2},"end":{"line":415,"column":45}},"type":"default-arg","locations":[{"start":{"line":415,"column":25},"end":{"line":415,"column":45}}],"line":415},"26":{"loc":{"start":{"line":418,"column":2},"end":{"line":420,"column":3}},"type":"if","locations":[{"start":{"line":418,"column":2},"end":{"line":420,"column":3}},{"start":{},"end":{}}],"line":418},"27":{"loc":{"start":{"line":430,"column":2},"end":{"line":432,"column":3}},"type":"if","locations":[{"start":{"line":430,"column":2},"end":{"line":432,"column":3}},{"start":{},"end":{}}],"line":430},"28":{"loc":{"start":{"line":434,"column":40},"end":{"line":434,"column":80}},"type":"binary-expr","locations":[{"start":{"line":434,"column":40},"end":{"line":434,"column":56}},{"start":{"line":434,"column":60},"end":{"line":434,"column":80}}],"line":434},"29":{"loc":{"start":{"line":436,"column":2},"end":{"line":445,"column":3}},"type":"if","locations":[{"start":{"line":436,"column":2},"end":{"line":445,"column":3}},{"start":{},"end":{}}],"line":436},"30":{"loc":{"start":{"line":438,"column":4},"end":{"line":444,"column":5}},"type":"if","locations":[{"start":{"line":438,"column":4},"end":{"line":444,"column":5}},{"start":{},"end":{}}],"line":438},"31":{"loc":{"start":{"line":440,"column":18},"end":{"line":440,"column":94}},"type":"binary-expr","locations":[{"start":{"line":440,"column":18},"end":{"line":440,"column":85}},{"start":{"line":440,"column":89},"end":{"line":440,"column":94}}],"line":440},"32":{"loc":{"start":{"line":448,"column":14},"end":{"line":448,"column":79}},"type":"binary-expr","locations":[{"start":{"line":448,"column":14},"end":{"line":448,"column":29}},{"start":{"line":448,"column":33},"end":{"line":448,"column":79}}],"line":448},"33":{"loc":{"start":{"line":448,"column":35},"end":{"line":448,"column":78}},"type":"binary-expr","locations":[{"start":{"line":448,"column":35},"end":{"line":448,"column":57}},{"start":{"line":448,"column":61},"end":{"line":448,"column":78}}],"line":448},"34":{"loc":{"start":{"line":453,"column":4},"end":{"line":453,"column":63}},"type":"cond-expr","locations":[{"start":{"line":453,"column":39},"end":{"line":453,"column":56}},{"start":{"line":453,"column":59},"end":{"line":453,"column":63}}],"line":453},"35":{"loc":{"start":{"line":453,"column":4},"end":{"line":453,"column":36}},"type":"binary-expr","locations":[{"start":{"line":453,"column":4},"end":{"line":453,"column":12}},{"start":{"line":453,"column":16},"end":{"line":453,"column":36}}],"line":453},"36":{"loc":{"start":{"line":461,"column":2},"end":{"line":466,"column":3}},"type":"if","locations":[{"start":{"line":461,"column":2},"end":{"line":466,"column":3}},{"start":{},"end":{}}],"line":461},"37":{"loc":{"start":{"line":461,"column":6},"end":{"line":461,"column":62}},"type":"binary-expr","locations":[{"start":{"line":461,"column":6},"end":{"line":461,"column":26}},{"start":{"line":461,"column":30},"end":{"line":461,"column":62}}],"line":461},"38":{"loc":{"start":{"line":464,"column":8},"end":{"line":464,"column":104}},"type":"binary-expr","locations":[{"start":{"line":464,"column":8},"end":{"line":464,"column":95}},{"start":{"line":464,"column":99},"end":{"line":464,"column":104}}],"line":464},"39":{"loc":{"start":{"line":469,"column":33},"end":{"line":469,"column":61}},"type":"binary-expr","locations":[{"start":{"line":469,"column":33},"end":{"line":469,"column":51}},{"start":{"line":469,"column":55},"end":{"line":469,"column":61}}],"line":469},"40":{"loc":{"start":{"line":472,"column":19},"end":{"line":472,"column":64}},"type":"binary-expr","locations":[{"start":{"line":472,"column":19},"end":{"line":472,"column":37}},{"start":{"line":472,"column":41},"end":{"line":472,"column":59}},{"start":{"line":472,"column":63},"end":{"line":472,"column":64}}],"line":472},"41":{"loc":{"start":{"line":473,"column":18},"end":{"line":473,"column":74}},"type":"cond-expr","locations":[{"start":{"line":473,"column":49},"end":{"line":473,"column":53}},{"start":{"line":473,"column":56},"end":{"line":473,"column":74}}],"line":473},"42":{"loc":{"start":{"line":485,"column":21},"end":{"line":485,"column":67}},"type":"cond-expr","locations":[{"start":{"line":485,"column":39},"end":{"line":485,"column":41}},{"start":{"line":485,"column":44},"end":{"line":485,"column":67}}],"line":485},"43":{"loc":{"start":{"line":485,"column":44},"end":{"line":485,"column":67}},"type":"cond-expr","locations":[{"start":{"line":485,"column":62},"end":{"line":485,"column":63}},{"start":{"line":485,"column":66},"end":{"line":485,"column":67}}],"line":485},"44":{"loc":{"start":{"line":506,"column":2},"end":{"line":506,"column":45}},"type":"default-arg","locations":[{"start":{"line":506,"column":25},"end":{"line":506,"column":45}}],"line":506},"45":{"loc":{"start":{"line":509,"column":15},"end":{"line":509,"column":60}},"type":"binary-expr","locations":[{"start":{"line":509,"column":15},"end":{"line":509,"column":33}},{"start":{"line":509,"column":37},"end":{"line":509,"column":55}},{"start":{"line":509,"column":59},"end":{"line":509,"column":60}}],"line":509},"46":{"loc":{"start":{"line":516,"column":55},"end":{"line":516,"column":88}},"type":"cond-expr","locations":[{"start":{"line":516,"column":68},"end":{"line":516,"column":84}},{"start":{"line":516,"column":87},"end":{"line":516,"column":88}}],"line":516},"47":{"loc":{"start":{"line":519,"column":15},"end":{"line":519,"column":45}},"type":"binary-expr","locations":[{"start":{"line":519,"column":15},"end":{"line":519,"column":23}},{"start":{"line":519,"column":27},"end":{"line":519,"column":45}}],"line":519},"48":{"loc":{"start":{"line":537,"column":21},"end":{"line":537,"column":67}},"type":"cond-expr","locations":[{"start":{"line":537,"column":39},"end":{"line":537,"column":41}},{"start":{"line":537,"column":44},"end":{"line":537,"column":67}}],"line":537},"49":{"loc":{"start":{"line":537,"column":44},"end":{"line":537,"column":67}},"type":"cond-expr","locations":[{"start":{"line":537,"column":62},"end":{"line":537,"column":63}},{"start":{"line":537,"column":66},"end":{"line":537,"column":67}}],"line":537},"50":{"loc":{"start":{"line":557,"column":17},"end":{"line":557,"column":67}},"type":"binary-expr","locations":[{"start":{"line":557,"column":17},"end":{"line":557,"column":41}},{"start":{"line":557,"column":45},"end":{"line":557,"column":67}}],"line":557},"51":{"loc":{"start":{"line":600,"column":17},"end":{"line":600,"column":72}},"type":"binary-expr","locations":[{"start":{"line":600,"column":17},"end":{"line":600,"column":40}},{"start":{"line":600,"column":44},"end":{"line":600,"column":72}}],"line":600},"52":{"loc":{"start":{"line":613,"column":2},"end":{"line":613,"column":29}},"type":"default-arg","locations":[{"start":{"line":613,"column":25},"end":{"line":613,"column":29}}],"line":613},"53":{"loc":{"start":{"line":618,"column":6},"end":{"line":620,"column":17}},"type":"cond-expr","locations":[{"start":{"line":619,"column":10},"end":{"line":619,"column":78}},{"start":{"line":620,"column":10},"end":{"line":620,"column":17}}],"line":618},"54":{"loc":{"start":{"line":619,"column":39},"end":{"line":619,"column":76}},"type":"cond-expr","locations":[{"start":{"line":619,"column":64},"end":{"line":619,"column":69}},{"start":{"line":619,"column":72},"end":{"line":619,"column":76}}],"line":619},"55":{"loc":{"start":{"line":632,"column":15},"end":{"line":632,"column":71}},"type":"cond-expr","locations":[{"start":{"line":632,"column":61},"end":{"line":632,"column":66}},{"start":{"line":632,"column":69},"end":{"line":632,"column":71}}],"line":632},"56":{"loc":{"start":{"line":632,"column":15},"end":{"line":632,"column":58}},"type":"binary-expr","locations":[{"start":{"line":632,"column":15},"end":{"line":632,"column":40}},{"start":{"line":632,"column":44},"end":{"line":632,"column":58}}],"line":632},"57":{"loc":{"start":{"line":634,"column":4},"end":{"line":634,"column":73}},"type":"cond-expr","locations":[{"start":{"line":634,"column":53},"end":{"line":634,"column":61}},{"start":{"line":634,"column":64},"end":{"line":634,"column":73}}],"line":634},"58":{"loc":{"start":{"line":634,"column":4},"end":{"line":634,"column":50}},"type":"binary-expr","locations":[{"start":{"line":634,"column":4},"end":{"line":634,"column":27}},{"start":{"line":634,"column":31},"end":{"line":634,"column":50}}],"line":634},"59":{"loc":{"start":{"line":639,"column":6},"end":{"line":641,"column":14}},"type":"cond-expr","locations":[{"start":{"line":640,"column":11},"end":{"line":640,"column":33}},{"start":{"line":641,"column":10},"end":{"line":641,"column":14}}],"line":639},"60":{"loc":{"start":{"line":639,"column":6},"end":{"line":639,"column":89}},"type":"binary-expr","locations":[{"start":{"line":639,"column":6},"end":{"line":639,"column":24}},{"start":{"line":639,"column":28},"end":{"line":639,"column":57}},{"start":{"line":639,"column":61},"end":{"line":639,"column":89}}],"line":639},"61":{"loc":{"start":{"line":642,"column":14},"end":{"line":642,"column":78}},"type":"cond-expr","locations":[{"start":{"line":642,"column":59},"end":{"line":642,"column":71}},{"start":{"line":642,"column":74},"end":{"line":642,"column":78}}],"line":642},"62":{"loc":{"start":{"line":642,"column":14},"end":{"line":642,"column":56}},"type":"binary-expr","locations":[{"start":{"line":642,"column":14},"end":{"line":642,"column":29}},{"start":{"line":642,"column":33},"end":{"line":642,"column":56}}],"line":642},"63":{"loc":{"start":{"line":647,"column":2},"end":{"line":649,"column":3}},"type":"if","locations":[{"start":{"line":647,"column":2},"end":{"line":649,"column":3}},{"start":{},"end":{}}],"line":647},"64":{"loc":{"start":{"line":647,"column":6},"end":{"line":647,"column":49}},"type":"binary-expr","locations":[{"start":{"line":647,"column":6},"end":{"line":647,"column":31}},{"start":{"line":647,"column":35},"end":{"line":647,"column":49}}],"line":647},"65":{"loc":{"start":{"line":651,"column":2},"end":{"line":653,"column":3}},"type":"if","locations":[{"start":{"line":651,"column":2},"end":{"line":653,"column":3}},{"start":{},"end":{}}],"line":651},"66":{"loc":{"start":{"line":654,"column":22},"end":{"line":656,"column":7}},"type":"cond-expr","locations":[{"start":{"line":655,"column":6},"end":{"line":655,"column":70}},{"start":{"line":656,"column":6},"end":{"line":656,"column":7}}],"line":654},"67":{"loc":{"start":{"line":660,"column":15},"end":{"line":660,"column":77}},"type":"cond-expr","locations":[{"start":{"line":660,"column":49},"end":{"line":660,"column":72}},{"start":{"line":660,"column":76},"end":{"line":660,"column":77}}],"line":660},"68":{"loc":{"start":{"line":663,"column":42},"end":{"line":663,"column":65}},"type":"binary-expr","locations":[{"start":{"line":663,"column":42},"end":{"line":663,"column":59}},{"start":{"line":663,"column":63},"end":{"line":663,"column":65}}],"line":663},"69":{"loc":{"start":{"line":664,"column":11},"end":{"line":664,"column":64}},"type":"cond-expr","locations":[{"start":{"line":664,"column":40},"end":{"line":664,"column":49}},{"start":{"line":664,"column":52},"end":{"line":664,"column":64}}],"line":664},"70":{"loc":{"start":{"line":674,"column":2},"end":{"line":676,"column":3}},"type":"if","locations":[{"start":{"line":674,"column":2},"end":{"line":676,"column":3}},{"start":{},"end":{}}],"line":674},"71":{"loc":{"start":{"line":674,"column":6},"end":{"line":674,"column":49}},"type":"binary-expr","locations":[{"start":{"line":674,"column":6},"end":{"line":674,"column":31}},{"start":{"line":674,"column":35},"end":{"line":674,"column":49}}],"line":674},"72":{"loc":{"start":{"line":678,"column":2},"end":{"line":680,"column":3}},"type":"if","locations":[{"start":{"line":678,"column":2},"end":{"line":680,"column":3}},{"start":{},"end":{}}],"line":678},"73":{"loc":{"start":{"line":678,"column":6},"end":{"line":678,"column":84}},"type":"binary-expr","locations":[{"start":{"line":678,"column":6},"end":{"line":678,"column":32}},{"start":{"line":678,"column":36},"end":{"line":678,"column":56}},{"start":{"line":678,"column":60},"end":{"line":678,"column":84}}],"line":678},"74":{"loc":{"start":{"line":681,"column":2},"end":{"line":683,"column":3}},"type":"if","locations":[{"start":{"line":681,"column":2},"end":{"line":683,"column":3}},{"start":{},"end":{}}],"line":681},"75":{"loc":{"start":{"line":681,"column":6},"end":{"line":681,"column":69}},"type":"binary-expr","locations":[{"start":{"line":681,"column":6},"end":{"line":681,"column":36}},{"start":{"line":681,"column":40},"end":{"line":681,"column":69}}],"line":681},"76":{"loc":{"start":{"line":690,"column":12},"end":{"line":690,"column":64}},"type":"cond-expr","locations":[{"start":{"line":690,"column":42},"end":{"line":690,"column":52}},{"start":{"line":690,"column":55},"end":{"line":690,"column":64}}],"line":690},"77":{"loc":{"start":{"line":691,"column":11},"end":{"line":691,"column":59}},"type":"cond-expr","locations":[{"start":{"line":691,"column":43},"end":{"line":691,"column":52}},{"start":{"line":691,"column":55},"end":{"line":691,"column":59}}],"line":691},"78":{"loc":{"start":{"line":692,"column":10},"end":{"line":692,"column":56}},"type":"cond-expr","locations":[{"start":{"line":692,"column":41},"end":{"line":692,"column":49}},{"start":{"line":692,"column":52},"end":{"line":692,"column":56}}],"line":692},"79":{"loc":{"start":{"line":697,"column":2},"end":{"line":699,"column":3}},"type":"if","locations":[{"start":{"line":697,"column":2},"end":{"line":699,"column":3}},{"start":{},"end":{}}],"line":697},"80":{"loc":{"start":{"line":697,"column":6},"end":{"line":697,"column":49}},"type":"binary-expr","locations":[{"start":{"line":697,"column":6},"end":{"line":697,"column":31}},{"start":{"line":697,"column":35},"end":{"line":697,"column":49}}],"line":697},"81":{"loc":{"start":{"line":701,"column":19},"end":{"line":705,"column":8}},"type":"cond-expr","locations":[{"start":{"line":702,"column":6},"end":{"line":704,"column":73}},{"start":{"line":705,"column":6},"end":{"line":705,"column":8}}],"line":701},"82":{"loc":{"start":{"line":712,"column":2},"end":{"line":714,"column":3}},"type":"if","locations":[{"start":{"line":712,"column":2},"end":{"line":714,"column":3}},{"start":{},"end":{}}],"line":712},"83":{"loc":{"start":{"line":725,"column":2},"end":{"line":727,"column":3}},"type":"if","locations":[{"start":{"line":725,"column":2},"end":{"line":727,"column":3}},{"start":{},"end":{}}],"line":725},"84":{"loc":{"start":{"line":729,"column":2},"end":{"line":731,"column":3}},"type":"if","locations":[{"start":{"line":729,"column":2},"end":{"line":731,"column":3}},{"start":{},"end":{}}],"line":729}},"s":{"0":2,"1":2,"2":2,"3":2,"4":2,"5":2,"6":2,"7":5,"8":3,"9":13,"10":238,"11":238,"12":238,"13":238,"14":9,"15":2,"16":11,"17":11,"18":171,"19":25,"20":41,"21":25,"22":16,"23":91,"24":0,"25":91,"26":259,"27":91,"28":157,"29":2,"30":2,"31":2,"32":2,"33":2,"34":2,"35":2,"36":10,"37":11,"38":11,"39":11,"40":243,"41":243,"42":227,"43":227,"44":227,"45":16,"46":9,"47":204,"48":204,"49":50,"50":0,"51":50,"52":50,"53":50,"54":50,"55":0,"56":151,"57":9,"58":142,"59":120,"60":22,"61":151,"62":151,"63":151,"64":151,"65":51,"66":51,"67":1,"68":50,"69":50,"70":50,"71":50,"72":50,"73":50,"74":151,"75":50,"76":50,"77":50,"78":101,"79":50,"80":50,"81":49,"82":100,"83":49,"84":49,"85":50,"86":49,"87":49,"88":100,"89":50,"90":151,"91":50,"92":50,"93":0,"94":50,"95":50,"96":1,"97":2,"98":50,"99":52,"100":50,"101":50,"102":50,"103":151,"104":151,"105":201,"106":50,"107":5,"108":5,"109":5,"110":5,"111":5,"112":5,"113":40,"114":40,"115":40,"116":40,"117":40,"118":40,"119":5,"120":1,"121":3,"122":1,"123":3,"124":1,"125":1,"126":4,"127":1,"128":3,"129":3,"130":3,"131":3,"132":1,"133":3,"134":4,"135":3,"136":6,"137":3,"138":1,"139":2,"140":1,"141":3,"142":1,"143":3,"144":3,"145":8,"146":2,"147":2,"148":2,"149":5,"150":2,"151":3,"152":3,"153":1,"154":2,"155":2,"156":7,"157":0,"158":7,"159":7,"160":3,"161":4,"162":1,"163":3,"164":5,"165":0,"166":5,"167":5,"168":7,"169":5,"170":7,"171":7,"172":1,"173":6,"174":6,"175":1,"176":1,"177":1,"178":0,"179":1,"180":1,"181":1,"182":1},"f":{"0":5,"1":3,"2":13,"3":238,"4":9,"5":11,"6":171,"7":25,"8":41,"9":91,"10":259,"11":157,"12":10,"13":11,"14":243,"15":227,"16":16,"17":9,"18":204,"19":50,"20":151,"21":151,"22":51,"23":151,"24":101,"25":100,"26":50,"27":100,"28":151,"29":2,"30":52,"31":151,"32":201,"33":5,"34":1,"35":3,"36":1,"37":3,"38":1,"39":1,"40":4,"41":3,"42":3,"43":3,"44":3,"45":1,"46":3,"47":4,"48":6,"49":1,"50":2,"51":1,"52":3,"53":3,"54":3,"55":8,"56":2,"57":5,"58":7,"59":5,"60":7,"61":7,"62":1},"b":{"0":[5,5],"1":[3,3],"2":[13,13],"3":[9,9],"4":[171,0],"5":[25,11],"6":[25,16],"7":[41,16],"8":[0,91],"9":[259,258,256],"10":[10,0],"11":[10,10,10],"12":[11,0],"13":[1,10],"14":[1,10],"15":[11,2],"16":[9,2],"17":[10,1],"18":[0,50],"19":[2,48],"20":[50,2],"21":[50,0],"22":[9,142],"23":[120,22],"24":[6,145],"25":[9],"26":[1,50],"27":[50,0],"28":[101,54],"29":[49,1],"30":[49,0],"31":[50,1],"32":[151,101],"33":[101,100],"34":[0,50],"35":[50,49],"36":[1,49],"37":[50,49],"38":[2,0],"39":[52,0],"40":[50,8,7],"41":[48,2],"42":[101,100],"43":[100,0],"44":[5],"45":[5,5,5],"46":[10,30],"47":[40,40],"48":[0,1],"49":[1,0],"50":[4,4],"51":[3,2],"52":[1],"53":[3,0],"54":[2,1],"55":[2,0],"56":[2,2],"57":[1,1],"58":[2,2],"59":[1,1],"60":[2,1,1],"61":[1,1],"62":[2,1],"63":[2,3],"64":[5,5],"65":[1,2],"66":[2,0],"67":[1,1],"68":[2,0],"69":[2,0],"70":[0,7],"71":[7,7],"72":[3,4],"73":[7,6,5],"74":[1,3],"75":[4,4],"76":[2,1],"77":[0,3],"78":[0,3],"79":[0,5],"80":[5,5],"81":[5,0],"82":[1,6],"83":[0,1],"84":[1,0]},"_coverageSchema":"1a1c01bbd47fc00a2c39e90264f33305004495a9","hash":"da2572208b275865e566424f650d08c36ed2ed35"}
}
