TN:
SF:src/services/account.ts
FN:30,accountFile
FN:35,isSupported
FN:50,accountFromCredential
FN:71,parseAccount
FN:86,loadAccount
FN:98,saveAccount
FN:110,clearAccount
FN:126,credentialStatus
FN:142,signIn
FN:161,signOut
FNF:10
FNH:8
FNDA:8,accountFile
FNDA:0,isSupported
FNDA:6,accountFromCredential
FNDA:1,parseAccount
FNDA:4,loadAccount
FNDA:2,saveAccount
FNDA:2,clearAccount
FNDA:3,credentialStatus
FNDA:0,signIn
FNDA:1,signOut
DA:28,1
DA:31,8
DA:36,0
DA:37,0
DA:39,0
DA:55,6
DA:56,6
DA:57,2
DA:60,4
DA:61,4
DA:62,4
DA:64,4
DA:68,4
DA:72,1
DA:73,0
DA:75,1
DA:76,1
DA:77,0
DA:79,1
DA:87,4
DA:88,4
DA:89,2
DA:91,2
DA:92,2
DA:94,1
DA:99,2
DA:100,2
DA:101,0
DA:103,2
DA:104,2
DA:105,2
DA:107,2
DA:111,2
DA:112,2
DA:113,1
DA:127,3
DA:128,3
DA:129,2
DA:130,1
DA:132,1
DA:133,1
DA:135,0
DA:137,1
DA:143,0
DA:149,0
DA:150,0
DA:151,0
DA:153,0
DA:162,1
LF:49
LH:37
BRDA:56,0,0,2
BRDA:56,0,1,4
BRDA:56,1,0,6
BRDA:56,1,1,5
BRDA:60,2,0,4
BRDA:60,2,1,2
BRDA:61,3,0,4
BRDA:61,3,1,3
BRDA:62,4,0,4
BRDA:62,4,1,2
BRDA:64,5,0,1
BRDA:64,5,1,3
BRDA:64,6,0,4
BRDA:64,6,1,2
BRDA:72,7,0,0
BRDA:72,7,1,1
BRDA:72,8,0,1
BRDA:72,8,1,1
BRDA:76,9,0,0
BRDA:76,9,1,1
BRDA:76,10,0,1
BRDA:76,10,1,1
BRDA:81,11,0,1
BRDA:81,11,1,0
BRDA:81,12,0,1
BRDA:81,12,1,1
BRDA:82,13,0,0
BRDA:82,13,1,1
BRDA:82,14,0,1
BRDA:82,14,1,0
BRDA:88,15,0,2
BRDA:88,15,1,2
BRDA:100,16,0,0
BRDA:100,16,1,2
BRDA:104,17,0,2
BRDA:104,17,1,0
BRDA:112,18,0,1
BRDA:112,18,1,1
BRDA:129,19,0,1
BRDA:129,19,1,1
BRDA:132,20,0,1
BRDA:132,20,1,0
BRDA:150,21,0,0
BRDA:150,21,1,0
BRF:44
BRH:34
end_of_record
TN:
SF:src/services/background-location.ts
FN:36,setRunLocationSink
FN:40,isLocationObject
FN:59,forwardTaskLocations
FN:81,(anonymous_3)
FN:108,requestBackgroundPermission
FN:122,startRunLocationUpdates
FN:138,stopRunLocationUpdates
FNF:7
FNH:2
FNDA:0,setRunLocationSink
FNDA:6,isLocationObject
FNDA:6,forwardTaskLocations
FNDA:0,(anonymous_3)
FNDA:0,requestBackgroundPermission
FNDA:0,startRunLocationUpdates
FNDA:0,stopRunLocationUpdates
DA:29,1
DA:33,1
DA:37,0
DA:41,6
DA:42,1
DA:44,5
DA:45,5
DA:46,1
DA:48,4
DA:60,6
DA:61,1
DA:63,5
DA:64,5
DA:65,3
DA:67,2
DA:68,2
DA:69,6
DA:70,3
DA:72,3
DA:73,3
DA:75,2
DA:81,1
DA:82,0
DA:83,0
DA:85,0
DA:95,1
DA:109,0
DA:110,0
DA:111,0
DA:113,0
DA:123,0
DA:124,0
DA:125,0
DA:127,0
DA:128,0
DA:130,0
DA:131,0
DA:133,0
DA:139,0
DA:140,0
DA:141,0
LF:41
LH:22
BRDA:41,0,0,1
BRDA:41,0,1,5
BRDA:41,1,0,6
BRDA:41,1,1,6
BRDA:45,2,0,1
BRDA:45,2,1,4
BRDA:45,3,0,5
BRDA:45,3,1,5
BRDA:48,4,0,4
BRDA:48,4,1,3
BRDA:60,5,0,1
BRDA:60,5,1,5
BRDA:64,6,0,3
BRDA:64,6,1,2
BRDA:69,7,0,3
BRDA:69,7,1,3
BRDA:82,8,0,0
BRDA:82,8,1,0
BRDA:124,9,0,0
BRDA:124,9,1,0
BRDA:127,10,0,0
BRDA:127,10,1,0
BRDA:140,11,0,0
BRDA:140,11,1,0
BRF:24
BRH:16
end_of_record
TN:
SF:src/services/geo.ts
FN:13,toRadians
FN:18,haversineMeters
FN:28,pathLengthMeters
FN:37,cumulativeDistances
FN:50,toLocalMeters
FN:77,projectOntoPath
FN:122,bearingDegrees
FN:133,sliceAlongPath
FNF:8
FNH:6
FNDA:6825081,toRadians
FNDA:1686199,haversineMeters
FNDA:0,pathLengthMeters
FNDA:12,cumulativeDistances
FNDA:464,toLocalMeters
FNDA:109,projectOntoPath
FNDA:26607,bearingDegrees
FNDA:0,sliceAlongPath
DA:10,72
DA:11,72
DA:14,6825081
DA:19,1686199
DA:20,1686199
DA:21,1686199
DA:22,1686199
DA:23,1686199
DA:24,1686199
DA:29,0
DA:30,0
DA:31,0
DA:33,0
DA:38,12
DA:39,12
DA:40,12
DA:41,51
DA:43,12
DA:52,464
DA:55,464
DA:56,464
DA:83,109
DA:84,0
DA:87,109
DA:88,109
DA:90,109
DA:91,232
DA:92,232
DA:93,232
DA:94,232
DA:95,232
DA:97,232
DA:99,232
DA:103,232
DA:104,232
DA:105,232
DA:107,232
DA:108,133
DA:109,133
DA:118,109
DA:123,26607
DA:124,26607
DA:125,26607
DA:126,26607
DA:127,26607
DA:128,26607
DA:129,26607
DA:138,0
DA:139,0
DA:141,0
DA:142,0
DA:143,0
DA:146,0
DA:147,0
DA:148,0
DA:149,0
DA:150,0
DA:154,0
DA:155,0
DA:156,0
DA:157,0
DA:161,0
DA:164,0
LF:63
LH:42
BRDA:81,0,0,0
BRDA:83,1,0,0
BRDA:83,1,1,109
BRDA:99,2,0,0
BRDA:99,2,1,232
BRDA:107,3,0,133
BRDA:107,3,1,99
BRDA:107,4,0,232
BRDA:107,4,1,123
BRDA:138,5,0,0
BRDA:138,5,1,0
BRDA:138,6,0,0
BRDA:138,6,1,0
BRDA:142,7,0,0
BRDA:142,7,1,0
BRDA:148,8,0,0
BRDA:148,8,1,0
BRDA:156,9,0,0
BRDA:156,9,1,0
BRF:19
BRH:6
end_of_record
TN:
SF:src/services/location.ts
FN:53,toCoordinate
FN:60,toSample
FN:73,getForegroundPermission
FN:83,requestForegroundPermission
FN:89,getCurrentCoordinate
FN:97,watchCoordinate
FN:106,(anonymous_6)
FN:108,(anonymous_7)
FN:115,(anonymous_8)
FN:118,(anonymous_9)
FN:150,watchRunPosition
FN:167,(anonymous_11)
FN:168,(anonymous_12)
FN:170,(anonymous_13)
FN:177,(anonymous_14)
FN:180,(anonymous_15)
FNF:16
FNH:7
FNDA:32,toCoordinate
FNDA:32,toSample
FNDA:0,getForegroundPermission
FNDA:0,requestForegroundPermission
FNDA:0,getCurrentCoordinate
FNDA:0,watchCoordinate
FNDA:0,(anonymous_6)
FNDA:0,(anonymous_7)
FNDA:0,(anonymous_8)
FNDA:0,(anonymous_9)
FNDA:27,watchRunPosition
FNDA:29,(anonymous_11)
FNDA:2,(anonymous_12)
FNDA:27,(anonymous_13)
FNDA:0,(anonymous_14)
FNDA:27,(anonymous_15)
DA:54,32
DA:63,32
DA:64,32
DA:74,0
DA:75,0
DA:84,0
DA:85,0
DA:90,0
DA:93,0
DA:101,0
DA:102,0
DA:104,0
DA:106,0
DA:109,0
DA:110,0
DA:112,0
DA:115,0
DA:117,0
DA:119,0
DA:120,0
DA:136,2
DA:154,27
DA:155,27
DA:165,27
DA:167,29
DA:168,2
DA:171,27
DA:172,0
DA:174,27
DA:177,0
DA:179,27
DA:181,27
DA:182,27
LF:33
LH:14
BRDA:66,0,0,31
BRDA:66,0,1,1
BRDA:66,1,0,32
BRDA:66,1,1,31
BRDA:68,2,0,2
BRDA:68,2,1,30
BRDA:68,3,0,32
BRDA:68,3,1,2
BRDA:109,4,0,0
BRDA:109,4,1,0
BRDA:171,5,0,0
BRDA:171,5,1,27
BRF:12
BRH:9
end_of_record
TN:
SF:src/services/profile.ts
FN:35,profileFile
FN:39,clampOrNull
FN:49,textOrNull
FN:57,parseProfile
FN:69,loadProfile
FN:81,saveProfile
FN:106,subscribeToProfile
FN:108,(anonymous_7)
FN:131,loadImagePicker
FN:140,pickAvatar
FNF:10
FNH:6
FNDA:14,profileFile
FNDA:12,clampOrNull
FNDA:24,textOrNull
FNDA:12,parseProfile
FNDA:8,loadProfile
FNDA:6,saveProfile
FNDA:0,subscribeToProfile
FNDA:0,(anonymous_7)
FNDA:0,loadImagePicker
FNDA:0,pickAvatar
DA:23,1
DA:29,1
DA:30,1
DA:32,1
DA:33,1
DA:36,14
DA:40,12
DA:41,7
DA:43,5
DA:44,1
DA:46,4
DA:50,24
DA:51,15
DA:53,9
DA:54,9
DA:58,12
DA:59,0
DA:61,12
DA:62,12
DA:70,8
DA:71,8
DA:72,1
DA:74,7
DA:75,7
DA:77,1
DA:82,6
DA:83,6
DA:84,0
DA:86,6
DA:87,6
DA:88,6
DA:90,6
DA:91,6
DA:92,6
DA:93,0
DA:99,1
DA:107,0
DA:108,0
DA:109,0
DA:132,0
DA:134,0
DA:136,0
DA:141,0
DA:142,0
DA:143,0
DA:146,0
DA:147,0
DA:148,0
DA:149,0
DA:152,0
DA:160,0
DA:161,0
DA:164,0
DA:165,0
DA:166,0
DA:168,0
DA:169,0
DA:170,0
DA:172,0
DA:173,0
DA:176,0
LF:61
LH:33
BRDA:40,0,0,7
BRDA:40,0,1,5
BRDA:40,1,0,12
BRDA:40,1,1,5
BRDA:43,2,0,1
BRDA:43,2,1,4
BRDA:43,3,0,5
BRDA:43,3,1,5
BRDA:50,4,0,15
BRDA:50,4,1,9
BRDA:54,5,0,8
BRDA:54,5,1,1
BRDA:58,6,0,0
BRDA:58,6,1,12
BRDA:58,7,0,12
BRDA:58,7,1,12
BRDA:71,8,0,1
BRDA:71,8,1,7
BRDA:83,9,0,0
BRDA:83,9,1,6
BRDA:87,10,0,6
BRDA:87,10,1,0
BRDA:142,11,0,0
BRDA:142,11,1,0
BRDA:148,12,0,0
BRDA:148,12,1,0
BRDA:160,13,0,0
BRDA:160,13,1,0
BRDA:160,14,0,0
BRDA:160,14,1,0
BRDA:165,15,0,0
BRDA:165,15,1,0
BRDA:169,16,0,0
BRDA:169,16,1,0
BRF:34
BRH:19
end_of_record
TN:
SF:src/services/route-context.tsx
FN:85,RouteProvider
FN:111,(anonymous_1)
FN:121,(anonymous_2)
FN:170,(anonymous_3)
FN:179,(anonymous_4)
FN:188,(anonymous_5)
FN:200,(anonymous_6)
FN:203,(anonymous_7)
FN:211,(anonymous_8)
FN:215,(anonymous_9)
FN:221,(anonymous_10)
FN:266,(anonymous_11)
FN:271,(anonymous_12)
FN:277,(anonymous_13)
FN:284,(anonymous_14)
FN:292,(anonymous_15)
FN:303,(anonymous_16)
FN:308,(anonymous_17)
FN:358,useRoutes
FNF:19
FNH:15
FNDA:44,RouteProvider
FNDA:9,(anonymous_1)
FNDA:7,(anonymous_2)
FNDA:0,(anonymous_3)
FNDA:1,(anonymous_4)
FNDA:0,(anonymous_5)
FNDA:0,(anonymous_6)
FNDA:0,(anonymous_7)
FNDA:26,(anonymous_8)
FNDA:18,(anonymous_9)
FNDA:10,(anonymous_10)
FNDA:1,(anonymous_11)
FNDA:1,(anonymous_12)
FNDA:8,(anonymous_13)
FNDA:1,(anonymous_14)
FNDA:1,(anonymous_15)
FNDA:1,(anonymous_16)
FNDA:44,(anonymous_17)
FNDA:44,useRoutes
DA:70,1
DA:86,44
DA:87,44
DA:88,44
DA:89,44
DA:90,44
DA:91,44
DA:92,44
DA:93,44
DA:95,44
DA:96,44
DA:97,44
DA:99,44
DA:101,44
DA:103,44
DA:109,44
DA:111,44
DA:112,9
DA:113,9
DA:114,9
DA:115,9
DA:116,9
DA:117,9
DA:120,44
DA:122,7
DA:123,0
DA:125,7
DA:126,7
DA:128,7
DA:129,7
DA:130,7
DA:131,7
DA:133,7
DA:134,7
DA:147,7
DA:148,7
DA:149,7
DA:150,7
DA:151,7
DA:153,0
DA:154,0
DA:155,0
DA:156,0
DA:157,0
DA:159,0
DA:160,0
DA:162,0
DA:164,7
DA:170,44
DA:171,0
DA:172,0
DA:173,0
DA:175,0
DA:178,44
DA:181,1
DA:182,1
DA:187,44
DA:189,0
DA:190,0
DA:191,0
DA:192,0
DA:193,0
DA:194,0
DA:195,0
DA:200,44
DA:201,0
DA:202,0
DA:203,0
DA:206,44
DA:207,44
DA:211,44
DA:212,26
DA:213,17
DA:215,9
DA:216,18
DA:220,44
DA:222,10
DA:223,0
DA:225,10
DA:226,0
DA:227,0
DA:228,0
DA:231,10
DA:233,10
DA:234,10
DA:235,10
DA:237,10
DA:238,10
DA:243,9
DA:244,0
DA:246,9
DA:247,9
DA:248,9
DA:250,1
DA:251,0
DA:254,1
DA:255,1
DA:256,1
DA:257,1
DA:265,44
DA:267,1
DA:268,1
DA:269,0
DA:271,1
DA:276,44
DA:278,8
DA:279,8
DA:284,44
DA:285,1
DA:286,1
DA:287,0
DA:289,1
DA:292,44
DA:295,1
DA:296,1
DA:297,1
DA:298,1
DA:299,1
DA:300,1
DA:303,44
DA:304,1
DA:307,44
DA:308,44
DA:353,44
DA:359,44
DA:360,44
DA:361,0
DA:363,44
LF:128
LH:96
BRDA:121,0,0,0
BRDA:122,1,0,0
BRDA:122,1,1,7
BRDA:134,2,0,0
BRDA:134,2,1,7
BRDA:155,3,0,0
BRDA:155,3,1,0
BRDA:172,4,0,0
BRDA:172,4,1,0
BRDA:203,5,0,0
BRDA:203,5,1,0
BRDA:207,6,0,44
BRDA:207,6,1,14
BRDA:212,7,0,17
BRDA:212,7,1,9
BRDA:212,8,0,26
BRDA:212,8,1,9
BRDA:216,9,0,9
BRDA:216,9,1,9
BRDA:222,10,0,0
BRDA:222,10,1,10
BRDA:225,11,0,0
BRDA:225,11,1,10
BRDA:243,12,0,0
BRDA:243,12,1,9
BRDA:250,13,0,0
BRDA:250,13,1,1
BRDA:258,14,0,1
BRDA:258,14,1,0
BRDA:267,15,0,1
BRDA:267,15,1,0
BRDA:268,16,0,0
BRDA:268,16,1,1
BRDA:268,17,0,1
BRDA:268,17,1,1
BRDA:271,18,0,1
BRDA:271,18,1,0
BRDA:278,19,0,8
BRDA:278,19,1,7
BRDA:285,20,0,1
BRDA:285,20,1,0
BRDA:286,21,0,0
BRDA:286,21,1,1
BRDA:296,22,0,1
BRDA:296,22,1,1
BRDA:311,23,0,44
BRDA:311,23,1,14
BRDA:321,24,0,44
BRDA:321,24,1,32
BRDA:360,25,0,0
BRDA:360,25,1,44
BRF:51
BRH:31
end_of_record
TN:
SF:src/services/route-identity.ts
FN:28,quantize
FN:32,pointKey
FN:37,shapeSignature
FN:54,hash
FN:68,routeIdentity
FNF:5
FNH:5
FNDA:424,quantize
FNDA:212,pointKey
FNDA:38,shapeSignature
FNDA:38,hash
FNDA:38,routeIdentity
DA:23,4
DA:26,4
DA:29,424
DA:33,212
DA:38,38
DA:39,0
DA:41,38
DA:42,38
DA:43,38
DA:44,134
DA:46,38
DA:47,38
DA:48,2
DA:50,38
DA:55,38
DA:56,38
DA:57,3034
DA:59,38
DA:69,38
DA:70,38
DA:71,38
DA:72,38
LF:22
LH:21
BRDA:38,0,0,0
BRDA:38,0,1,38
BRDA:47,1,0,2
BRDA:47,1,1,36
BRDA:70,2,0,38
BRDA:70,2,1,0
BRF:6
BRH:4
end_of_record
TN:
SF:src/services/route-popularity.ts
FN:29,countRunsByRoute
FN:46,popularityLabel
FN:54,loadRoutePopularity
FNF:3
FNH:3
FNDA:5,countRunsByRoute
FNDA:4,popularityLabel
FNDA:1,loadRoutePopularity
DA:24,1
DA:30,5
DA:31,5
DA:32,9
DA:33,1
DA:35,8
DA:36,8
DA:38,5
DA:47,4
DA:48,2
DA:50,2
DA:55,1
LF:12
LH:12
BRDA:32,0,0,1
BRDA:32,0,1,8
BRDA:36,1,0,8
BRDA:36,1,1,6
BRDA:47,2,0,2
BRDA:47,2,1,2
BRDA:50,3,0,1
BRDA:50,3,1,1
BRF:8
BRH:8
end_of_record
TN:
SF:src/services/route-quality.ts
FN:39,headingDifference
FN:49,resample
FN:103,backtracking
FN:185,turnDensity
FN:228,perpendicularDistanceM
FN:246,simplify
FN:276,projectToMeters
FN:279,(anonymous_7)
FN:285,cross
FN:290,properIntersection
FN:301,countSelfIntersections
FN:325,elongationOf
FN:387,loopShape
FN:433,analyzeRoute
FN:442,formatMetrics
FN:498,clamp01
FN:513,pedestrianScore
FN:539,scoreRoute
FN:573,(anonymous_18)
FN:576,(anonymous_19)
FNF:20
FNH:20
FNDA:4666745,headingDifference
FNDA:69,resample
FNDA:71,backtracking
FNDA:71,turnDensity
FNDA:50517,perpendicularDistanceM
FNDA:4472,simplify
FNDA:134,projectToMeters
FNDA:5557,(anonymous_7)
FNDA:57740,cross
FNDA:14435,properIntersection
FNDA:67,countSelfIntersections
FNDA:67,elongationOf
FNDA:69,loopShape
FNDA:63,analyzeRoute
FNDA:3,formatMetrics
FNDA:413,clamp01
FNDA:64,pedestrianScore
FNDA:64,scoreRoute
FNDA:266,(anonymous_18)
FNDA:266,(anonymous_19)
DA:20,72
DA:24,72
DA:27,72
DA:36,72
DA:40,4666745
DA:41,4666745
DA:50,69
DA:51,0
DA:54,69
DA:55,69
DA:56,4275
DA:58,69
DA:59,69
DA:60,0
DA:63,69
DA:64,69
DA:65,69
DA:67,69
DA:68,24376
DA:69,24376
DA:70,4206
DA:72,24376
DA:73,24376
DA:74,24376
DA:75,24376
DA:76,24376
DA:77,24376
DA:78,24376
DA:84,69
DA:104,71
DA:105,2
DA:108,69
DA:109,69
DA:110,0
DA:113,69
DA:114,69
DA:115,69
DA:116,69
DA:117,69
DA:119,69
DA:120,24307
DA:121,24307
DA:122,24307
DA:123,24307
DA:124,24307
DA:125,24307
DA:126,24307
DA:132,69
DA:134,69
DA:135,24307
DA:136,4665599
DA:137,3016799
DA:139,1648800
DA:140,1648568
DA:142,232
DA:143,232
DA:147,69
DA:148,69
DA:149,24307
DA:150,232
DA:154,69
DA:158,72
DA:162,72
DA:165,72
DA:186,71
DA:187,2
DA:190,69
DA:191,69
DA:192,4312
DA:194,69
DA:195,0
DA:198,69
DA:200,69
DA:203,69
DA:204,69
DA:205,3
DA:208,66
DA:209,66
DA:211,66
DA:212,1146
DA:213,1146
DA:214,1146
DA:215,1146
DA:217,1146
DA:218,1146
DA:219,1146
DA:220,497
DA:224,66
DA:229,50517
DA:230,50517
DA:232,50517
DA:233,50517
DA:234,50517
DA:235,50517
DA:237,50517
DA:238,50517
DA:239,8406
DA:241,42111
DA:242,42111
DA:247,4472
DA:248,1146
DA:251,3326
DA:252,3326
DA:253,3326
DA:254,3326
DA:256,3326
DA:257,50517
DA:258,50517
DA:259,19097
DA:260,19097
DA:264,3326
DA:265,1158
DA:268,2168
DA:269,2168
DA:270,2168
DA:277,134
DA:278,134
DA:279,5557
DA:286,57740
DA:291,14435
DA:292,14435
DA:293,14435
DA:294,14435
DA:295,14435
DA:302,67
DA:303,3
DA:305,64
DA:306,64
DA:308,64
DA:309,1080
DA:312,15579
DA:313,1144
DA:315,14435
DA:316,1
DA:321,64
DA:326,67
DA:327,67
DA:328,0
DA:331,67
DA:332,67
DA:333,67
DA:334,4341
DA:335,4341
DA:337,67
DA:338,67
DA:340,67
DA:341,67
DA:342,67
DA:343,67
DA:344,4341
DA:345,4341
DA:346,4341
DA:347,4341
DA:348,4341
DA:350,67
DA:351,67
DA:352,67
DA:354,67
DA:355,67
DA:356,67
DA:357,67
DA:358,67
DA:360,67
DA:361,3
DA:363,64
DA:388,69
DA:389,2
DA:392,67
DA:394,67
DA:395,67
DA:396,4274
DA:400,67
DA:402,67
DA:403,67
DA:404,4274
DA:408,67
DA:410,67
DA:412,67
DA:434,63
DA:443,3
DA:444,3
DA:463,72
DA:472,72
DA:473,72
DA:474,72
DA:477,72
DA:499,413
DA:514,64
DA:515,15
DA:517,49
DA:518,49
DA:519,39
DA:521,10
DA:522,10
DA:523,10
DA:547,64
DA:548,64
DA:550,64
DA:553,64
DA:555,64
DA:558,64
DA:563,64
DA:569,64
DA:570,10
DA:573,266
DA:575,64
DA:576,266
DA:579,64
LF:208
LH:203
BRDA:41,0,0,1153597
BRDA:41,0,1,3513148
BRDA:50,1,0,0
BRDA:50,1,1,69
BRDA:59,2,0,0
BRDA:59,2,1,69
BRDA:69,3,0,28582
BRDA:69,3,1,26405
BRDA:74,4,0,24376
BRDA:74,4,1,0
BRDA:104,5,0,2
BRDA:104,5,1,69
BRDA:109,6,0,0
BRDA:109,6,1,69
BRDA:136,7,0,3016799
BRDA:136,7,1,1648800
BRDA:139,8,0,1648568
BRDA:139,8,1,232
BRDA:149,9,0,232
BRDA:149,9,1,24075
BRDA:154,10,0,69
BRDA:154,10,1,0
BRDA:186,11,0,2
BRDA:186,11,1,69
BRDA:194,12,0,0
BRDA:194,12,1,69
BRDA:200,13,0,69
BRDA:200,13,1,68
BRDA:203,14,0,64
BRDA:203,14,1,5
BRDA:204,15,0,3
BRDA:204,15,1,66
BRDA:209,16,0,62
BRDA:209,16,1,4
BRDA:212,17,0,1136
BRDA:212,17,1,10
BRDA:219,18,0,497
BRDA:219,18,1,649
BRDA:238,19,0,8406
BRDA:238,19,1,42111
BRDA:247,20,0,1146
BRDA:247,20,1,3326
BRDA:258,21,0,19097
BRDA:258,21,1,31420
BRDA:264,22,0,1158
BRDA:264,22,1,2168
BRDA:296,23,0,14435
BRDA:296,23,1,5140
BRDA:296,23,2,14250
BRDA:296,23,3,9295
BRDA:296,23,4,471
BRDA:296,23,5,106
BRDA:296,23,6,470
BRDA:296,23,7,365
BRDA:302,24,0,3
BRDA:302,24,1,64
BRDA:312,25,0,1144
BRDA:312,25,1,14435
BRDA:312,26,0,15579
BRDA:312,26,1,14499
BRDA:312,26,2,1016
BRDA:315,27,0,1
BRDA:315,27,1,14434
BRDA:327,28,0,0
BRDA:327,28,1,67
BRDA:360,29,0,3
BRDA:360,29,1,64
BRDA:360,30,0,67
BRDA:360,30,1,67
BRDA:388,31,0,2
BRDA:388,31,1,67
BRDA:408,32,0,67
BRDA:408,32,1,0
BRDA:514,33,0,15
BRDA:514,33,1,49
BRDA:518,34,0,39
BRDA:518,34,1,10
BRDA:518,35,0,49
BRDA:518,35,1,39
BRDA:521,36,0,0
BRDA:521,36,1,10
BRDA:522,37,0,1
BRDA:522,37,1,9
BRDA:547,38,0,64
BRDA:547,38,1,0
BRDA:569,39,0,10
BRDA:569,39,1,54
BRDA:575,40,0,64
BRDA:575,40,1,0
BRF:89
BRH:78
end_of_record
TN:
SF:src/services/route-share.ts
FN:22,encodeNumber
FN:34,encodePolyline
FN:52,decodePolyline
FN:102,routeShareLink
FN:115,first
FN:124,parseRouteShareParams
FN:149,parseRouteShareLink
FNF:7
FNH:7
FNDA:56,encodeNumber
FNDA:8,encodePolyline
FNDA:12,decodePolyline
FNDA:5,routeShareLink
FNDA:24,first
FNDA:8,parseRouteShareParams
FNDA:7,parseRouteShareLink
DA:17,1
DA:20,1
DA:24,56
DA:25,56
DA:26,56
DA:27,112
DA:28,112
DA:30,56
DA:35,8
DA:36,8
DA:37,8
DA:39,8
DA:40,28
DA:41,28
DA:42,28
DA:43,28
DA:44,28
DA:45,28
DA:48,8
DA:53,12
DA:54,12
DA:55,12
DA:56,12
DA:58,12
DA:59,26
DA:60,26
DA:61,26
DA:63,26
DA:64,78
DA:65,0
DA:67,78
DA:68,78
DA:69,78
DA:70,0
DA:72,78
DA:73,78
DA:76,26
DA:78,26
DA:79,26
DA:80,26
DA:81,76
DA:82,2
DA:84,74
DA:85,74
DA:86,74
DA:87,0
DA:89,74
DA:90,74
DA:93,24
DA:95,24
DA:98,10
DA:103,5
DA:109,5
DA:116,24
DA:125,8
DA:126,8
DA:127,8
DA:128,4
DA:131,4
DA:132,4
DA:134,4
DA:150,7
DA:151,2
DA:154,5
DA:155,5
DA:156,16
DA:157,16
DA:158,0
DA:160,16
DA:161,16
DA:162,16
DA:163,16
DA:165,0
DA:169,5
LF:74
LH:69
BRDA:24,0,0,21
BRDA:24,0,1,35
BRDA:64,1,0,0
BRDA:64,1,1,78
BRDA:69,2,0,0
BRDA:69,2,1,78
BRDA:76,3,0,7
BRDA:76,3,1,19
BRDA:81,4,0,2
BRDA:81,4,1,74
BRDA:86,5,0,0
BRDA:86,5,1,74
BRDA:93,6,0,12
BRDA:93,6,1,12
BRDA:116,7,0,4
BRDA:116,7,1,20
BRDA:126,8,0,8
BRDA:126,8,1,2
BRDA:127,9,0,4
BRDA:127,9,1,4
BRDA:127,10,0,8
BRDA:127,10,1,7
BRDA:127,10,2,6
BRDA:132,11,0,4
BRDA:132,11,1,0
BRDA:138,12,0,3
BRDA:138,12,1,1
BRDA:138,13,0,4
BRDA:138,13,1,3
BRDA:140,14,0,4
BRDA:140,14,1,0
BRDA:150,15,0,2
BRDA:150,15,1,5
BRDA:150,16,0,7
BRDA:150,16,1,7
BRDA:157,17,0,0
BRDA:157,17,1,16
BRF:37
BRH:31
end_of_record
TN:
SF:src/services/route-storage.ts
FN:31,routesDirectory
FN:35,ensureDirectory
FN:43,roundCoordinate
FN:51,isCoordinate
FN:59,parseRoute
FN:76,(anonymous_5)
FN:83,parseSavedRoute
FN:106,saveRoute
FN:127,listRoutes
FN:149,(anonymous_9)
FN:152,getRoute
FN:164,deleteRoute
FN:172,isRouteSaved
FNF:13
FNH:13
FNDA:41,routesDirectory
FNDA:14,ensureDirectory
FNDA:42,roundCoordinate
FNDA:36,isCoordinate
FNDA:12,parseRoute
FNDA:12,(anonymous_5)
FNDA:12,parseSavedRoute
FNDA:14,saveRoute
FNDA:6,listRoutes
FNDA:2,(anonymous_9)
FNDA:20,getRoute
FNDA:1,deleteRoute
FNDA:2,isRouteSaved
DA:18,1
DA:21,1
DA:32,41
DA:36,14
DA:37,14
DA:38,10
DA:40,14
DA:44,42
DA:45,42
DA:52,36
DA:53,0
DA:55,36
DA:56,36
DA:60,12
DA:61,0
DA:63,12
DA:64,12
DA:65,12
DA:66,0
DA:68,12
DA:76,12
DA:84,12
DA:85,0
DA:87,12
DA:88,12
DA:89,0
DA:91,12
DA:92,12
DA:93,0
DA:95,12
DA:107,14
DA:108,14
DA:109,14
DA:118,14
DA:119,14
DA:120,12
DA:122,14
DA:123,14
DA:128,6
DA:129,6
DA:130,1
DA:133,5
DA:134,5
DA:135,8
DA:136,0
DA:138,8
DA:139,8
DA:140,7
DA:141,7
DA:145,1
DA:149,5
DA:153,20
DA:154,20
DA:155,15
DA:157,5
DA:158,5
DA:160,0
DA:165,1
DA:166,1
DA:167,1
DA:173,2
LF:61
LH:53
BRDA:37,0,0,10
BRDA:37,0,1,4
BRDA:52,1,0,0
BRDA:52,1,1,36
BRDA:52,2,0,36
BRDA:52,2,1,36
BRDA:56,3,0,36
BRDA:56,3,1,36
BRDA:60,4,0,0
BRDA:60,4,1,12
BRDA:60,5,0,12
BRDA:60,5,1,12
BRDA:64,6,0,12
BRDA:64,6,1,0
BRDA:65,7,0,0
BRDA:65,7,1,12
BRDA:65,8,0,12
BRDA:65,8,1,12
BRDA:70,9,0,12
BRDA:70,9,1,0
BRDA:71,10,0,12
BRDA:71,10,1,0
BRDA:75,11,0,12
BRDA:75,11,1,0
BRDA:78,12,0,0
BRDA:78,12,1,12
BRDA:84,13,0,0
BRDA:84,13,1,12
BRDA:84,14,0,12
BRDA:84,14,1,12
BRDA:88,15,0,0
BRDA:88,15,1,12
BRDA:92,16,0,0
BRDA:92,16,1,12
BRDA:97,17,0,12
BRDA:97,17,1,0
BRDA:111,18,0,14
BRDA:111,18,1,12
BRDA:119,19,0,12
BRDA:119,19,1,2
BRDA:129,20,0,1
BRDA:129,20,1,5
BRDA:135,21,0,0
BRDA:135,21,1,8
BRDA:135,22,0,8
BRDA:135,22,1,8
BRDA:140,23,0,7
BRDA:140,23,1,0
BRDA:154,24,0,15
BRDA:154,24,1,5
BRDA:166,25,0,1
BRDA:166,25,1,0
BRF:52
BRH:37
end_of_record
TN:
SF:src/services/routing.ts
FN:101,(anonymous_0)
FN:165,randomVariants
FN:167,(anonymous_2)
FN:171,randomSeed
FN:175,shuffle
FN:190,pickUnusedVariant
FN:230,correctionFactorFor
FN:232,(anonymous_7)
FN:245,toleranceMetersFor
FN:249,isWithinTolerance
FN:275,hardToleranceMetersFor
FN:279,isWithinHardTolerance
FN:284,rankByCloseness
FN:289,(anonymous_13)
FN:303,rankByQuality
FN:306,(anonymous_15)
FN:317,(anonymous_16)
FN:321,(anonymous_17)
FN:325,isValidCoordinate
FN:351,sanitizeGeometry
FN:386,roundTo
FN:401,toCoordinates
FN:442,sendDirections
FN:447,(anonymous_23)
FN:542,requestLoop
FN:589,routeThroughWaypoints
FN:611,(anonymous_26)
FN:658,findRoutesBetween
FN:703,(anonymous_28)
FN:707,(anonymous_29)
FN:752,percentForCodes
FN:777,pathAttributesFromExtras
FN:803,characteristicLabelsFor
FN:831,stepsLabelFor
FN:843,describe
FN:869,fulfilledOf
FN:871,(anonymous_36)
FN:872,(anonymous_37)
FN:875,firstRoutingError
FN:877,(anonymous_39)
FN:883,safeOf
FN:884,(anonymous_41)
FN:917,findRoutes
FN:940,(anonymous_43)
FN:960,(anonymous_44)
FN:970,(anonymous_45)
FN:977,(anonymous_46)
FN:978,(anonymous_47)
FN:992,(anonymous_48)
FN:1009,(anonymous_49)
FN:1011,(anonymous_50)
FNF:51
FNH:50
FNDA:24,(anonymous_0)
FNDA:43,randomVariants
FNDA:92,(anonymous_2)
FNDA:92,randomSeed
FNDA:43,shuffle
FNDA:4,pickUnusedVariant
FNDA:26,correctionFactorFor
FNDA:51,(anonymous_7)
FNDA:70,toleranceMetersFor
FNDA:48,isWithinTolerance
FNDA:65,hardToleranceMetersFor
FNDA:65,isWithinHardTolerance
FNDA:11,rankByCloseness
FNDA:24,(anonymous_13)
FNDA:14,rankByQuality
FNDA:44,(anonymous_15)
FNDA:42,(anonymous_16)
FNDA:44,(anonymous_17)
FNDA:966,isValidCoordinate
FNDA:67,sanitizeGeometry
FNDA:54,roundTo
FNDA:67,toCoordinates
FNDA:77,sendDirections
FNDA:0,(anonymous_23)
FNDA:67,requestLoop
FNDA:8,routeThroughWaypoints
FNDA:7,(anonymous_26)
FNDA:8,findRoutesBetween
FNDA:5,(anonymous_28)
FNDA:9,(anonymous_29)
FNDA:308,percentForCodes
FNDA:77,pathAttributesFromExtras
FNDA:58,characteristicLabelsFor
FNDA:56,stepsLabelFor
FNDA:51,describe
FNDA:21,fulfilledOf
FNDA:63,(anonymous_36)
FNDA:51,(anonymous_37)
FNDA:4,firstRoutingError
FNDA:4,(anonymous_39)
FNDA:17,safeOf
FNDA:51,(anonymous_41)
FNDA:21,findRoutes
FNDA:57,(anonymous_43)
FNDA:6,(anonymous_44)
FNDA:20,(anonymous_45)
FNDA:9,(anonymous_46)
FNDA:9,(anonymous_47)
FNDA:1,(anonymous_48)
FNDA:18,(anonymous_49)
FNDA:42,(anonymous_50)
DA:102,24
DA:103,24
DA:104,24
DA:108,69
DA:109,69
DA:120,69
DA:123,69
DA:143,69
DA:145,69
DA:153,69
DA:166,43
DA:167,92
DA:172,92
DA:176,43
DA:177,43
DA:178,129
DA:179,129
DA:181,43
DA:195,4
DA:196,4
DA:197,18
DA:198,3
DA:200,15
DA:202,1
DA:224,69
DA:232,51
DA:234,26
DA:242,69
DA:243,69
DA:246,70
DA:250,48
DA:272,69
DA:273,69
DA:276,65
DA:280,65
DA:288,11
DA:289,24
DA:304,14
DA:305,14
DA:306,44
DA:318,42
DA:321,44
DA:326,966
DA:327,0
DA:329,966
DA:330,966
DA:352,67
DA:353,0
DA:356,67
DA:357,67
DA:358,777
DA:359,0
DA:361,777
DA:362,777
DA:363,0
DA:365,777
DA:369,67
DA:370,0
DA:373,67
DA:374,10
DA:377,57
DA:378,57
DA:379,57
DA:380,0
DA:383,57
DA:387,54
DA:388,54
DA:402,67
DA:403,0
DA:405,67
DA:406,67
DA:407,777
DA:408,0
DA:410,777
DA:411,777
DA:412,0
DA:414,777
DA:416,67
DA:446,77
DA:447,77
DA:450,77
DA:451,77
DA:462,3
DA:464,77
DA:467,74
DA:468,3
DA:470,70
DA:471,4
DA:473,66
DA:474,0
DA:478,66
DA:479,66
DA:481,0
DA:484,66
DA:485,66
DA:486,66
DA:488,66
DA:490,67
DA:494,67
DA:495,0
DA:500,67
DA:502,67
DA:506,67
DA:508,67
DA:510,67
DA:518,66
DA:519,4
DA:527,62
DA:535,69
DA:547,67
DA:562,54
DA:594,8
DA:595,1
DA:600,7
DA:601,1
DA:604,6
DA:605,6
DA:606,2
DA:609,4
DA:611,7
DA:615,4
DA:624,3
DA:625,3
DA:664,8
DA:665,1
DA:670,7
DA:671,0
DA:673,7
DA:674,1
DA:676,6
DA:677,0
DA:680,6
DA:701,5
DA:702,5
DA:703,5
DA:704,5
DA:707,5
DA:708,9
DA:709,9
DA:733,69
DA:734,69
DA:735,69
DA:742,69
DA:757,308
DA:758,308
DA:759,266
DA:761,42
DA:762,42
DA:763,42
DA:764,120
DA:765,120
DA:766,9
DA:768,111
DA:769,111
DA:770,36
DA:773,42
DA:778,77
DA:779,77
DA:792,69
DA:793,69
DA:794,69
DA:795,69
DA:796,69
DA:804,58
DA:809,48
DA:812,10
DA:813,10
DA:814,7
DA:816,10
DA:817,2
DA:819,10
DA:820,1
DA:822,10
DA:832,56
DA:833,56
DA:834,47
DA:836,9
DA:837,7
DA:839,2
DA:840,2
DA:850,51
DA:851,51
DA:852,36
DA:854,51
DA:855,51
DA:856,0
DA:858,51
DA:862,51
DA:863,7
DA:865,51
DA:870,21
DA:871,63
DA:872,51
DA:876,4
DA:877,4
DA:879,4
DA:884,51
DA:922,21
DA:923,1
DA:928,20
DA:929,1
DA:931,19
DA:932,0
DA:935,19
DA:936,19
DA:938,19
DA:939,19
DA:940,57
DA:943,19
DA:944,19
DA:945,4
DA:951,15
DA:953,15
DA:958,2
DA:959,2
DA:960,6
DA:962,2
DA:964,2
DA:965,1
DA:970,20
DA:976,3
DA:977,9
DA:978,9
DA:980,3
DA:981,4
DA:982,4
DA:983,4
DA:984,0
DA:987,4
DA:988,4
DA:989,4
DA:990,4
DA:992,4
DA:995,4
DA:996,2
DA:999,2
DA:1000,2
DA:1002,2
DA:1003,1
DA:1008,14
DA:1009,18
DA:1011,14
DA:1012,42
DA:1013,42
LF:244
LH:227
BRDA:108,0,0,69
BRDA:108,0,1,8
BRDA:193,1,0,4
BRDA:197,2,0,3
BRDA:197,2,1,15
BRDA:197,3,0,18
BRDA:197,3,1,18
BRDA:232,4,0,26
BRDA:232,4,1,0
BRDA:318,5,0,42
BRDA:318,5,1,27
BRDA:326,6,0,0
BRDA:326,6,1,966
BRDA:326,7,0,966
BRDA:326,7,1,966
BRDA:331,8,0,966
BRDA:331,8,1,966
BRDA:331,8,2,964
BRDA:331,8,3,964
BRDA:331,8,4,959
BRDA:331,8,5,959
BRDA:331,8,6,959
BRDA:331,8,7,959
BRDA:351,9,0,0
BRDA:352,10,0,0
BRDA:352,10,1,67
BRDA:358,11,0,0
BRDA:358,11,1,777
BRDA:362,12,0,0
BRDA:362,12,1,777
BRDA:362,13,0,777
BRDA:362,13,1,710
BRDA:362,13,2,4
BRDA:369,14,0,0
BRDA:369,14,1,67
BRDA:369,15,0,57
BRDA:369,15,1,10
BRDA:373,16,0,10
BRDA:373,16,1,57
BRDA:379,17,0,0
BRDA:379,17,1,57
BRDA:379,18,0,57
BRDA:379,18,1,57
BRDA:402,19,0,0
BRDA:402,19,1,67
BRDA:407,20,0,0
BRDA:407,20,1,777
BRDA:407,21,0,777
BRDA:407,21,1,777
BRDA:411,22,0,0
BRDA:411,22,1,777
BRDA:411,23,0,777
BRDA:411,23,1,777
BRDA:467,24,0,3
BRDA:467,24,1,70
BRDA:467,25,0,74
BRDA:467,25,1,73
BRDA:470,26,0,4
BRDA:470,26,1,66
BRDA:473,27,0,0
BRDA:473,27,1,66
BRDA:484,28,0,66
BRDA:484,28,1,0
BRDA:485,29,0,60
BRDA:485,29,1,6
BRDA:494,30,0,0
BRDA:494,30,1,67
BRDA:502,31,0,67
BRDA:502,31,1,0
BRDA:502,32,0,67
BRDA:502,32,1,67
BRDA:502,32,2,67
BRDA:506,33,0,67
BRDA:506,33,1,0
BRDA:508,34,0,67
BRDA:508,34,1,0
BRDA:508,35,0,67
BRDA:508,35,1,67
BRDA:518,36,0,4
BRDA:518,36,1,62
BRDA:521,37,0,3
BRDA:521,37,1,1
BRDA:592,38,0,7
BRDA:594,39,0,1
BRDA:594,39,1,7
BRDA:600,40,0,1
BRDA:600,40,1,6
BRDA:605,41,0,2
BRDA:605,41,1,4
BRDA:662,42,0,8
BRDA:664,43,0,1
BRDA:664,43,1,7
BRDA:670,44,0,0
BRDA:670,44,1,7
BRDA:673,45,0,1
BRDA:673,45,1,6
BRDA:676,46,0,0
BRDA:676,46,1,6
BRDA:676,47,0,6
BRDA:676,47,1,6
BRDA:758,48,0,266
BRDA:758,48,1,42
BRDA:758,49,0,308
BRDA:758,49,1,45
BRDA:764,50,0,120
BRDA:764,50,1,3
BRDA:765,51,0,9
BRDA:765,51,1,111
BRDA:765,52,0,120
BRDA:765,52,1,114
BRDA:765,52,2,114
BRDA:769,53,0,36
BRDA:769,53,1,75
BRDA:773,54,0,39
BRDA:773,54,1,3
BRDA:778,55,0,15
BRDA:778,55,1,62
BRDA:778,56,0,77
BRDA:778,56,1,15
BRDA:804,57,0,48
BRDA:804,57,1,10
BRDA:805,58,0,58
BRDA:805,58,1,48
BRDA:805,58,2,48
BRDA:813,59,0,7
BRDA:813,59,1,3
BRDA:813,60,0,10
BRDA:813,60,1,10
BRDA:816,61,0,2
BRDA:816,61,1,8
BRDA:816,62,0,10
BRDA:816,62,1,10
BRDA:819,63,0,1
BRDA:819,63,1,9
BRDA:819,64,0,10
BRDA:819,64,1,7
BRDA:833,65,0,47
BRDA:833,65,1,9
BRDA:833,66,0,56
BRDA:833,66,1,9
BRDA:836,67,0,7
BRDA:836,67,1,2
BRDA:836,68,0,9
BRDA:836,68,1,2
BRDA:840,69,0,1
BRDA:840,69,1,1
BRDA:850,70,0,42
BRDA:850,70,1,9
BRDA:851,71,0,36
BRDA:851,71,1,15
BRDA:851,72,0,51
BRDA:851,72,1,51
BRDA:855,73,0,0
BRDA:855,73,1,51
BRDA:862,74,0,7
BRDA:862,74,1,44
BRDA:879,75,0,4
BRDA:879,75,1,0
BRDA:920,76,0,21
BRDA:922,77,0,1
BRDA:922,77,1,20
BRDA:928,78,0,1
BRDA:928,78,1,19
BRDA:931,79,0,0
BRDA:931,79,1,19
BRDA:931,80,0,19
BRDA:931,80,1,19
BRDA:944,81,0,4
BRDA:944,81,1,15
BRDA:946,82,0,4
BRDA:946,82,1,0
BRDA:953,83,0,2
BRDA:953,83,1,13
BRDA:964,84,0,1
BRDA:964,84,1,1
BRDA:970,85,0,3
BRDA:970,85,1,10
BRDA:982,86,0,4
BRDA:982,86,1,0
BRDA:983,87,0,0
BRDA:983,87,1,4
BRDA:983,88,0,4
BRDA:983,88,1,4
BRDA:995,89,0,2
BRDA:995,89,1,2
BRDA:995,90,0,4
BRDA:995,90,1,3
BRDA:1002,91,0,1
BRDA:1002,91,1,1
BRF:189
BRH:164
end_of_record
TN:
SF:src/services/run-analytics.ts
FN:29,meters
FN:34,summarizeRuns
FN:84,filterRunsByPeriod
FN:89,(anonymous_3)
FN:94,(anonymous_4)
FN:103,shoeMileageMeters
FN:121,weeklyRunStreak
FN:127,(anonymous_7)
FN:171,compareRunToRecent
FN:176,(anonymous_9)
FN:177,(anonymous_10)
FN:185,(anonymous_11)
FN:188,(anonymous_12)
FN:193,(anonymous_13)
FN:219,weekDayBuckets
FN:220,(anonymous_15)
FN:225,(anonymous_16)
FNF:17
FNH:17
FNDA:29,meters
FNDA:4,summarizeRuns
FNDA:4,filterRunsByPeriod
FNDA:8,(anonymous_3)
FNDA:11,(anonymous_4)
FNDA:4,shoeMileageMeters
FNDA:4,weeklyRunStreak
FNDA:6,(anonymous_7)
FNDA:5,compareRunToRecent
FNDA:14,(anonymous_9)
FNDA:13,(anonymous_10)
FNDA:7,(anonymous_11)
FNDA:7,(anonymous_12)
FNDA:7,(anonymous_13)
FNDA:3,weekDayBuckets
FNDA:21,(anonymous_15)
FNDA:21,(anonymous_16)
DA:15,1
DA:18,1
DA:30,29
DA:39,4
DA:41,4
DA:42,4
DA:43,4
DA:45,4
DA:46,11
DA:47,11
DA:48,11
DA:49,6
DA:50,6
DA:54,4
DA:73,1
DA:89,8
DA:90,4
DA:91,1
DA:93,3
DA:94,11
DA:104,4
DA:105,4
DA:106,12
DA:107,3
DA:110,4
DA:122,4
DA:123,1
DA:126,3
DA:127,6
DA:130,3
DA:131,3
DA:132,1
DA:135,3
DA:136,3
DA:137,5
DA:138,5
DA:140,3
DA:148,1
DA:149,1
DA:152,1
DA:172,5
DA:173,5
DA:175,5
DA:176,14
DA:177,13
DA:180,5
DA:181,2
DA:185,7
DA:187,3
DA:189,7
DA:192,3
DA:193,7
DA:196,3
DA:220,21
DA:225,21
DA:227,3
DA:228,4
DA:229,4
DA:230,1
DA:232,3
DA:233,3
DA:236,3
LF:62
LH:62
BRDA:37,0,0,4
BRDA:48,1,0,6
BRDA:48,1,1,5
BRDA:90,2,0,1
BRDA:90,2,1,3
BRDA:90,3,0,4
BRDA:90,3,1,4
BRDA:106,4,0,3
BRDA:106,4,1,9
BRDA:122,5,0,1
BRDA:122,5,1,3
BRDA:131,6,0,1
BRDA:131,6,1,2
BRDA:180,7,0,2
BRDA:180,7,1,3
BRDA:192,8,0,3
BRDA:192,8,1,0
BRDA:199,9,0,2
BRDA:199,9,1,1
BRDA:199,10,0,3
BRDA:199,10,1,3
BRDA:229,11,0,1
BRDA:229,11,1,3
BRF:23
BRH:22
end_of_record
TN:
SF:src/services/run-context.tsx
FN:117,RunProvider
FN:151,(anonymous_1)
FN:161,(anonymous_2)
FN:169,(anonymous_3)
FN:179,(anonymous_4)
FN:195,(anonymous_5)
FN:207,(anonymous_6)
FN:239,(anonymous_7)
FN:263,(anonymous_8)
FN:267,(anonymous_9)
FN:275,(anonymous_10)
FN:278,(anonymous_11)
FN:282,(anonymous_12)
FN:284,(anonymous_13)
FN:289,(anonymous_14)
FN:295,(anonymous_15)
FN:327,(anonymous_16)
FN:347,(anonymous_17)
FN:362,(anonymous_18)
FN:400,(anonymous_19)
FN:416,(anonymous_20)
FN:426,(anonymous_21)
FN:433,(anonymous_22)
FN:475,(anonymous_23)
FN:485,(anonymous_24)
FN:491,(anonymous_25)
FN:532,useRun
FNF:27
FNH:25
FNDA:74,RunProvider
FNDA:69,(anonymous_1)
FNDA:27,(anonymous_2)
FNDA:31,(anonymous_3)
FNDA:2,(anonymous_4)
FNDA:39,(anonymous_5)
FNDA:20,(anonymous_6)
FNDA:12,(anonymous_7)
FNDA:72,(anonymous_8)
FNDA:0,(anonymous_9)
FNDA:27,(anonymous_10)
FNDA:23,(anonymous_11)
FNDA:23,(anonymous_12)
FNDA:23,(anonymous_13)
FNDA:23,(anonymous_14)
FNDA:26,(anonymous_15)
FNDA:13,(anonymous_16)
FNDA:3,(anonymous_17)
FNDA:9,(anonymous_18)
FNDA:3,(anonymous_19)
FNDA:1,(anonymous_20)
FNDA:4,(anonymous_21)
FNDA:1,(anonymous_22)
FNDA:0,(anonymous_23)
FNDA:1,(anonymous_24)
FNDA:74,(anonymous_25)
FNDA:74,useRun
DA:89,1
DA:92,1
DA:99,1
DA:101,1
DA:118,74
DA:119,74
DA:120,74
DA:121,74
DA:122,74
DA:123,74
DA:124,74
DA:127,74
DA:128,74
DA:129,74
DA:130,74
DA:131,74
DA:132,74
DA:134,74
DA:136,74
DA:145,74
DA:147,74
DA:149,74
DA:151,74
DA:152,69
DA:153,69
DA:154,69
DA:157,69
DA:158,69
DA:161,74
DA:162,27
DA:163,27
DA:164,27
DA:169,27
DA:170,31
DA:171,1
DA:173,30
DA:174,30
DA:175,30
DA:179,27
DA:180,2
DA:181,0
DA:185,2
DA:191,27
DA:192,27
DA:195,74
DA:196,39
DA:197,0
DA:200,39
DA:204,39
DA:207,74
DA:208,20
DA:212,20
DA:213,2
DA:214,1
DA:216,18
DA:217,0
DA:218,0
DA:220,20
DA:221,20
DA:239,74
DA:240,12
DA:241,0
DA:243,12
DA:244,12
DA:245,12
DA:263,74
DA:264,72
DA:265,45
DA:267,27
DA:268,0
DA:269,0
DA:270,0
DA:271,0
DA:272,0
DA:275,27
DA:278,74
DA:282,74
DA:283,23
DA:284,23
DA:285,23
DA:286,1
DA:289,23
DA:290,23
DA:294,74
DA:300,26
DA:304,0
DA:306,26
DA:307,26
DA:308,26
DA:309,26
DA:310,26
DA:311,26
DA:312,26
DA:314,26
DA:315,26
DA:316,26
DA:317,26
DA:318,26
DA:319,26
DA:320,26
DA:321,26
DA:322,26
DA:327,74
DA:328,13
DA:329,1
DA:333,12
DA:334,0
DA:335,0
DA:337,12
DA:340,12
DA:341,12
DA:342,12
DA:343,12
DA:344,12
DA:347,74
DA:348,3
DA:349,2
DA:351,1
DA:352,1
DA:353,1
DA:357,1
DA:358,1
DA:359,1
DA:362,74
DA:363,9
DA:367,2
DA:369,7
DA:370,7
DA:371,0
DA:372,0
DA:374,7
DA:375,7
DA:376,7
DA:378,7
DA:382,7
DA:383,7
DA:384,7
DA:400,74
DA:401,3
DA:402,3
DA:403,3
DA:404,3
DA:405,3
DA:406,3
DA:407,3
DA:408,3
DA:409,3
DA:410,3
DA:411,3
DA:412,3
DA:413,3
DA:416,74
DA:417,1
DA:418,1
DA:420,0
DA:421,0
DA:423,0
DA:426,74
DA:427,4
DA:428,1
DA:430,3
DA:433,74
DA:434,1
DA:439,1
DA:441,0
DA:442,0
DA:443,0
DA:444,0
DA:445,0
DA:446,0
DA:447,0
DA:448,0
DA:449,0
DA:451,0
DA:452,0
DA:453,0
DA:454,0
DA:455,0
DA:470,0
DA:471,0
DA:472,0
DA:475,74
DA:476,0
DA:479,0
DA:481,0
DA:482,0
DA:485,74
DA:486,1
DA:487,1
DA:490,74
DA:491,74
DA:529,74
DA:533,74
DA:534,74
DA:535,0
DA:537,74
LF:196
LH:156
BRDA:170,0,0,1
BRDA:170,0,1,30
BRDA:174,1,0,30
BRDA:174,1,1,0
BRDA:180,2,0,0
BRDA:180,2,1,2
BRDA:196,3,0,0
BRDA:196,3,1,39
BRDA:202,4,0,10
BRDA:202,4,1,29
BRDA:203,5,0,36
BRDA:203,5,1,3
BRDA:212,6,0,2
BRDA:212,6,1,18
BRDA:213,7,0,1
BRDA:213,7,1,1
BRDA:216,8,0,0
BRDA:216,8,1,18
BRDA:228,9,0,20
BRDA:228,9,1,20
BRDA:230,10,0,20
BRDA:230,10,1,8
BRDA:240,11,0,0
BRDA:240,11,1,12
BRDA:256,12,0,0
BRDA:256,12,1,12
BRDA:257,13,0,12
BRDA:257,13,1,12
BRDA:264,14,0,45
BRDA:264,14,1,27
BRDA:270,15,0,0
BRDA:270,15,1,0
BRDA:285,16,0,1
BRDA:285,16,1,22
BRDA:285,17,0,23
BRDA:285,17,1,22
BRDA:298,18,0,26
BRDA:300,19,0,0
BRDA:300,19,1,26
BRDA:328,20,0,1
BRDA:328,20,1,12
BRDA:333,21,0,0
BRDA:333,21,1,12
BRDA:348,22,0,2
BRDA:348,22,1,1
BRDA:351,23,0,1
BRDA:351,23,1,0
BRDA:363,24,0,2
BRDA:363,24,1,7
BRDA:370,25,0,0
BRDA:370,25,1,7
BRDA:396,26,0,7
BRDA:396,26,1,7
BRDA:417,27,0,1
BRDA:417,27,1,0
BRDA:420,28,0,0
BRDA:420,28,1,0
BRDA:427,29,0,1
BRDA:427,29,1,3
BRDA:434,30,0,1
BRDA:434,30,1,0
BRDA:434,31,0,1
BRDA:434,31,1,1
BRDA:453,32,0,0
BRDA:453,32,1,0
BRDA:464,33,0,0
BRDA:464,33,1,0
BRDA:476,34,0,0
BRDA:476,34,1,0
BRDA:534,35,0,0
BRDA:534,35,1,74
BRF:71
BRH:48
end_of_record
TN:
SF:src/services/run-export.ts
FN:19,isoOrNull
FN:27,runToTrack
FN:33,(anonymous_2)
FN:58,toGpxDocument
FN:89,writeRunsGpx
FNF:5
FNH:5
FNDA:8,isoOrNull
FNDA:7,runToTrack
FNDA:8,(anonymous_2)
FNDA:3,toGpxDocument
FNDA:1,writeRunsGpx
DA:17,1
DA:20,8
DA:28,7
DA:29,3
DA:32,4
DA:33,4
DA:34,8
DA:35,8
DA:36,8
DA:39,4
DA:59,3
DA:60,3
DA:62,3
DA:63,3
DA:64,3
DA:65,2
DA:67,1
DA:71,3
DA:79,3
DA:90,1
DA:92,1
DA:93,1
DA:94,0
DA:97,1
DA:98,1
DA:99,1
DA:101,1
DA:103,1
LF:28
LH:27
BRDA:20,0,0,7
BRDA:20,0,1,1
BRDA:20,1,0,8
BRDA:20,1,1,7
BRDA:28,2,0,3
BRDA:28,2,1,4
BRDA:32,3,0,4
BRDA:32,3,1,0
BRDA:35,4,0,7
BRDA:35,4,1,1
BRDA:64,5,0,2
BRDA:64,5,1,1
BRDA:93,6,0,0
BRDA:93,6,1,1
BRDA:98,7,0,1
BRDA:98,7,1,0
BRF:16
BRH:13
end_of_record
TN:
SF:src/services/run-session.ts
FN:173,createTrackerState
FN:208,trackerStateFromCheckpoint
FN:218,alignedTimestamps
FN:223,(anonymous_3)
FN:235,preparePlannedRoute
FN:254,evaluateCompletion
FN:285,evaluateOffRoute
FN:334,applySample
FN:449,projectProgress
FN:480,paceMinPerKm
FN:493,pushRecent
FN:496,(anonymous_11)
FN:510,currentPaceMinPerKm
FN:519,(anonymous_13)
FN:538,formatDistanceKm
FN:543,formatDuration
FN:548,(anonymous_16)
FN:553,formatPace
FN:567,compassDirection
FN:607,fastestSplit
FN:683,splitsFor
FN:697,(anonymous_21)
FN:720,(anonymous_22)
FN:795,computeRecords
FN:801,(anonymous_24)
FN:828,formatRunDate
FN:840,paceAccessibilityLabel
FNF:27
FNH:23
FNDA:144,createTrackerState
FNDA:6,trackerStateFromCheckpoint
FNDA:6,alignedTimestamps
FNDA:15,(anonymous_3)
FNDA:28,preparePlannedRoute
FNDA:128,evaluateCompletion
FNDA:128,evaluateOffRoute
FNDA:139,applySample
FNDA:116,projectProgress
FNDA:49,paceMinPerKm
FNDA:116,pushRecent
FNDA:105,(anonymous_11)
FNDA:28,currentPaceMinPerKm
FNDA:31,(anonymous_13)
FNDA:0,formatDistanceKm
FNDA:4,formatDuration
FNDA:4,(anonymous_16)
FNDA:0,formatPace
FNDA:0,compassDirection
FNDA:4,fastestSplit
FNDA:6,splitsFor
FNDA:24,(anonymous_21)
FNDA:16,(anonymous_22)
FNDA:6,computeRecords
FNDA:18,(anonymous_24)
FNDA:8,formatRunDate
FNDA:0,paceAccessibilityLabel
DA:57,4
DA:60,4
DA:68,4
DA:71,4
DA:82,4
DA:85,4
DA:88,4
DA:95,4
DA:98,4
DA:105,4
DA:113,4
DA:119,4
DA:124,4
DA:126,4
DA:127,4
DA:174,144
DA:209,6
DA:222,6
DA:223,15
DA:225,1
DA:236,28
DA:237,25
DA:239,3
DA:240,3
DA:259,128
DA:260,0
DA:262,128
DA:263,71
DA:265,57
DA:266,48
DA:268,9
DA:269,9
DA:270,0
DA:272,9
DA:273,9
DA:290,128
DA:291,71
DA:294,57
DA:295,57
DA:296,0
DA:304,57
DA:306,49
DA:309,8
DA:310,8
DA:311,8
DA:316,8
DA:317,8
DA:340,139
DA:344,2
DA:347,137
DA:350,1
DA:353,136
DA:355,5
DA:358,131
DA:363,131
DA:364,42
DA:379,89
DA:389,2
DA:392,87
DA:393,87
DA:397,12
DA:398,12
DA:402,12
DA:404,12
DA:405,12
DA:413,5
DA:415,7
DA:420,75
DA:421,75
DA:423,1
DA:426,74
DA:454,116
DA:455,64
DA:458,52
DA:465,52
DA:466,8
DA:469,44
DA:470,12
DA:473,32
DA:481,49
DA:482,33
DA:484,16
DA:494,116
DA:495,116
DA:496,105
DA:511,28
DA:512,13
DA:514,15
DA:515,15
DA:516,1
DA:518,14
DA:519,31
DA:520,14
DA:521,1
DA:523,13
DA:524,13
DA:525,1
DA:527,12
DA:528,12
DA:529,14
DA:531,12
DA:532,3
DA:534,9
DA:539,0
DA:544,4
DA:545,4
DA:546,4
DA:547,4
DA:548,4
DA:549,4
DA:554,0
DA:555,0
DA:557,0
DA:558,0
DA:560,0
DA:561,0
DA:564,4
DA:568,0
DA:569,0
DA:578,4
DA:581,4
DA:582,4
DA:612,4
DA:613,0
DA:616,4
DA:617,4
DA:618,1
DA:621,3
DA:622,3
DA:624,3
DA:625,15
DA:626,0
DA:628,15
DA:629,18
DA:631,15
DA:632,3
DA:635,12
DA:636,12
DA:637,12
DA:638,4
DA:640,8
DA:641,1
DA:644,7
DA:645,7
DA:646,0
DA:648,7
DA:649,7
DA:653,3
DA:669,4
DA:688,6
DA:689,1
DA:691,5
DA:692,5
DA:693,5
DA:694,0
DA:697,5
DA:698,24
DA:699,70
DA:700,24
DA:701,24
DA:702,24
DA:703,24
DA:704,24
DA:711,9
DA:713,15
DA:714,15
DA:717,0
DA:720,5
DA:721,16
DA:722,5
DA:723,5
DA:725,11
DA:728,5
DA:729,5
DA:730,5
DA:732,5
DA:733,13
DA:734,13
DA:735,13
DA:736,13
DA:737,7
DA:738,7
DA:739,7
DA:747,13
DA:748,13
DA:751,5
DA:752,5
DA:753,5
DA:754,3
DA:755,3
DA:756,3
DA:757,3
DA:758,3
DA:768,5
DA:796,6
DA:797,6
DA:798,6
DA:799,6
DA:801,6
DA:802,18
DA:803,18
DA:804,3
DA:806,15
DA:809,6
DA:810,12
DA:811,10
DA:813,12
DA:814,6
DA:816,12
DA:817,4
DA:819,12
DA:820,1
DA:824,6
DA:829,8
DA:830,8
DA:835,8
DA:836,8
DA:841,0
DA:842,0
DA:844,0
DA:845,0
DA:846,0
DA:847,0
LF:223
LH:200
BRDA:222,0,0,5
BRDA:222,0,1,1
BRDA:222,1,0,6
BRDA:222,1,1,2
BRDA:236,2,0,25
BRDA:236,2,1,3
BRDA:236,3,0,28
BRDA:236,3,1,3
BRDA:259,4,0,0
BRDA:259,4,1,128
BRDA:262,5,0,71
BRDA:262,5,1,57
BRDA:262,6,0,128
BRDA:262,6,1,57
BRDA:265,7,0,48
BRDA:265,7,1,9
BRDA:268,8,0,9
BRDA:268,8,1,0
BRDA:269,9,0,0
BRDA:269,9,1,9
BRDA:290,10,0,71
BRDA:290,10,1,57
BRDA:295,11,0,0
BRDA:295,11,1,57
BRDA:304,12,0,49
BRDA:304,12,1,8
BRDA:338,13,0,30
BRDA:340,14,0,2
BRDA:340,14,1,137
BRDA:347,15,0,1
BRDA:347,15,1,136
BRDA:353,16,0,5
BRDA:353,16,1,131
BRDA:353,17,0,136
BRDA:353,17,1,135
BRDA:355,18,0,0
BRDA:355,18,1,5
BRDA:363,19,0,42
BRDA:363,19,1,89
BRDA:379,20,0,2
BRDA:379,20,1,87
BRDA:393,21,0,12
BRDA:393,21,1,75
BRDA:402,22,0,12
BRDA:402,22,1,0
BRDA:404,23,0,12
BRDA:404,23,1,11
BRDA:405,24,0,5
BRDA:405,24,1,7
BRDA:406,25,0,12
BRDA:406,25,1,12
BRDA:406,25,2,6
BRDA:406,25,3,5
BRDA:406,25,4,5
BRDA:406,25,5,5
BRDA:421,26,0,1
BRDA:421,26,1,74
BRDA:454,27,0,64
BRDA:454,27,1,52
BRDA:465,28,0,8
BRDA:465,28,1,44
BRDA:465,29,0,52
BRDA:465,29,1,52
BRDA:469,30,0,12
BRDA:469,30,1,32
BRDA:481,31,0,33
BRDA:481,31,1,16
BRDA:481,32,0,49
BRDA:481,32,1,21
BRDA:511,33,0,13
BRDA:511,33,1,15
BRDA:515,34,0,1
BRDA:515,34,1,14
BRDA:520,35,0,1
BRDA:520,35,1,13
BRDA:524,36,0,1
BRDA:524,36,1,12
BRDA:531,37,0,3
BRDA:531,37,1,9
BRDA:549,38,0,0
BRDA:549,38,1,4
BRDA:554,39,0,0
BRDA:554,39,1,0
BRDA:554,40,0,0
BRDA:554,40,1,0
BRDA:554,40,2,0
BRDA:560,41,0,0
BRDA:560,41,1,0
BRDA:612,42,0,0
BRDA:612,42,1,4
BRDA:612,43,0,4
BRDA:612,43,1,4
BRDA:617,44,0,1
BRDA:617,44,1,3
BRDA:625,45,0,0
BRDA:625,45,1,15
BRDA:628,46,0,33
BRDA:628,46,1,30
BRDA:631,47,0,3
BRDA:631,47,1,12
BRDA:637,48,0,4
BRDA:637,48,1,8
BRDA:637,49,0,12
BRDA:637,49,1,8
BRDA:640,50,0,1
BRDA:640,50,1,7
BRDA:640,51,0,8
BRDA:640,51,1,7
BRDA:645,52,0,0
BRDA:645,52,1,7
BRDA:648,53,0,7
BRDA:648,53,1,0
BRDA:648,54,0,7
BRDA:648,54,1,5
BRDA:688,55,0,1
BRDA:688,55,1,5
BRDA:688,56,0,6
BRDA:688,56,1,6
BRDA:693,57,0,0
BRDA:693,57,1,5
BRDA:699,58,0,24
BRDA:699,58,1,46
BRDA:704,59,0,9
BRDA:704,59,1,15
BRDA:705,60,0,24
BRDA:705,60,1,24
BRDA:705,60,2,17
BRDA:705,60,3,17
BRDA:705,60,4,15
BRDA:721,61,0,5
BRDA:721,61,1,11
BRDA:723,62,0,1
BRDA:723,62,1,4
BRDA:723,63,0,5
BRDA:723,63,1,4
BRDA:736,64,0,7
BRDA:736,64,1,6
BRDA:736,65,0,13
BRDA:736,65,1,8
BRDA:738,66,0,7
BRDA:738,66,1,0
BRDA:753,67,0,3
BRDA:753,67,1,2
BRDA:753,68,0,5
BRDA:753,68,1,4
BRDA:753,68,2,3
BRDA:755,69,0,3
BRDA:755,69,1,0
BRDA:757,70,0,3
BRDA:757,70,1,0
BRDA:803,71,0,3
BRDA:803,71,1,15
BRDA:806,72,0,15
BRDA:806,72,1,7
BRDA:806,73,0,7
BRDA:806,73,1,0
BRDA:810,74,0,10
BRDA:810,74,1,2
BRDA:810,75,0,12
BRDA:810,75,1,11
BRDA:810,75,2,6
BRDA:813,76,0,6
BRDA:813,76,1,6
BRDA:813,77,0,12
BRDA:813,77,1,10
BRDA:816,78,0,4
BRDA:816,78,1,8
BRDA:816,79,0,12
BRDA:816,79,1,6
BRDA:819,80,0,1
BRDA:819,80,1,11
BRDA:819,81,0,12
BRDA:819,81,1,2
BRDA:841,82,0,0
BRDA:841,82,1,0
BRDA:841,83,0,0
BRDA:841,83,1,0
BRDA:841,83,2,0
BRDA:846,84,0,0
BRDA:846,84,1,0
BRF:180
BRH:150
end_of_record
TN:
SF:src/services/run-share.ts
FN:17,runShareMessage
FNF:1
FNH:1
FNDA:3,runShareMessage
DA:18,3
DA:19,3
DA:20,3
DA:22,3
DA:23,3
DA:25,3
LF:6
LH:6
BRDA:23,0,0,1
BRDA:23,0,1,2
BRF:2
BRH:2
end_of_record
TN:
SF:src/services/run-state.ts
FN:53,canTransition
FNF:1
FNH:1
FNDA:89,canTransition
DA:41,2
DA:54,89
LF:2
LH:2
BRF:0
BRH:0
end_of_record
TN:
SF:src/services/run-storage.ts
FN:22,runsDirectory
FN:26,ensureDirectory
FN:34,roundCoordinate
FN:42,isCoordinate
FN:50,parseCoordinates
FN:59,parseTimestamps
FN:63,(anonymous_6)
FN:68,parseRoute
FN:85,(anonymous_8)
FN:95,parseRun
FN:131,roundedPayload
FN:141,saveRun
FN:153,listRuns
FN:175,(anonymous_13)
FN:178,getRun
FN:190,deleteRun
FN:204,inProgressFile
FN:209,checkpointRun
FN:219,getInProgressRun
FN:231,clearInProgressRun
FNF:20
FNH:19
FNDA:22,runsDirectory
FNDA:11,ensureDirectory
FNDA:32,roundCoordinate
FNDA:24,isCoordinate
FNDA:12,parseCoordinates
FNDA:12,parseTimestamps
FNDA:4,(anonymous_6)
FNDA:12,parseRoute
FNDA:0,(anonymous_8)
FNDA:12,parseRun
FNDA:16,roundedPayload
FNDA:11,saveRun
FNDA:2,listRuns
FNDA:1,(anonymous_13)
FNDA:8,getRun
FNDA:1,deleteRun
FNDA:10,inProgressFile
FNDA:5,checkpointRun
FNDA:4,getInProgressRun
FNDA:1,clearInProgressRun
DA:17,1
DA:20,1
DA:23,22
DA:27,11
DA:28,11
DA:29,9
DA:31,11
DA:35,32
DA:36,32
DA:43,24
DA:44,0
DA:46,24
DA:47,24
DA:51,12
DA:60,12
DA:61,10
DA:63,2
DA:64,4
DA:69,12
DA:70,12
DA:72,0
DA:73,0
DA:74,0
DA:75,0
DA:77,0
DA:85,0
DA:96,12
DA:97,0
DA:99,12
DA:100,12
DA:101,0
DA:105,12
DA:109,12
DA:132,16
DA:142,11
DA:143,11
DA:144,11
DA:146,11
DA:147,11
DA:149,11
DA:154,2
DA:155,2
DA:156,0
DA:159,2
DA:160,2
DA:161,3
DA:162,0
DA:164,3
DA:165,3
DA:166,3
DA:167,3
DA:171,0
DA:175,2
DA:179,8
DA:180,8
DA:181,1
DA:183,7
DA:184,7
DA:186,0
DA:191,1
DA:192,1
DA:193,1
DA:197,1
DA:205,10
DA:210,5
DA:211,5
DA:212,5
DA:213,4
DA:215,5
DA:220,4
DA:221,4
DA:222,2
DA:224,2
DA:225,2
DA:227,0
DA:232,1
DA:233,1
DA:234,1
LF:78
LH:64
BRDA:28,0,0,9
BRDA:28,0,1,2
BRDA:43,1,0,0
BRDA:43,1,1,24
BRDA:43,2,0,24
BRDA:43,2,1,24
BRDA:47,3,0,24
BRDA:47,3,1,24
BRDA:51,4,0,12
BRDA:51,4,1,0
BRDA:60,5,0,10
BRDA:60,5,1,2
BRDA:64,6,0,3
BRDA:64,6,1,1
BRDA:64,7,0,4
BRDA:64,7,1,3
BRDA:69,8,0,12
BRDA:69,8,1,0
BRDA:69,9,0,12
BRDA:69,9,1,12
BRDA:74,10,0,0
BRDA:74,10,1,0
BRDA:74,11,0,0
BRDA:74,11,1,0
BRDA:79,12,0,0
BRDA:79,12,1,0
BRDA:80,13,0,0
BRDA:80,13,1,0
BRDA:84,14,0,0
BRDA:84,14,1,0
BRDA:87,15,0,0
BRDA:87,15,1,0
BRDA:96,16,0,0
BRDA:96,16,1,12
BRDA:96,17,0,12
BRDA:96,17,1,12
BRDA:100,18,0,0
BRDA:100,18,1,12
BRDA:100,19,0,12
BRDA:100,19,1,12
BRDA:105,20,0,12
BRDA:105,20,1,0
BRDA:105,21,0,12
BRDA:105,21,1,10
BRDA:105,21,2,10
BRDA:112,22,0,12
BRDA:112,22,1,0
BRDA:114,23,0,12
BRDA:114,23,1,0
BRDA:115,24,0,12
BRDA:115,24,1,0
BRDA:116,25,0,12
BRDA:116,25,1,0
BRDA:117,26,0,12
BRDA:117,26,1,0
BRDA:123,27,0,0
BRDA:123,27,1,12
BRDA:123,28,0,12
BRDA:123,28,1,0
BRDA:125,29,0,1
BRDA:125,29,1,11
BRDA:125,30,0,12
BRDA:125,30,1,1
BRDA:135,31,0,0
BRDA:135,31,1,16
BRDA:146,32,0,11
BRDA:146,32,1,0
BRDA:155,33,0,0
BRDA:155,33,1,2
BRDA:161,34,0,0
BRDA:161,34,1,3
BRDA:161,35,0,3
BRDA:161,35,1,3
BRDA:166,36,0,3
BRDA:166,36,1,0
BRDA:180,37,0,1
BRDA:180,37,1,7
BRDA:192,38,0,1
BRDA:192,38,1,0
BRDA:212,39,0,4
BRDA:212,39,1,1
BRDA:221,40,0,2
BRDA:221,40,1,2
BRDA:233,41,0,1
BRDA:233,41,1,0
BRF:85
BRH:53
end_of_record
TN:
SF:src/services/run-to-route.ts
FN:17,routeFromRun
FNF:1
FNH:1
FNDA:7,routeFromRun
DA:18,7
DA:19,2
DA:22,5
LF:3
LH:3
BRDA:18,0,0,2
BRDA:18,0,1,5
BRF:2
BRH:2
end_of_record
TN:
SF:src/services/settings.ts
FN:44,settingsFile
FN:48,clamp
FN:53,parseSettings
FN:70,loadSettings
FN:83,saveSettings
FN:99,metersToDisplay
FN:103,kmToDisplay
FN:107,displayToKm
FN:112,paceToDisplay
FN:116,paceFromDisplay
FN:120,distanceUnitLabel
FN:124,distanceUnitSpoken
FN:129,distancePresets
FNF:13
FNH:5
FNDA:4,settingsFile
FNDA:4,clamp
FNDA:2,parseSettings
FNDA:3,loadSettings
FNDA:1,saveSettings
FNDA:0,metersToDisplay
FNDA:0,kmToDisplay
FNDA:0,displayToKm
FNDA:0,paceToDisplay
FNDA:0,paceFromDisplay
FNDA:0,distanceUnitLabel
FNDA:0,distanceUnitSpoken
FNDA:0,distancePresets
DA:30,1
DA:37,1
DA:38,1
DA:40,1
DA:42,1
DA:45,4
DA:49,4
DA:54,2
DA:55,0
DA:57,2
DA:58,2
DA:71,3
DA:72,3
DA:73,1
DA:75,2
DA:76,2
DA:79,0
DA:84,1
DA:85,1
DA:86,0
DA:88,1
DA:89,1
DA:90,1
DA:92,1
DA:100,0
DA:104,0
DA:108,0
DA:113,0
DA:117,0
DA:121,0
DA:125,0
DA:130,0
LF:32
LH:21
BRDA:54,0,0,0
BRDA:54,0,1,2
BRDA:54,1,0,2
BRDA:54,1,1,2
BRDA:59,2,0,1
BRDA:59,2,1,1
BRDA:60,3,0,2
BRDA:60,3,1,0
BRDA:63,4,0,2
BRDA:63,4,1,0
BRDA:72,5,0,1
BRDA:72,5,1,2
BRDA:85,6,0,0
BRDA:85,6,1,1
BRDA:89,7,0,1
BRDA:89,7,1,0
BRDA:100,8,0,0
BRDA:100,8,1,0
BRDA:104,9,0,0
BRDA:104,9,1,0
BRDA:108,10,0,0
BRDA:108,10,1,0
BRDA:113,11,0,0
BRDA:113,11,1,0
BRDA:117,12,0,0
BRDA:117,12,1,0
BRDA:121,13,0,0
BRDA:121,13,1,0
BRDA:125,14,0,0
BRDA:125,14,1,0
BRDA:130,15,0,0
BRDA:130,15,1,0
BRF:32
BRH:11
end_of_record
TN:
SF:src/services/training-presentation.ts
FN:3,planGoalLabel
FNF:1
FNH:1
FNDA:3,planGoalLabel
DA:4,3
DA:5,1
DA:7,2
DA:8,0
DA:10,2
LF:5
LH:4
BRDA:4,0,0,1
BRDA:4,0,1,2
BRDA:7,1,0,0
BRDA:7,1,1,2
BRDA:8,2,0,0
BRDA:8,2,1,0
BRDA:10,3,0,1
BRDA:10,3,1,1
BRF:8
BRH:5
end_of_record
TN:
SF:src/services/training.ts
FN:130,isWorkoutType
FN:134,isWorkoutStatus
FN:138,isTrainingLevel
FN:143,toDateKey
FN:150,isDateKey
FN:159,nextId
FN:164,createWorkout
FN:181,createPlan
FN:201,clampWeeks
FN:209,normalizePreferredDays
FN:214,(anonymous_10)
FN:216,(anonymous_11)
FN:253,positiveOrNull
FN:265,buildPlan
FN:287,parseDateKey
FN:292,addDays
FN:299,weekdayOf
FN:304,weekStartFor
FN:309,circularDistance
FN:319,rolesForWeek
FN:348,longFactorFor
FN:363,distanceFor
FN:412,generateWeek
FN:428,(anonymous_23)
FN:434,(anonymous_24)
FN:437,(anonymous_25)
FN:440,(anonymous_26)
FN:443,(anonymous_27)
FN:448,(anonymous_28)
FN:463,(anonymous_29)
FN:468,(anonymous_30)
FN:476,(anonymous_31)
FN:485,(anonymous_32)
FN:503,generateBlock
FN:529,workoutsOnDate
FN:530,(anonymous_35)
FN:534,workoutsFrom
FN:536,(anonymous_37)
FN:537,(anonymous_38)
FN:551,summarizeProgress
FN:557,(anonymous_40)
FN:562,(anonymous_41)
FN:563,(anonymous_42)
FN:564,(anonymous_43)
FN:566,(anonymous_44)
FN:567,(anonymous_45)
FN:573,addWorkouts
FN:577,(anonymous_47)
FN:578,(anonymous_48)
FN:582,removeWorkout
FN:583,(anonymous_50)
FN:594,replacePlannedWorkouts
FN:600,(anonymous_52)
FN:609,setWorkoutStatus
FN:617,(anonymous_54)
FN:627,trainingFile
FN:631,parseGoal
FN:646,parsePlan
FN:673,parseWorkout
FN:696,parseTraining
FN:704,(anonymous_60)
FN:710,loadTraining
FN:723,saveTraining
FNF:63
FNH:63
FNDA:5,isWorkoutType
FNDA:3,isWorkoutStatus
FNDA:13,isTrainingLevel
FNDA:238,toDateKey
FNDA:9,isDateKey
FNDA:11,nextId
FNDA:171,createWorkout
FNDA:25,createPlan
FNDA:41,clampWeeks
FNDA:91,normalizePreferredDays
FNDA:259,(anonymous_10)
FNDA:157,(anonymous_11)
FNDA:10,positiveOrNull
FNDA:11,buildPlan
FNDA:243,parseDateKey
FNDA:227,addDays
FNDA:16,weekdayOf
FNDA:9,weekStartFor
FNDA:204,circularDistance
FNDA:50,rolesForWeek
FNDA:151,longFactorFor
FNDA:151,distanceFor
FNDA:51,generateWeek
FNDA:151,(anonymous_23)
FNDA:101,(anonymous_24)
FNDA:100,(anonymous_25)
FNDA:50,(anonymous_26)
FNDA:100,(anonymous_27)
FNDA:151,(anonymous_28)
FNDA:2,(anonymous_29)
FNDA:52,(anonymous_30)
FNDA:151,(anonymous_31)
FNDA:201,(anonymous_32)
FNDA:5,generateBlock
FNDA:1,workoutsOnDate
FNDA:3,(anonymous_35)
FNDA:1,workoutsFrom
FNDA:3,(anonymous_37)
FNDA:1,(anonymous_38)
FNDA:1,summarizeProgress
FNDA:4,(anonymous_40)
FNDA:3,(anonymous_41)
FNDA:3,(anonymous_42)
FNDA:3,(anonymous_43)
FNDA:3,(anonymous_44)
FNDA:1,(anonymous_45)
FNDA:3,addWorkouts
FNDA:4,(anonymous_47)
FNDA:6,(anonymous_48)
FNDA:1,removeWorkout
FNDA:2,(anonymous_50)
FNDA:1,replacePlannedWorkouts
FNDA:3,(anonymous_52)
FNDA:3,setWorkoutStatus
FNDA:3,(anonymous_54)
FNDA:8,trainingFile
FNDA:2,parseGoal
FNDA:5,parsePlan
FNDA:7,parseWorkout
FNDA:5,parseTraining
FNDA:7,(anonymous_60)
FNDA:7,loadTraining
FNDA:1,saveTraining
DA:20,2
DA:24,2
DA:38,2
DA:49,2
DA:61,2
DA:101,2
DA:126,2
DA:131,5
DA:135,3
DA:139,13
DA:144,238
DA:145,238
DA:146,238
DA:147,238
DA:151,9
DA:156,2
DA:160,11
DA:161,11
DA:170,171
DA:189,25
DA:202,41
DA:203,25
DA:205,16
DA:210,91
DA:211,0
DA:213,91
DA:214,259
DA:216,157
DA:219,2
DA:222,2
DA:223,2
DA:229,2
DA:230,2
DA:231,2
DA:237,2
DA:254,10
DA:266,11
DA:270,11
DA:272,11
DA:288,243
DA:289,243
DA:293,227
DA:294,227
DA:295,227
DA:300,16
DA:305,9
DA:310,204
DA:311,204
DA:324,50
DA:325,0
DA:330,50
DA:332,50
DA:341,50
DA:342,50
DA:345,0
DA:349,151
DA:350,9
DA:352,142
DA:353,120
DA:355,22
DA:369,151
DA:379,151
DA:380,151
DA:382,151
DA:417,51
DA:418,51
DA:419,1
DA:422,50
DA:423,50
DA:424,50
DA:426,50
DA:427,50
DA:428,151
DA:430,50
DA:431,50
DA:434,101
DA:435,50
DA:436,50
DA:437,100
DA:438,49
DA:439,49
DA:440,50
DA:442,49
DA:443,100
DA:447,50
DA:448,151
DA:453,50
DA:454,50
DA:455,0
DA:457,50
DA:461,50
DA:462,1
DA:464,2
DA:468,50
DA:469,52
DA:472,50
DA:473,50
DA:475,50
DA:477,151
DA:478,151
DA:485,201
DA:487,50
DA:508,5
DA:509,5
DA:511,5
DA:512,5
DA:514,5
DA:515,40
DA:516,40
DA:517,40
DA:518,40
DA:519,40
DA:520,40
DA:523,5
DA:530,3
DA:535,1
DA:536,3
DA:537,1
DA:556,1
DA:557,4
DA:560,1
DA:562,3
DA:563,3
DA:564,3
DA:566,3
DA:567,1
DA:577,4
DA:578,6
DA:579,3
DA:583,2
DA:599,1
DA:600,3
DA:602,1
DA:615,3
DA:618,3
DA:628,8
DA:632,2
DA:634,2
DA:636,2
DA:647,5
DA:648,2
DA:650,3
DA:651,3
DA:652,1
DA:654,2
DA:658,2
DA:674,7
DA:675,0
DA:677,7
DA:678,7
DA:679,3
DA:681,4
DA:682,1
DA:685,3
DA:697,5
DA:698,0
DA:700,5
DA:701,5
DA:704,7
DA:707,5
DA:711,7
DA:712,7
DA:713,1
DA:715,6
DA:716,6
DA:719,1
DA:724,1
DA:725,1
DA:726,0
DA:728,1
DA:729,1
DA:730,1
DA:732,1
LF:173
LH:166
BRDA:131,0,0,5
BRDA:131,0,1,5
BRDA:135,1,0,3
BRDA:135,1,1,3
BRDA:139,2,0,13
BRDA:139,2,1,13
BRDA:151,3,0,9
BRDA:151,3,1,9
BRDA:171,4,0,171
BRDA:171,4,1,0
BRDA:190,5,0,25
BRDA:190,5,1,11
BRDA:202,6,0,25
BRDA:202,6,1,16
BRDA:202,7,0,41
BRDA:202,7,1,16
BRDA:210,8,0,0
BRDA:210,8,1,91
BRDA:214,9,0,259
BRDA:214,9,1,258
BRDA:214,9,2,256
BRDA:254,10,0,10
BRDA:254,10,1,0
BRDA:254,11,0,10
BRDA:254,11,1,10
BRDA:254,11,2,10
BRDA:266,12,0,11
BRDA:266,12,1,0
BRDA:275,13,0,1
BRDA:275,13,1,10
BRDA:276,14,0,1
BRDA:276,14,1,10
BRDA:276,15,0,11
BRDA:276,15,1,2
BRDA:279,16,0,9
BRDA:279,16,1,2
BRDA:280,17,0,10
BRDA:280,17,1,1
BRDA:324,18,0,0
BRDA:324,18,1,50
BRDA:330,19,0,2
BRDA:330,19,1,48
BRDA:330,20,0,50
BRDA:330,20,1,2
BRDA:341,21,0,50
BRDA:341,21,1,0
BRDA:349,22,0,9
BRDA:349,22,1,142
BRDA:352,23,0,120
BRDA:352,23,1,22
BRDA:380,24,0,6
BRDA:380,24,1,145
BRDA:415,25,0,9
BRDA:418,26,0,1
BRDA:418,26,1,50
BRDA:430,27,0,50
BRDA:430,27,1,0
BRDA:434,28,0,101
BRDA:434,28,1,54
BRDA:436,29,0,49
BRDA:436,29,1,1
BRDA:438,30,0,49
BRDA:438,30,1,0
BRDA:440,31,0,50
BRDA:440,31,1,1
BRDA:448,32,0,151
BRDA:448,32,1,101
BRDA:448,33,0,101
BRDA:448,33,1,100
BRDA:453,34,0,0
BRDA:453,34,1,50
BRDA:453,35,0,50
BRDA:453,35,1,49
BRDA:461,36,0,1
BRDA:461,36,1,49
BRDA:461,37,0,50
BRDA:461,37,1,49
BRDA:464,38,0,2
BRDA:464,38,1,0
BRDA:469,39,0,52
BRDA:469,39,1,0
BRDA:472,40,0,50
BRDA:472,40,1,8
BRDA:472,40,2,7
BRDA:473,41,0,48
BRDA:473,41,1,2
BRDA:485,42,0,101
BRDA:485,42,1,100
BRDA:485,43,0,100
BRDA:485,43,1,0
BRDA:506,44,0,5
BRDA:509,45,0,5
BRDA:509,45,1,5
BRDA:509,45,2,5
BRDA:516,46,0,10
BRDA:516,46,1,30
BRDA:519,47,0,40
BRDA:519,47,1,40
BRDA:537,48,0,0
BRDA:537,48,1,1
BRDA:537,49,0,1
BRDA:537,49,1,0
BRDA:557,50,0,4
BRDA:557,50,1,4
BRDA:600,51,0,3
BRDA:600,51,1,2
BRDA:613,52,0,1
BRDA:618,53,0,3
BRDA:618,53,1,0
BRDA:619,54,0,2
BRDA:619,54,1,1
BRDA:632,55,0,2
BRDA:632,55,1,0
BRDA:632,56,0,2
BRDA:632,56,1,2
BRDA:634,57,0,1
BRDA:634,57,1,1
BRDA:634,58,0,2
BRDA:634,58,1,2
BRDA:639,59,0,1
BRDA:639,59,1,1
BRDA:639,60,0,2
BRDA:639,60,1,1
BRDA:639,60,2,1
BRDA:642,61,0,1
BRDA:642,61,1,1
BRDA:642,62,0,2
BRDA:642,62,1,1
BRDA:647,63,0,2
BRDA:647,63,1,3
BRDA:647,64,0,5
BRDA:647,64,1,5
BRDA:651,65,0,1
BRDA:651,65,1,2
BRDA:654,66,0,2
BRDA:654,66,1,0
BRDA:660,67,0,1
BRDA:660,67,1,1
BRDA:663,68,0,2
BRDA:663,68,1,0
BRDA:664,69,0,2
BRDA:664,69,1,0
BRDA:674,70,0,0
BRDA:674,70,1,7
BRDA:674,71,0,7
BRDA:674,71,1,7
BRDA:678,72,0,3
BRDA:678,72,1,4
BRDA:678,73,0,7
BRDA:678,73,1,6
BRDA:678,73,2,5
BRDA:681,74,0,1
BRDA:681,74,1,3
BRDA:681,75,0,4
BRDA:681,75,1,4
BRDA:690,76,0,2
BRDA:690,76,1,1
BRDA:691,77,0,0
BRDA:691,77,1,3
BRDA:692,78,0,0
BRDA:692,78,1,3
BRDA:697,79,0,0
BRDA:697,79,1,5
BRDA:697,80,0,5
BRDA:697,80,1,5
BRDA:701,81,0,5
BRDA:701,81,1,0
BRDA:712,82,0,1
BRDA:712,82,1,6
BRDA:725,83,0,0
BRDA:725,83,1,1
BRDA:729,84,0,1
BRDA:729,84,1,0
BRF:173
BRH:147
end_of_record
